Log file open, 05/17/18 17:23:40
LogWindows: Failed to load 'aqProf.dll' (GetLastError=126)
LogWindows: File 'aqProf.dll' does not exist
LogWindows: Failed to load 'VtuneApi.dll' (GetLastError=126)
LogWindows: File 'VtuneApi.dll' does not exist
LogWindows: Failed to load 'VtuneApi32e.dll' (GetLastError=126)
LogWindows: File 'VtuneApi32e.dll' does not exist
LogInit: Display: Running engine for game: Cameleonul
LogPlatformFile: Not using cached read wrapper
LogInit: Display: RandInit(877086985) SRandInit(877086985).
LogInit: Read version file with build ID '3944462'
LogInit: Overriding engine version to CL 3989454, compatible CL 3944462
LogInit: Registered custom module enumerator with build ID '3944462'
LogTaskGraph: Started task graph with 5 named threads and 23 total threads with 3 sets of task threads.
LogStats: Stats thread started at 2.633594
LogD3D11RHI: Aftermath initialized
LogICUInternationalization: Display: ICU TimeZone Detection - Raw Offset: +2:00, Platform Override: ''
LogModuleManager: Display: Found up-to-date module file ../../../Engine/Plugins/2D/Paper2D/Binaries/Win64/UE4Editor-Paper2D.dll (API version 3944462).
LogModuleManager: Display: Found up-to-date module file ../../../Engine/Plugins/2D/Paper2D/Binaries/Win64/UE4Editor-Paper2DEditor.dll (API version 3944462).
LogModuleManager: Display: Found up-to-date module file ../../../Engine/Plugins/2D/Paper2D/Binaries/Win64/UE4Editor-PaperSpriteSheetImporter.dll (API version 3944462).
LogModuleManager: Display: Found up-to-date module file ../../../Engine/Plugins/2D/Paper2D/Binaries/Win64/UE4Editor-PaperTiledImporter.dll (API version 3944462).
LogModuleManager: Display: Found up-to-date module file ../../../Engine/Plugins/2D/Paper2D/Binaries/Win64/UE4Editor-SmartSnapping.dll (API version 3944462).
LogModuleManager: Display: Found up-to-date module file ../../../Engine/Plugins/Blendables/LightPropagationVolume/Binaries/Win64/UE4Editor-LightPropagationVolumeRuntime.dll (API version 3944462).
LogModuleManager: Display: Found up-to-date module file ../../../Engine/Plugins/Blendables/LightPropagationVolume/Binaries/Win64/UE4Editor-LightPropagationVolumeEditor.dll (API version 3944462).
LogModuleManager: Display: Found up-to-date module file ../../../Engine/Plugins/Developer/CLionSourceCodeAccess/Binaries/Win64/UE4Editor-CLionSourceCodeAccess.dll (API version 3944462).
LogModuleManager: Display: Found up-to-date module file ../../../Engine/Plugins/Developer/GitSourceControl/Binaries/Win64/UE4Editor-GitSourceControl.dll (API version 3944462).
LogModuleManager: Display: Found up-to-date module file ../../../Engine/Plugins/Developer/PerforceSourceControl/Binaries/Win64/UE4Editor-PerforceSourceControl.dll (API version 3944462).
LogModuleManager: Display: Found up-to-date module file ../../../Engine/Plugins/Developer/SubversionSourceControl/Binaries/Win64/UE4Editor-SubversionSourceControl.dll (API version 3944462).
LogModuleManager: Display: Found up-to-date module file ../../../Engine/Plugins/Developer/UObjectPlugin/Binaries/Win64/UE4Editor-UObjectPlugin.dll (API version 3944462).
LogModuleManager: Display: Found up-to-date module file ../../../Engine/Plugins/Developer/VisualStudioCodeSourceCodeAccess/Binaries/Win64/UE4Editor-VisualStudioCodeSourceCodeAccess.dll (API version 3944462).
LogModuleManager: Display: Found up-to-date module file ../../../Engine/Plugins/Developer/VisualStudioSourceCodeAccess/Binaries/Win64/UE4Editor-VisualStudioSourceCodeAccess.dll (API version 3944462).
LogModuleManager: Display: Found up-to-date module file ../../../Engine/Plugins/Editor/AssetManagerEditor/Binaries/Win64/UE4Editor-AssetManagerEditor.dll (API version 3944462).
LogModuleManager: Display: Found up-to-date module file ../../../Engine/Plugins/Editor/CryptoKeys/Binaries/Win64/UE4Editor-CryptoKeys.dll (API version 3944462).
LogModuleManager: Display: Found up-to-date module file ../../../Engine/Plugins/Editor/CryptoKeys/Binaries/Win64/UE4Editor-CryptoKeysOpenSSL.dll (API version 3944462).
LogModuleManager: Display: Found up-to-date module file ../../../Engine/Plugins/Editor/DataValidation/Binaries/Win64/UE4Editor-DataValidation.dll (API version 3944462).
LogModuleManager: Display: Found up-to-date module file ../../../Engine/Plugins/Editor/FacialAnimation/Binaries/Win64/UE4Editor-FacialAnimation.dll (API version 3944462).
LogModuleManager: Display: Found up-to-date module file ../../../Engine/Plugins/Editor/FacialAnimation/Binaries/Win64/UE4Editor-FacialAnimationEditor.dll (API version 3944462).
LogModuleManager: Display: Found up-to-date module file ../../../Engine/Plugins/Editor/GameplayTagsEditor/Binaries/Win64/UE4Editor-GameplayTagsEditor.dll (API version 3944462).
LogModuleManager: Display: Found up-to-date module file ../../../Engine/Plugins/Editor/MobileLauncherProfileWizard/Binaries/Win64/UE4Editor-MobileLauncherProfileWizard.dll (API version 3944462).
LogModuleManager: Display: Found up-to-date module file ../../../Engine/Plugins/Editor/PluginBrowser/Binaries/Win64/UE4Editor-PluginBrowser.dll (API version 3944462).
LogModuleManager: Display: Found up-to-date module file ../../../Engine/Plugins/Editor/SpeedTreeImporter/Binaries/Win64/UE4Editor-SpeedTreeImporter.dll (API version 3944462).
LogModuleManager: Display: Found up-to-date module file ../../../Engine/Plugins/Enterprise/DatasmithContent/Binaries/Win64/UE4Editor-DatasmithContent.dll (API version 3944462).
LogModuleManager: Display: Found up-to-date module file ../../../Engine/Plugins/Experimental/AlembicImporter/Binaries/Win64/UE4Editor-AlembicImporter.dll (API version 3944462).
LogModuleManager: Display: Found up-to-date module file ../../../Engine/Plugins/Experimental/AlembicImporter/Binaries/Win64/UE4Editor-AlembicLibrary.dll (API version 3944462).
LogModuleManager: Display: Found up-to-date module file ../../../Engine/Plugins/Experimental/CharacterAI/Binaries/Win64/UE4Editor-CharacterAI.dll (API version 3944462).
LogModuleManager: Display: Found up-to-date module file ../../../Engine/Plugins/Experimental/HTML5Networking/Binaries/Win64/UE4Editor-HTML5Networking.dll (API version 3944462).
LogModuleManager: Display: Found up-to-date module file ../../../Engine/Plugins/Media/AndroidMedia/Binaries/Win64/UE4Editor-AndroidMediaEditor.dll (API version 3944462).
LogModuleManager: Display: Found up-to-date module file ../../../Engine/Plugins/Media/AndroidMedia/Binaries/Win64/UE4Editor-AndroidMediaFactory.dll (API version 3944462).
LogModuleManager: Display: Found up-to-date module file ../../../Engine/Plugins/Media/AvfMedia/Binaries/Win64/UE4Editor-AvfMediaEditor.dll (API version 3944462).
LogModuleManager: Display: Found up-to-date module file ../../../Engine/Plugins/Media/AvfMedia/Binaries/Win64/UE4Editor-AvfMediaFactory.dll (API version 3944462).
LogModuleManager: Display: Found up-to-date module file ../../../Engine/Plugins/Media/AvfMedia/Binaries/Win64/UE4Editor-AvfMediaFactory.dll (API version 3944462).
LogModuleManager: Display: Found up-to-date module file ../../../Engine/Plugins/Media/ImgMedia/Binaries/Win64/UE4Editor-ImgMedia.dll (API version 3944462).
LogModuleManager: Display: Found up-to-date module file ../../../Engine/Plugins/Media/ImgMedia/Binaries/Win64/UE4Editor-ImgMediaEditor.dll (API version 3944462).
LogModuleManager: Display: Found up-to-date module file ../../../Engine/Plugins/Media/ImgMedia/Binaries/Win64/UE4Editor-ImgMediaFactory.dll (API version 3944462).
LogModuleManager: Display: Found up-to-date module file ../../../Engine/Plugins/Media/ImgMedia/Binaries/Win64/UE4Editor-ImgMediaFactory.dll (API version 3944462).
LogModuleManager: Display: Found up-to-date module file ../../../Engine/Plugins/Media/ImgMedia/Binaries/Win64/UE4Editor-OpenExrWrapper.dll (API version 3944462).
LogModuleManager: Display: Found up-to-date module file ../../../Engine/Plugins/Media/LinearTimecode/Binaries/Win64/UE4Editor-LinearTimecode.dll (API version 3944462).
LogModuleManager: Display: Found up-to-date module file ../../../Engine/Plugins/Media/MediaCompositing/Binaries/Win64/UE4Editor-MediaCompositing.dll (API version 3944462).
LogModuleManager: Display: Found up-to-date module file ../../../Engine/Plugins/Media/MediaCompositing/Binaries/Win64/UE4Editor-MediaCompositingEditor.dll (API version 3944462).
LogModuleManager: Display: Found up-to-date module file ../../../Engine/Plugins/Media/MediaPlayerEditor/Binaries/Win64/UE4Editor-MediaPlayerEditor.dll (API version 3944462).
LogModuleManager: Display: Found up-to-date module file ../../../Engine/Plugins/Media/WmfMedia/Binaries/Win64/UE4Editor-WmfMedia.dll (API version 3944462).
LogModuleManager: Display: Found up-to-date module file ../../../Engine/Plugins/Media/WmfMedia/Binaries/Win64/UE4Editor-WmfMediaEditor.dll (API version 3944462).
LogModuleManager: Display: Found up-to-date module file ../../../Engine/Plugins/Media/WmfMedia/Binaries/Win64/UE4Editor-WmfMediaFactory.dll (API version 3944462).
LogModuleManager: Display: Found up-to-date module file ../../../Engine/Plugins/Media/WmfMedia/Binaries/Win64/UE4Editor-WmfMediaFactory.dll (API version 3944462).
LogModuleManager: Display: Found up-to-date module file ../../../Engine/Plugins/Messaging/TcpMessaging/Binaries/Win64/UE4Editor-TcpMessaging.dll (API version 3944462).
LogModuleManager: Display: Found up-to-date module file ../../../Engine/Plugins/Messaging/UdpMessaging/Binaries/Win64/UE4Editor-UdpMessaging.dll (API version 3944462).
LogModuleManager: Display: Found up-to-date module file ../../../Engine/Plugins/MovieScene/ActorSequence/Binaries/Win64/UE4Editor-ActorSequence.dll (API version 3944462).
LogModuleManager: Display: Found up-to-date module file ../../../Engine/Plugins/MovieScene/LevelSequenceEditor/Binaries/Win64/UE4Editor-LevelSequenceEditor.dll (API version 3944462).
LogModuleManager: Display: Found up-to-date module file ../../../Engine/Plugins/MovieScene/MatineeToLevelSequence/Binaries/Win64/UE4Editor-MatineeToLevelSequence.dll (API version 3944462).
LogModuleManager: Display: Found up-to-date module file ../../../Engine/Plugins/NetcodeUnitTest/NetcodeUnitTest/Binaries/Win64/UE4Editor-NetcodeUnitTest.dll (API version 3944462).
LogModuleManager: Display: Found up-to-date module file ../../../Engine/Plugins/NetcodeUnitTest/NUTUnrealEngine4/Binaries/Win64/UE4Editor-NUTUnrealEngine4.dll (API version 3944462).
LogModuleManager: Display: Found up-to-date module file ../../../Engine/Plugins/Online/OnlineSubsystem/Binaries/Win64/UE4Editor-OnlineSubsystem.dll (API version 3944462).
LogModuleManager: Display: Found up-to-date module file ../../../Engine/Plugins/Runtime/AndroidPermission/Binaries/Win64/UE4Editor-AndroidPermission.dll (API version 3944462).
LogModuleManager: Display: Found up-to-date module file ../../../Engine/Plugins/Online/OnlineSubsystemNull/Binaries/Win64/UE4Editor-OnlineSubsystemNull.dll (API version 3944462).
LogModuleManager: Display: Found up-to-date module file ../../../Engine/Plugins/Online/OnlineSubsystemUtils/Binaries/Win64/UE4Editor-OnlineSubsystemUtils.dll (API version 3944462).
LogModuleManager: Display: Found up-to-date module file ../../../Engine/Plugins/Online/OnlineSubsystemUtils/Binaries/Win64/UE4Editor-OnlineBlueprintSupport.dll (API version 3944462).
LogModuleManager: Display: Found up-to-date module file ../../../Engine/Plugins/Runtime/AndroidDeviceProfileSelector/Binaries/Win64/UE4Editor-AndroidDeviceProfileSelector.dll (API version 3944462).
LogModuleManager: Display: Found up-to-date module file ../../../Engine/Plugins/Runtime/AppleARKit/Binaries/Win64/UE4Editor-AppleARKit.dll (API version 3944462).
LogModuleManager: Display: Found up-to-date module file ../../../Engine/Plugins/Runtime/ProceduralMeshComponent/Binaries/Win64/UE4Editor-ProceduralMeshComponent.dll (API version 3944462).
LogModuleManager: Display: Found up-to-date module file ../../../Engine/Plugins/Runtime/ProceduralMeshComponent/Binaries/Win64/UE4Editor-ProceduralMeshComponentEditor.dll (API version 3944462).
LogModuleManager: Display: Found up-to-date module file ../../../Engine/Plugins/Animation/LiveLink/Binaries/Win64/UE4Editor-LiveLink.dll (API version 3944462).
LogModuleManager: Display: Found up-to-date module file ../../../Engine/Plugins/Animation/LiveLink/Binaries/Win64/UE4Editor-LiveLinkEditor.dll (API version 3944462).
LogModuleManager: Display: Found up-to-date module file ../../../Engine/Plugins/Runtime/ArchVisCharacter/Binaries/Win64/UE4Editor-ArchVisCharacter.dll (API version 3944462).
LogModuleManager: Display: Found up-to-date module file ../../../Engine/Plugins/Runtime/AudioCapture/Binaries/Win64/UE4Editor-AudioCapture.dll (API version 3944462).
LogModuleManager: Display: Found up-to-date module file ../../../Engine/Plugins/Runtime/AudioCapture/Binaries/Win64/UE4Editor-AudioCaptureEditor.dll (API version 3944462).
LogModuleManager: Display: Found up-to-date module file ../../../Engine/Plugins/Runtime/CableComponent/Binaries/Win64/UE4Editor-CableComponent.dll (API version 3944462).
LogModuleManager: Display: Found up-to-date module file ../../../Engine/Plugins/Runtime/CustomMeshComponent/Binaries/Win64/UE4Editor-CustomMeshComponent.dll (API version 3944462).
LogModuleManager: Display: Found up-to-date module file ../../../Engine/Plugins/Runtime/ExampleDeviceProfileSelector/Binaries/Win64/UE4Editor-ExampleDeviceProfileSelector.dll (API version 3944462).
LogModuleManager: Display: Found up-to-date module file ../../../Engine/Plugins/Runtime/ImmediatePhysics/Binaries/Win64/UE4Editor-ImmediatePhysics.dll (API version 3944462).
LogModuleManager: Display: Found up-to-date module file ../../../Engine/Plugins/Runtime/ImmediatePhysics/Binaries/Win64/UE4Editor-ImmediatePhysicsEditor.dll (API version 3944462).
LogModuleManager: Display: Found up-to-date module file ../../../Engine/Plugins/Runtime/LocationServicesBPLibrary/Binaries/Win64/UE4Editor-LocationServicesBPLibrary.dll (API version 3944462).
LogModuleManager: Display: Found up-to-date module file ../../../Engine/Plugins/Runtime/MobilePatchingUtils/Binaries/Win64/UE4Editor-MobilePatchingUtils.dll (API version 3944462).
LogModuleManager: Display: Found up-to-date module file ../../../Engine/Plugins/Runtime/Oculus/OculusVR/Binaries/Win64/UE4Editor-OculusHMD.dll (API version 3944462).
LogModuleManager: Display: Found up-to-date module file ../../../Engine/Plugins/Runtime/Oculus/OculusVR/Binaries/Win64/UE4Editor-OculusInput.dll (API version 3944462).
LogModuleManager: Display: Found up-to-date module file ../../../Engine/Plugins/Runtime/Oculus/OculusVR/Binaries/Win64/UE4Editor-OculusEditor.dll (API version 3944462).
LogModuleManager: Display: Found up-to-date module file ../../../Engine/Plugins/Runtime/PhysXVehicles/Binaries/Win64/UE4Editor-PhysXVehicles.dll (API version 3944462).
LogModuleManager: Display: Found up-to-date module file ../../../Engine/Plugins/Runtime/PhysXVehicles/Binaries/Win64/UE4Editor-PhysXVehiclesEditor.dll (API version 3944462).
LogModuleManager: Display: Found up-to-date module file ../../../Engine/Plugins/Runtime/RuntimePhysXCooking/Binaries/Win64/UE4Editor-RuntimePhysXCooking.dll (API version 3944462).
LogModuleManager: Display: Found up-to-date module file ../../../Engine/Plugins/Runtime/Steam/SteamVR/Binaries/Win64/UE4Editor-SteamVR.dll (API version 3944462).
LogModuleManager: Display: Found up-to-date module file ../../../Engine/Plugins/Runtime/Steam/SteamVR/Binaries/Win64/UE4Editor-SteamVRController.dll (API version 3944462).
LogModuleManager: Display: Found up-to-date module file ../../../Engine/Plugins/Runtime/WindowsMoviePlayer/Binaries/Win64/UE4Editor-WindowsMoviePlayer.dll (API version 3944462).
LogPluginManager: Mounting plugin Paper2D
LogPluginManager: Mounting plugin LiveLink
LogPluginManager: Mounting plugin LightPropagationVolume
LogPluginManager: Mounting plugin CLionSourceCodeAccess
LogPluginManager: Mounting plugin CodeLiteSourceCodeAccess
LogPluginManager: Mounting plugin GitSourceControl
LogPluginManager: Mounting plugin KDevelopSourceCodeAccess
LogPluginManager: Mounting plugin NullSourceCodeAccess
LogPluginManager: Mounting plugin PerforceSourceControl
LogPluginManager: Mounting plugin SubversionSourceControl
LogPluginManager: Mounting plugin UObjectPlugin
LogPluginManager: Mounting plugin VisualStudioCodeSourceCodeAccess
LogPluginManager: Mounting plugin VisualStudioSourceCodeAccess
LogPluginManager: Mounting plugin XCodeSourceCodeAccess
LogPluginManager: Mounting plugin AssetManagerEditor
LogPluginManager: Mounting plugin CryptoKeys
LogPluginManager: Mounting plugin DataValidation
LogPluginManager: Mounting plugin FacialAnimation
LogPluginManager: Mounting plugin GameplayTagsEditor
LogPluginManager: Mounting plugin MobileLauncherProfileWizard
LogPluginManager: Mounting plugin PluginBrowser
LogPluginManager: Mounting plugin SpeedTreeImporter
LogPluginManager: Mounting plugin DatasmithContent
LogPluginManager: Mounting plugin AlembicImporter
LogPluginManager: Mounting plugin CharacterAI
LogPluginManager: Mounting plugin HTML5Networking
LogPluginManager: Mounting plugin AndroidMedia
LogPluginManager: Mounting plugin AvfMedia
LogPluginManager: Mounting plugin ImgMedia
LogPluginManager: Mounting plugin LinearTimecode
LogPluginManager: Mounting plugin MediaCompositing
LogPluginManager: Mounting plugin MediaPlayerEditor
LogPluginManager: Mounting plugin WmfMedia
LogPluginManager: Mounting plugin TcpMessaging
LogPluginManager: Mounting plugin UdpMessaging
LogPluginManager: Mounting plugin ActorSequence
LogPluginManager: Mounting plugin LevelSequenceEditor
LogPluginManager: Mounting plugin MatineeToLevelSequence
LogPluginManager: Mounting plugin NetcodeUnitTest
LogPluginManager: Mounting plugin NUTUnrealEngine4
LogPluginManager: Mounting plugin OnlineSubsystemGooglePlay
LogPluginManager: Mounting plugin OnlineSubsystemIOS
LogPluginManager: Mounting plugin OnlineSubsystem
LogPluginManager: Mounting plugin OnlineSubsystemNull
LogPluginManager: Mounting plugin OnlineSubsystemUtils
LogPluginManager: Mounting plugin AndroidDeviceProfileSelector
LogPluginManager: Mounting plugin AndroidMoviePlayer
LogPluginManager: Mounting plugin AndroidPermission
LogPluginManager: Mounting plugin AppleARKit
LogPluginManager: Mounting plugin AppleMoviePlayer
LogPluginManager: Mounting plugin ArchVisCharacter
LogPluginManager: Mounting plugin AudioCapture
LogPluginManager: Mounting plugin CableComponent
LogPluginManager: Mounting plugin CustomMeshComponent
LogPluginManager: Mounting plugin ExampleDeviceProfileSelector
LogPluginManager: Mounting plugin GoogleCloudMessaging
LogPluginManager: Mounting plugin ImmediatePhysics
LogPluginManager: Mounting plugin IOSDeviceProfileSelector
LogPluginManager: Mounting plugin LinuxDeviceProfileSelector
LogPluginManager: Mounting plugin LocationServicesBPLibrary
LogPluginManager: Mounting plugin MobilePatchingUtils
LogPluginManager: Mounting plugin OculusVR
LogPluginManager: Plugin shader directory ../../../Engine/Plugins/Runtime/Oculus/OculusVR/Shaders found
LogPluginManager: Mapping shader source directory ../../../Engine/Plugins/Runtime/Oculus/OculusVR/Shaders to virtual directory /Plugin/OculusVR
LogPluginManager: Mounting plugin PhysXVehicles
LogPluginManager: Mounting plugin ProceduralMeshComponent
LogPluginManager: Mounting plugin RuntimePhysXCooking
LogPluginManager: Mounting plugin SteamVR
LogPluginManager: Mounting plugin WindowsMoviePlayer
LogStreaming: Display: Took  4.666s to configure plugins.
LogInit: Using libcurl 7.47.1
LogInit:  - built for x86_64-pc-win32
LogInit:  - supports SSL with OpenSSL/1.0.2g
LogInit:  - supports HTTP deflate (compression) using libz 1.2.8
LogInit:  - other features:
LogInit:      CURL_VERSION_SSL
LogInit:      CURL_VERSION_LIBZ
LogInit:      CURL_VERSION_IPV6
LogInit:      CURL_VERSION_ASYNCHDNS
LogInit:      CURL_VERSION_LARGEFILE
LogInit:      CURL_VERSION_IDN
LogInit:  CurlRequestOptions (configurable via config and command line):
LogInit:  - bVerifyPeer = false  - Libcurl will NOT verify peer certificate
LogInit:  - bUseHttpProxy = false  - Libcurl will NOT use HTTP proxy
LogInit:  - bDontReuseConnections = false  - Libcurl will reuse connections
LogInit:  - CertBundlePath = nullptr  - Libcurl will use whatever was configured at build time.
LogInit:  - MaxHostConnections = 16  - Libcurl will limit the number of connections to a host
LogInit:  - LocalHostAddr = Default
LogInit: WinSock: version 1.1 (2.2), MaxSocks=32767, MaxUdp=65467
LogInit: WinSock: I am DESKTOP-KGKR5TQ (192.168.56.1:0)
LogInit: Build: ++UE4+Release-4.19-CL-3989454
LogInit: Engine Version: 4.19.1-3989454+++UE4+Release-4.19
LogInit: Compatible Engine Version: 4.19.0-3944462+++UE4+Release-4.19
LogInit: Net CL: 3944462
LogDevObjectVersion: Number of dev versions registered: 18
LogDevObjectVersion:   Dev-Blueprints (B0D832E4-1F89-4F0D-ACCF-7EB736FD4AA2): 10
LogDevObjectVersion:   Dev-Build (E1C64328-A22C-4D53-A36C-8E866417BD8C): 0
LogDevObjectVersion:   Dev-Core (375EC13C-06E4-48FB-B500-84F0262A717E): 2
LogDevObjectVersion:   Dev-Editor (E4B068ED-F494-42E9-A231-DA0B2E46BB41): 23
LogDevObjectVersion:   Dev-Framework (CFFC743F-43B0-4480-9391-14DF171D2073): 33
LogDevObjectVersion:   Dev-Mobile (B02B49B5-BB20-44E9-A304-32B752E40360): 2
LogDevObjectVersion:   Dev-Networking (A4E4105C-59A1-49B5-A7C5-40C4547EDFEE): 0
LogDevObjectVersion:   Dev-Online (39C831C9-5AE6-47DC-9A44-9C173E1C8E7C): 0
LogDevObjectVersion:   Dev-Physics (78F01B33-EBEA-4F98-B9B4-84EACCB95AA2): 0
LogDevObjectVersion:   Dev-Platform (6631380F-2D4D-43E0-8009-CF276956A95A): 0
LogDevObjectVersion:   Dev-Rendering (12F88B9F-8875-4AFC-A67C-D90C383ABD29): 25
LogDevObjectVersion:   Dev-Sequencer (7B5AE74C-D270-4C10-A958-57980B212A5A): 6
LogDevObjectVersion:   Dev-VR (D7296918-1DD6-4BDD-9DE2-64A83CC13884): 1
LogDevObjectVersion:   Dev-LoadTimes (C2A15278-BFE7-4AFE-6C17-90FF531DF755): 1
LogDevObjectVersion:   Private-Geometry (6EACA3D4-40EC-4CC1-B786-8BED09428FC5): 2
LogDevObjectVersion:   Dev-AnimPhys (29E575DD-E0A3-4627-9D10-D276232CDCEA): 16
LogDevObjectVersion:   Dev-ReflectionCapture (6B266CEC-1EC7-4B8F-A30B-E4D90942FC07): 1
LogDevObjectVersion:   Dev-Automation (0DF73D61-A23F-47EA-B727-89E90C41499A): 1
LogInit: Compiled (64-bit): Apr  6 2018 12:26:04
LogInit: Compiled with Visual C++: 19.00.24215.01
LogInit: Build Configuration: Development
LogInit: Branch Name: ++UE4+Release-4.19
LogInit: Command Line:  
LogInit: Base Directory: C:/Program Files/Epic Games/UE_4.19/Engine/Binaries/Win64/
LogInit: Installed Engine Build: 1
LogStreaming: Display: Took  0.001s to delete old logs.
LogInit: Presizing for max 8388607 objects, including 0 objects not considered by GC, pre-allocating 0 bytes for permanent pool.
LogInit: Object subsystem initialized
[2018.05.17-14.23.45:766][  0]LogInit: Selected Device Profile: [Windows]
[2018.05.17-14.23.45:766][  0]LogInit: Applying CVar settings loaded from the selected device profile: [Windows]
[2018.05.17-14.23.45:926][  0]LogInit: Computer: DESKTOP-KGKR5TQ
[2018.05.17-14.23.45:926][  0]LogInit: User: Samy
[2018.05.17-14.23.45:926][  0]LogInit: CPU Page size=4096, Cores=4
[2018.05.17-14.23.45:926][  0]LogInit: High frequency timer resolution =2.742187 MHz
[2018.05.17-14.23.45:926][  0]LogMemory: Memory total: Physical=7.9GB (8GB approx)
[2018.05.17-14.23.45:926][  0]LogMemory: Platform Memory Stats for Windows
[2018.05.17-14.23.45:926][  0]LogMemory: Process Physical Memory: 276.08 MB used, 276.08 MB peak
[2018.05.17-14.23.45:926][  0]LogMemory: Process Virtual Memory: 280.82 MB used, 280.82 MB peak
[2018.05.17-14.23.45:926][  0]LogMemory: Physical Memory: 5394.99 MB used,  2681.84 MB free, 8076.83 MB total
[2018.05.17-14.23.45:926][  0]LogMemory: Virtual Memory: 713.88 MB used,  2681.84 MB free, 134217728.00 MB total
[2018.05.17-14.23.47:516][  0]LogInit: Using OS detected language (ro-RO).
[2018.05.17-14.23.47:517][  0]LogInit: Using OS detected locale (ro-RO).
[2018.05.17-14.23.47:907][  0]LogTextLocalizationManager: No localization for 'ro-RO' exists, so 'en' will be used for the language.
[2018.05.17-14.23.48:876][  0]LogStreaming: Display: Took  1.360s to EndInitTextLocalization.
[2018.05.17-14.23.48:921][  0]LogInit: Setting process to per monitor DPI aware
[2018.05.17-14.23.49:913][  0]LogSlate: New Slate User Created.  User Index 0, Is Virtual User: 0
[2018.05.17-14.23.49:913][  0]LogSlate: Slate User Registered.  User Index 0, Is Virtual User: 0
[2018.05.17-14.23.55:684][  0]LogD3D11RHI: D3D11 adapters:
[2018.05.17-14.23.57:599][  0]LogD3D11RHI:    0. 'NVIDIA GeForce GTX 1050' (Feature Level 11_0)
[2018.05.17-14.23.57:599][  0]LogD3D11RHI:       4021/0/4038 MB DedicatedVideo/DedicatedSystem/SharedSystem, Outputs:1, VendorId:0x10de
[2018.05.17-14.23.57:610][  0]LogD3D11RHI:    1. 'Intel(R) HD Graphics 630' (Feature Level 11_0)
[2018.05.17-14.23.57:610][  0]LogD3D11RHI:       128/0/4038 MB DedicatedVideo/DedicatedSystem/SharedSystem, Outputs:0, VendorId:0x8086
[2018.05.17-14.23.57:612][  0]LogD3D11RHI:    2. 'Microsoft Basic Render Driver' (Feature Level 11_0)
[2018.05.17-14.23.57:612][  0]LogD3D11RHI:       0/0/4038 MB DedicatedVideo/DedicatedSystem/SharedSystem, Outputs:0, VendorId:0x1414
[2018.05.17-14.23.57:612][  0]LogD3D11RHI: Chosen D3D11 Adapter: 0
[2018.05.17-14.23.57:634][  0]LogD3D11RHI: Creating new Direct3DDevice
[2018.05.17-14.23.57:634][  0]LogD3D11RHI:     GPU DeviceId: 0x1c8d (for the marketing name, search the web for "GPU Device Id")
[2018.05.17-14.23.57:634][  0]LogWindows: EnumDisplayDevices:
[2018.05.17-14.23.57:634][  0]LogWindows:    0. 'Intel(R) HD Graphics 630' (P:1 D:1)
[2018.05.17-14.23.57:634][  0]LogWindows:    1. 'Intel(R) HD Graphics 630' (P:0 D:0)
[2018.05.17-14.23.57:634][  0]LogWindows:    2. 'Intel(R) HD Graphics 630' (P:0 D:0)
[2018.05.17-14.23.57:634][  0]LogWindows: DebugString: GetVideoDriverDetailsInvalid PrimaryIsNotTheChoosenAdapter GetVideoDriverDetailsInvalid PrimaryIsNotTheChoosenAdapter GetVideoDriverDetailsInvalid PrimaryIsNotTheChoosenAdapter FoundDriverCount:0 
[2018.05.17-14.23.57:634][  0]LogD3D11RHI:     Adapter Name: NVIDIA GeForce GTX 1050
[2018.05.17-14.23.57:634][  0]LogD3D11RHI:   Driver Version: Unknown (internal:Unknown, unified:Unknown)
[2018.05.17-14.23.57:634][  0]LogD3D11RHI:      Driver Date: Unknown
[2018.05.17-14.23.57:634][  0]LogRHI: Texture pool is 2814 MB (70% of 4021 MB)
[2018.05.17-14.23.57:770][  0]LogD3D11RHI: [Aftermath] Aftermath enabled and primed
[2018.05.17-14.23.57:770][  0]LogD3D11RHI: [Aftermath] Aftermath enabled and primed
[2018.05.17-14.23.57:770][  0]LogD3D11RHI: Async texture creation enabled
[2018.05.17-14.23.57:990][  0]LogD3D11RHI: GPU Timing Frequency: 1000.000000 (Debug: 2 2)
[2018.05.17-14.23.58:107][  0]LogShaderCompilers: Guid format shader working directory is -20 characters bigger than the processId version (../../../../../../Users/Samy/Documents/GitHub/Game-2D-Color-Rush/Intermediate/Shaders/WorkingDirectory/16492/).
[2018.05.17-14.23.58:113][  0]LogShaderCompilers: Cleaned the shader compiler working directory 'C:/Users/Samy/AppData/Local/Temp/UnrealShaderWorkingDir/059A39694A6AAED0411EBC94ED2A6A8D/'.
[2018.05.17-14.24.00:660][  0]LogTemp: Display: Loaded TP AllDesktopTargetPlatform
[2018.05.17-14.24.00:673][  0]LogTemp: Display: Loaded TP MacClientTargetPlatform
[2018.05.17-14.24.00:688][  0]LogTemp: Display: Loaded TP MacNoEditorTargetPlatform
[2018.05.17-14.24.00:702][  0]LogTemp: Display: Loaded TP MacServerTargetPlatform
[2018.05.17-14.24.00:740][  0]LogTemp: Display: Loaded TP MacTargetPlatform
[2018.05.17-14.24.00:754][  0]LogTemp: Display: Loaded TP WindowsClientTargetPlatform
[2018.05.17-14.24.00:769][  0]LogTemp: Display: Loaded TP WindowsNoEditorTargetPlatform
[2018.05.17-14.24.00:786][  0]LogTemp: Display: Loaded TP WindowsServerTargetPlatform
[2018.05.17-14.24.00:792][  0]LogTemp: Display: Loaded TP WindowsTargetPlatform
[2018.05.17-14.24.00:804][  0]LogTemp: Display: Loaded TP Android_ASTCTargetPlatform
[2018.05.17-14.24.00:817][  0]LogTemp: Display: Loaded TP Android_ATCTargetPlatform
[2018.05.17-14.24.00:831][  0]LogTemp: Display: Loaded TP Android_DXTTargetPlatform
[2018.05.17-14.24.00:847][  0]LogTemp: Display: Loaded TP Android_ETC1aTargetPlatform
[2018.05.17-14.24.00:860][  0]LogTemp: Display: Loaded TP Android_ETC1TargetPlatform
[2018.05.17-14.24.00:873][  0]LogTemp: Display: Loaded TP Android_ETC2TargetPlatform
[2018.05.17-14.24.00:901][  0]LogTemp: Display: Loaded TP Android_MultiTargetPlatform
[2018.05.17-14.24.00:901][  0]LogTemp: Display: Loaded TP Android_PVRTCTargetPlatform
[2018.05.17-14.24.00:943][  0]LogTemp: Display: Loaded TP AndroidTargetPlatform
[2018.05.17-14.24.00:945][  0]LogTemp: Display: Loaded TP HTML5TargetPlatform
[2018.05.17-14.24.01:074][  0]LogTemp: Display: Loaded TP IOSTargetPlatform
[2018.05.17-14.24.01:101][  0]LogTemp: Display: Loaded TP TVOSTargetPlatform
[2018.05.17-14.24.01:113][  0]LogTemp: Display: Loaded TP LinuxClientTargetPlatform
[2018.05.17-14.24.01:124][  0]LogTemp: Display: Loaded TP LinuxNoEditorTargetPlatform
[2018.05.17-14.24.01:136][  0]LogTemp: Display: Loaded TP LinuxServerTargetPlatform
[2018.05.17-14.24.01:157][  0]LogTemp: Display: Loaded TP LinuxTargetPlatform
[2018.05.17-14.24.01:157][  0]LogTargetPlatformManager: Display: Building Assets For Windows
[2018.05.17-14.24.02:427][  0]LogXGEController: Cleaning working directory: C:/Users/Samy/AppData/Local/Temp/UnrealXGEWorkingDir/
[2018.05.17-14.24.02:428][  0]LogXGEController: Cannot use XGE Controller as Incredibuild is not installed on this machine.
[2018.05.17-14.24.02:449][  0]LogShaderCompilers: Cannot use XGE Shader Compiler as Incredibuild is not installed on this machine.
[2018.05.17-14.24.02:449][  0]LogShaderCompilers: Display: Using Local Shader Compiler.
[2018.05.17-14.24.08:106][  0]LogDerivedDataCache: Display: Max Cache Size: 512 MB
[2018.05.17-14.24.12:977][  0]LogDerivedDataCache: Loaded boot cache 4.87s 87MB C:/Users/Samy/AppData/Local/UnrealEngine/4.19/DerivedDataCache/Boot.ddc.
[2018.05.17-14.24.12:978][  0]LogDerivedDataCache: Display: Loaded Boot cache: C:/Users/Samy/AppData/Local/UnrealEngine/4.19/DerivedDataCache/Boot.ddc
[2018.05.17-14.24.12:978][  0]LogDerivedDataCache: FDerivedDataBackendGraph:  Pak pak cache file ../../../../../../Users/Samy/Documents/GitHub/Game-2D-Color-Rush/DerivedDataCache/DDC.ddp not found, will not use a pak cache.
[2018.05.17-14.24.12:978][  0]LogDerivedDataCache: Unable to find inner node Pak for hierarchical cache Hierarchy.
[2018.05.17-14.24.12:978][  0]LogDerivedDataCache: FDerivedDataBackendGraph:  CompressedPak pak cache file ../../../../../../Users/Samy/Documents/GitHub/Game-2D-Color-Rush/DerivedDataCache/Compressed.ddp not found, will not use a pak cache.
[2018.05.17-14.24.12:978][  0]LogDerivedDataCache: Unable to find inner node CompressedPak for hierarchical cache Hierarchy.
[2018.05.17-14.24.13:094][  0]LogDerivedDataCache: Display: Pak cache opened for reading ../../../Engine/DerivedDataCache/Compressed.ddp.
[2018.05.17-14.24.13:107][  0]LogDerivedDataCache: Using Local data cache path C:/Users/Samy/AppData/Local/UnrealEngine/Common/DerivedDataCache: Writable
[2018.05.17-14.24.13:196][  0]LogMaterial: Verifying Global Shaders for PCD3D_SM5
[2018.05.17-14.24.13:226][  0]LogSlate: Using Freetype 2.6.0
[2018.05.17-14.24.13:335][  0]LogSlate: SlateFontCache - WITH_FREETYPE: 1, WITH_HARFBUZZ: 1
[2018.05.17-14.24.13:335][  0]LogSlate: SlateFontCache - WITH_FREETYPE: 1, WITH_HARFBUZZ: 1
[2018.05.17-14.24.25:659][  0]LogAssetRegistry: FAssetRegistry took 0.0534 seconds to start up
[2018.05.17-14.24.30:020][  0]LogInit: Selected Device Profile: [Windows]
[2018.05.17-14.24.32:396][  0]LogSimplygon: Simplygon DLL not present - disabling.
[2018.05.17-14.24.32:432][  0]LogMeshReduction: Using SimplygonSwarm for distributed automatic mesh merging
[2018.05.17-14.24.32:433][  0]LogMeshReduction: Using QuadricMeshReduction for automatic static mesh reduction
[2018.05.17-14.24.32:433][  0]LogMeshReduction: No automatic skeletal mesh reduction module available
[2018.05.17-14.24.32:433][  0]LogMeshReduction: No automatic mesh merging module available
[2018.05.17-14.24.32:433][  0]LogMeshMerging: No automatic mesh merging module available
[2018.05.17-14.24.33:034][  0]LogNetVersion: Cameleonul , NetCL: 3944462, EngineNetVer: 2, GameNetVer: 0 (Checksum: 719565523)
[2018.05.17-14.24.39:131][  0]LogPackageLocalizationCache: Processed 9 localized package path(s) for 1 prioritized culture(s) in 0.141397 seconds
[2018.05.17-14.24.39:149][  0]LogUObjectArray: 36728 objects as part of root set at end of initial load.
[2018.05.17-14.24.39:149][  0]LogUObjectAllocator: 7314304 out of 0 bytes used by permanent object pool.
[2018.05.17-14.24.39:149][  0]LogUObjectArray: CloseDisregardForGC: 0/0 objects in disregard for GC pool
[2018.05.17-14.25.20:852][  0]LogTcpMessaging: Initializing TcpMessaging bridge
[2018.05.17-14.25.20:910][  0]LogUdpMessaging: Initializing bridge on interface 0.0.0.0:0 to multicast group 230.0.0.1:6666.
[2018.05.17-14.25.22:029][  0]SourceControl: Source control is disabled
[2018.05.17-14.25.22:029][  0]SourceControl: Source control is disabled
[2018.05.17-14.25.22:129][  0]SourceControl: Source control is disabled
[2018.05.17-14.25.22:188][  0]SourceControl: Source control is disabled
[2018.05.17-14.25.23:864][  0]LogAndroidPermission: UAndroidPermissionCallbackProxy::GetInstance
[2018.05.17-14.25.24:306][  0]LogOcInput: OculusInput pre-init called
[2018.05.17-14.25.25:321][  0]LogEngine: Initializing Engine...
[2018.05.17-14.25.25:427][  0]LogHMD: Failed to initialize OpenVR with code 110
[2018.05.17-14.25.25:486][  0]LogStats: UGameplayTagsManager::ConstructGameplayTagTree: Construct from data asset -  0.000 s
[2018.05.17-14.25.25:488][  0]LogStats: UGameplayTagsManager::ConstructGameplayTagTree: GameplayTagTreeChangedEvent.Broadcast -  0.000 s
[2018.05.17-14.25.27:444][  0]LogAIModule: Creating AISystem for world Untitled
[2018.05.17-14.25.27:661][  0]LogInit: XAudio2 using 'Speakers (Realtek High Definition Audio)' : 2 channels at 48 kHz using 32 bits per sample (channel mask 0x3)
[2018.05.17-14.25.27:727][  0]LogInit: FAudioDevice initialized.
[2018.05.17-14.25.27:998][  0]LogDerivedDataCache: Saved boot cache 0.18s 74MB C:/Users/Samy/AppData/Local/UnrealEngine/4.19/DerivedDataCache/Boot.ddc.
[2018.05.17-14.25.28:023][  0]LogInit: Texture streaming: Enabled
[2018.05.17-14.25.28:490][  0]LogEngineSessionManager: EngineSessionManager initialized
[2018.05.17-14.25.28:491][  0]LogEngineSessionManager: EngineSessionManager sent abnormal shutdown report. Type=Crashed, SessionId={8407B07F-4518-F391-332F-9B9FEA19F62B}
[2018.05.17-14.25.29:247][  0]LogInit: Transaction tracking system initialized
[2018.05.17-14.25.30:862][  0]BlueprintLog: New page: Editor Load
[2018.05.17-14.25.35:999][  0]LocalizationService: Localization service is disabled
[2018.05.17-14.25.37:775][  0]LogConsoleResponse: Display: 
[2018.05.17-14.25.44:295][  0]LogCook: Display: Max memory allowance for cook 16384mb min free memory 0mb
[2018.05.17-14.25.44:295][  0]LogCook: Display: Mobile HDR setting 1
[2018.05.17-14.25.44:295][  0]LogGameplayTags: Display: UGameplayTagsManager::DoneAddingNativeTags. DelegateIsBound: 0
[2018.05.17-14.25.44:295][  0]LogStats: UGameplayTagsManager::ConstructGameplayTagTree: Construct from data asset -  0.000 s
[2018.05.17-14.25.44:295][  0]LogStats: UGameplayTagsManager::ConstructGameplayTagTree: GameplayTagTreeChangedEvent.Broadcast -  0.000 s
[2018.05.17-14.25.44:329][  0]LogFileCache: Scanning file cache for directory 'C:/Users/Samy/Documents/GitHub/Game-2D-Color-Rush/Content/' took 0.16s
[2018.05.17-14.25.50:230][  0]SourceControl: Source control is disabled
[2018.05.17-14.25.50:327][  0]Cmd: MAP LOAD FILE="../../../../../../Users/Samy/Documents/GitHub/Game-2D-Color-Rush/Content/SideScrollerBP/Maps/SideScrollerExampleMap.umap" TEMPLATE=0 SHOWPROGRESS=1 FEATURELEVEL=3
[2018.05.17-14.25.50:328][  0]LogEditorServer: Warning: Can't find file '../../../../../../Users/Samy/Documents/GitHub/Game-2D-Color-Rush/Content/SideScrollerBP/Maps/SideScrollerExampleMap.umap'
[2018.05.17-14.25.50:429][  0]Cmd: MAP CHECKDEP NOCLEARLOG
[2018.05.17-14.25.50:566][  0]MapCheck: Map check complete: 0 Error(s), 0 Warning(s), took 137,821ms to complete.
[2018.05.17-14.25.50:567][  0]LogFileHelpers: Loading map 'SideScrollerExampleMap' took 0.244
[2018.05.17-14.25.56:298][  0]LogCollectionManager: Loaded 0 collections in 0.003579 seconds
[2018.05.17-14.25.56:677][  0]LogFileCache: Scanning file cache for directory 'C:/Users/Samy/Documents/GitHub/Game-2D-Color-Rush/Saved/Collections/' took 0.01s
[2018.05.17-14.25.56:677][  0]LogFileCache: Scanning file cache for directory 'C:/Users/Samy/Documents/GitHub/Game-2D-Color-Rush/Content/Developers/Samy/Collections/' took 0.01s
[2018.05.17-14.25.56:677][  0]LogFileCache: Scanning file cache for directory 'C:/Users/Samy/Documents/GitHub/Game-2D-Color-Rush/Content/Collections/' took 0.01s
[2018.05.17-14.25.56:677][  0]LogCollectionManager: Rebuilt the GUID cache for 0 collections in 0.000000 seconds
[2018.05.17-14.25.56:708][  0]LogContentBrowser: Native class hierarchy populated in 0.0275 seconds. Added 2452 classes and 558 folders.
[2018.05.17-14.25.56:995][  0]LogContentBrowser: Native class hierarchy updated for 'WidgetCarousel' in 0.0006 seconds. Added 0 classes and 0 folders.
[2018.05.17-14.26.00:651][  0]LogContentBrowser: Native class hierarchy updated for 'AddContentDialog' in 0.0002 seconds. Added 0 classes and 0 folders.
[2018.05.17-14.26.04:336][  0]LogSlate: Took 0.034353 seconds to synchronously load lazily loaded font '../../../Engine/Content/Slate/Fonts/Roboto-Regular.ttf' (155K)
[2018.05.17-14.26.04:423][  0]LogSlate: Took 0.075372 seconds to synchronously load lazily loaded font '../../../Engine/Content/Slate/Fonts/Roboto-Bold.ttf' (160K)
[2018.05.17-14.26.04:749][  0]LogSlate: Took 0.017830 seconds to synchronously load lazily loaded font '../../../Engine/Content/Editor/Slate/Fonts/FontAwesome.ttf' (139K)
[2018.05.17-14.26.07:511][  0]LogRenderer: Reallocating scene render targets to support 1252x600 Format 10 NumSamples 1 (Frame:1).
[2018.05.17-14.26.11:301][  0]LogContentBrowser: Native class hierarchy updated for 'HierarchicalLODOutliner' in 0.0002 seconds. Added 0 classes and 0 folders.
[2018.05.17-14.26.11:301][  0]LogLoad: (Engine Initialization) Total time: 180.86 seconds
[2018.05.17-14.26.11:301][  0]LogLoad: (Engine Initialization) Total Blueprint compile time: 0.00 seconds
[2018.05.17-14.26.13:530][  0]LogContentStreaming: Texture pool size now 3000 MB
[2018.05.17-14.26.15:505][  1]LogFileCache: Retrieving MD5 hashes for directory 'C:/Users/Samy/Documents/GitHub/Game-2D-Color-Rush/Content/' took 3.25s
[2018.05.17-14.26.15:905][  1]LogSlate: Took 0.016870 seconds to synchronously load lazily loaded font '../../../Engine/Content/Slate/Fonts/Roboto-Light.ttf' (167K)
[2018.05.17-14.26.16:868][  3]LogAssetRegistry: Asset discovery search completed in 111.2322 seconds
[2018.05.17-14.26.16:996][  3]LogCollectionManager: Rebuilt the object cache for 0 collections in 0.000000 seconds (found 0 objects)
[2018.05.17-14.26.16:996][  3]LogCollectionManager: Fixed up redirectors for 0 collections in 0.033548 seconds (updated 0 objects)
[2018.05.17-14.26.22:079][ 10]LogSlate: FSceneViewport::OnFocusLost() reason 0
[2018.05.17-14.26.51:604][394]LogSlate: Took 0.000500 seconds to synchronously load lazily loaded font '../../../Engine/Content/Slate/Fonts/Roboto-Light.ttf' (167K)
[2018.05.17-14.26.52:304][394]LogBlueprint: Error: [Compiler AnimBP] Play (None)  references an unknown sequence
[2018.05.17-14.26.52:306][394]LogBlueprint: Error: [Compiler AnimBP] Missing allocated node for AnimGraphNode_SequencePlayer_10 while searching for node links - likely due to the node having outstanding errors.
[2018.05.17-14.26.52:607][394]LogBlueprint: Warning: [Compiler AnimBP] [0222,17] Compile of AnimBP failed. 2 Fatal Issue(s) 0 Warning(s) [in 779 ms] (/Game/SideScrollerBP/AnimBP.AnimBP)
[2018.05.17-14.26.54:951][394]LogMaterial: Uniform references updated for custom material expression Custom.
[2018.05.17-14.26.57:833][394]LogSkeletalMesh: Skeletal Mesh found in DDC [40.907131ms] /Game/SideScrollerBP/model_game_v6.model_game_v6
[2018.05.17-14.26.58:217][394]LogAIModule: Creating AISystem for world Level1
[2018.05.17-14.26.59:324][394]Cmd: MAP LOAD FILE="../../../../../../Users/Samy/Documents/GitHub/Game-2D-Color-Rush/Content/SideScrollerBP/Maps/Level1.umap" TEMPLATE=0 SHOWPROGRESS=1 FEATURELEVEL=3
[2018.05.17-14.26.59:326][394]LightingResults: New page: Lighting Build
[2018.05.17-14.26.59:365][394]LogContentBrowser: Native class hierarchy updated for 'StatsViewer' in 0.0007 seconds. Added 5 classes and 0 folders.
[2018.05.17-14.26.59:370][394]LoadErrors: New page: Loading map: Level1.umap
[2018.05.17-14.26.59:396][394]MapCheck: New page: Map Check
[2018.05.17-14.26.59:396][394]LightingResults: New page: Lighting Build
[2018.05.17-14.27.00:287][394]LogEditorServer: Finished looking for orphan Actors (0.000 secs)
[2018.05.17-14.27.00:443][394]Cmd: MAP CHECKDEP NOCLEARLOG
[2018.05.17-14.27.00:496][394]MapCheck: Map check complete: 0 Error(s), 0 Warning(s), took 52,336ms to complete.
[2018.05.17-14.27.00:497][394]LogFileHelpers: Loading map 'Level1' took 1.224
[2018.05.17-14.27.18:117][235]LogContentBrowser: Native class hierarchy updated for 'BlueprintGraph' in 0.0012 seconds. Added 116 classes and 0 folders.
[2018.05.17-14.27.19:592][235]LogSlate: Took 0.044956 seconds to synchronously load lazily loaded font '../../../Engine/Content/Slate/Fonts/Roboto-BoldCondensed.ttf' (158K)
[2018.05.17-14.27.31:256][811]LogSlate: Window 'Level1 - Level Blueprint Editor' being destroyed
[2018.05.17-14.27.31:261][811]LogSlate: Window 'Level1 - Level Blueprint Editor' being destroyed
[2018.05.17-14.28.24:287][710]Cmd: OBJ SAVEPACKAGE PACKAGE="/Game/SideScrollerBP/Inter_level" FILE="../../../../../../Users/Samy/Documents/GitHub/Game-2D-Color-Rush/Content/SideScrollerBP/Inter_level.uasset" SILENT=true
[2018.05.17-14.28.25:555][710]LogSavePackage: Save=93.21ms
[2018.05.17-14.28.25:555][710]LogSavePackage: Moving '../../../../../../Users/Samy/Documents/GitHub/Game-2D-Color-Rush/Saved/Inter_level3FE47C4E483B3D29A3456A9493F32C6D.tmp' to '../../../../../../Users/Samy/Documents/GitHub/Game-2D-Color-Rush/Content/SideScrollerBP/Inter_level.uasset'
[2018.05.17-14.28.25:637][710]LogSavePackage: Display: Finished SavePackage ../../../../../../Users/Samy/Documents/GitHub/Game-2D-Color-Rush/Content/SideScrollerBP/Inter_level.uasset
[2018.05.17-14.28.30:824][ 20]LogTemp: Repeating last play command: New Editor Window (PIE)
[2018.05.17-14.28.30:919][ 20]LogBlueprintUserMessages: Early PlayInEditor Detection: Level '/Game/SideScrollerBP/Maps/Level1.Level1:PersistentLevel' has LevelScriptBlueprint '/Game/SideScrollerBP/Maps/Level1.Level1:PersistentLevel.Level1' with GeneratedClass '/Game/SideScrollerBP/Maps/Level1.Level1_C' with ClassGeneratedBy '/Game/SideScrollerBP/Maps/Level1.Level1:PersistentLevel.Level1'
[2018.05.17-14.28.30:945][ 20]BlueprintLog: New page: Pre-Play auto-recompile
[2018.05.17-14.28.30:985][ 20]LogPlayLevel: [PlayLevel] Compiling Inter_level before play...
[2018.05.17-14.28.31:428][ 20]LogPlayLevel: PlayLevel: Blueprint regeneration took 482 ms (1 blueprints)
[2018.05.17-14.28.33:067][ 20]LogSlate: Window 'Message' being destroyed
[2018.05.17-14.28.33:589][ 20]PIE: New page: PIE session: Level1 (17 mai 2018, 20:28:33)
[2018.05.17-14.28.33:590][ 20]LogPlayLevel: Creating play world package: /Game/SideScrollerBP/Maps/UEDPIE_0_Level1
[2018.05.17-14.28.33:684][ 20]LogPlayLevel: PIE: StaticDuplicateObject took: (0.094142s)
[2018.05.17-14.28.33:685][ 20]LogAIModule: Creating AISystem for world Level1
[2018.05.17-14.28.33:698][ 20]LogPlayLevel: PIE: World Init took: (0.014068s)
[2018.05.17-14.28.33:699][ 20]LogPlayLevel: PIE: Created PIE world by copying editor world from /Game/SideScrollerBP/Maps/Level1.Level1 to /Game/SideScrollerBP/Maps/UEDPIE_0_Level1.Level1 (0.108840s)
[2018.05.17-14.28.33:754][ 20]LogInit: XAudio2 using 'Speakers (Realtek High Definition Audio)' : 2 channels at 48 kHz using 32 bits per sample (channel mask 0x3)
[2018.05.17-14.28.33:785][ 20]LogInit: FAudioDevice initialized.
[2018.05.17-14.28.33:914][ 20]LogLoad: Game class is 'MainMenuMode_C'
[2018.05.17-14.28.33:932][ 20]LogWorld: Bringing World /Game/SideScrollerBP/Maps/UEDPIE_0_Level1.Level1 up for play (max tick rate 60) at 2018.05.17-17.28.33
[2018.05.17-14.28.34:166][ 20]LogWorld: Bringing up level for play took: 0.250515
[2018.05.17-14.28.34:373][ 20]LogContentBrowser: Native class hierarchy updated for 'MovieSceneCapture' in 0.0004 seconds. Added 11 classes and 0 folders.
[2018.05.17-14.28.34:442][ 20]PIE: Play in editor start time for /Game/SideScrollerBP/Maps/UEDPIE_0_Level1 4,344
[2018.05.17-14.28.34:444][ 20]LogBlueprintUserMessages: Late PlayInEditor Detection: Level '/Game/SideScrollerBP/Maps/Level1.Level1:PersistentLevel' has LevelScriptBlueprint '/Game/SideScrollerBP/Maps/Level1.Level1:PersistentLevel.Level1' with GeneratedClass '/Game/SideScrollerBP/Maps/Level1.Level1_C' with ClassGeneratedBy '/Game/SideScrollerBP/Maps/Level1.Level1:PersistentLevel.Level1'
[2018.05.17-14.28.34:804][ 20]LogRenderer: Reallocating scene render targets to support 1292x756 Format 10 NumSamples 1 (Frame:1).
[2018.05.17-14.28.36:263][ 90]Cmd: RestartLevel
[2018.05.17-14.28.36:426][ 91]LogNet: Browse: /Game/SideScrollerBP/Maps/Level1?restart
[2018.05.17-14.28.36:438][ 91]LogLoad: LoadMap: /Game/SideScrollerBP/Maps/Level1
[2018.05.17-14.28.36:648][ 91]LogPlayLevel: Creating play world package: /Game/SideScrollerBP/Maps/UEDPIE_0_Level1
[2018.05.17-14.28.36:658][ 91]LogPlayLevel: PIE: StaticDuplicateObject took: (0.010579s)
[2018.05.17-14.28.36:659][ 91]LogAIModule: Creating AISystem for world Level1
[2018.05.17-14.28.36:659][ 91]LogPlayLevel: PIE: World Init took: (0.000558s)
[2018.05.17-14.28.36:659][ 91]LogPlayLevel: PIE: Created PIE world by copying editor world from /Game/SideScrollerBP/Maps/Level1.Level1 to /Game/SideScrollerBP/Maps/UEDPIE_0_Level1.Level1 (0.011332s)
[2018.05.17-14.28.36:659][ 91]LogLoad: Game class is 'MainMenuMode_C'
[2018.05.17-14.28.36:664][ 91]LogWorld: Bringing World /Game/SideScrollerBP/Maps/UEDPIE_0_Level1.Level1 up for play (max tick rate 60) at 2018.05.17-17.28.36
[2018.05.17-14.28.36:669][ 91]LogWorld: Bringing up level for play took: 0.008826
[2018.05.17-14.28.36:669][ 91]LogGameMode: FindPlayerStart: PATHS NOT DEFINED or NO PLAYERSTART with positive rating
[2018.05.17-14.28.36:670][ 91]LogLoad: Took 0.231905 seconds to LoadMap(/Game/SideScrollerBP/Maps/UEDPIE_0_Level1)
[2018.05.17-14.28.38:195][176]Cmd: RestartLevel
[2018.05.17-14.28.38:212][177]LogNet: Browse: /Game/SideScrollerBP/Maps/Level1?restart
[2018.05.17-14.28.38:212][177]LogLoad: LoadMap: /Game/SideScrollerBP/Maps/Level1
[2018.05.17-14.28.38:234][177]LogPlayLevel: Creating play world package: /Game/SideScrollerBP/Maps/UEDPIE_0_Level1
[2018.05.17-14.28.38:245][177]LogPlayLevel: PIE: StaticDuplicateObject took: (0.010454s)
[2018.05.17-14.28.38:246][177]LogAIModule: Creating AISystem for world Level1
[2018.05.17-14.28.38:246][177]LogPlayLevel: PIE: World Init took: (0.000608s)
[2018.05.17-14.28.38:246][177]LogPlayLevel: PIE: Created PIE world by copying editor world from /Game/SideScrollerBP/Maps/Level1.Level1 to /Game/SideScrollerBP/Maps/UEDPIE_0_Level1.Level1 (0.011596s)
[2018.05.17-14.28.38:246][177]LogLoad: Game class is 'MainMenuMode_C'
[2018.05.17-14.28.38:251][177]LogWorld: Bringing World /Game/SideScrollerBP/Maps/UEDPIE_0_Level1.Level1 up for play (max tick rate 60) at 2018.05.17-17.28.38
[2018.05.17-14.28.38:256][177]LogWorld: Bringing up level for play took: 0.008910
[2018.05.17-14.28.38:256][177]LogGameMode: FindPlayerStart: PATHS NOT DEFINED or NO PLAYERSTART with positive rating
[2018.05.17-14.28.38:257][177]LogLoad: Took 0.044788 seconds to LoadMap(/Game/SideScrollerBP/Maps/UEDPIE_0_Level1)
[2018.05.17-14.29.04:680][557]LogSlate: FSceneViewport::OnFocusLost() reason 0
[2018.05.17-14.29.04:880][561]LogNet: Browse: /Game/SideScrollerBP/Maps/Level2
[2018.05.17-14.29.04:927][561]LogLoad: LoadMap: /Game/SideScrollerBP/Maps/Level2
[2018.05.17-14.29.06:847][561]LogStats: FPlatformStackWalk::StackWalkAndDump -  1.084 s
[2018.05.17-14.29.06:847][561]LogOutputDevice: Error: === Handled ensure: ===
[2018.05.17-14.29.06:848][561]LogOutputDevice: Error: 
[2018.05.17-14.29.06:848][561]LogOutputDevice: Error: Ensure condition failed: IsObjectValidForDatabase(AssetObject) [File:D:\Build\++UE4+Release-4.19+Compile\Sync\Engine\Source\Editor\BlueprintGraph\Private\BlueprintActionDatabase.cpp] [Line: 1315]
[2018.05.17-14.29.06:848][561]LogOutputDevice: Error: 
[2018.05.17-14.29.06:848][561]LogOutputDevice: Error: Stack: 
[2018.05.17-14.29.06:848][561]LogOutputDevice: Error: [Callstack] 0x00000000D57FB6F6 UE4Editor-Core.dll!UnknownFunction []
[2018.05.17-14.29.06:848][561]LogOutputDevice: Error: [Callstack] 0x00000000D555AE2A UE4Editor-Core.dll!UnknownFunction []
[2018.05.17-14.29.06:848][561]LogOutputDevice: Error: [Callstack] 0x00000000D556ECC6 UE4Editor-Core.dll!UnknownFunction []
[2018.05.17-14.29.06:848][561]LogOutputDevice: Error: [Callstack] 0x00000000CD75BBE9 UE4Editor-BlueprintGraph.dll!UnknownFunction []
[2018.05.17-14.29.06:848][561]LogOutputDevice: Error: [Callstack] 0x00000000CD72D28D UE4Editor-BlueprintGraph.dll!UnknownFunction []
[2018.05.17-14.29.06:848][561]LogOutputDevice: Error: [Callstack] 0x00000000D13C6F37 UE4Editor-CoreUObject.dll!UnknownFunction []
[2018.05.17-14.29.06:848][561]LogOutputDevice: Error: [Callstack] 0x00000000D170C000 UE4Editor-CoreUObject.dll!UnknownFunction []
[2018.05.17-14.29.06:848][561]LogOutputDevice: Error: [Callstack] 0x00000000D172311B UE4Editor-CoreUObject.dll!UnknownFunction []
[2018.05.17-14.29.06:848][561]LogOutputDevice: Error: [Callstack] 0x00000000D1722534 UE4Editor-CoreUObject.dll!UnknownFunction []
[2018.05.17-14.29.06:848][561]LogOutputDevice: Error: [Callstack] 0x00000000D2D689CA UE4Editor-Engine.dll!UnknownFunction []
[2018.05.17-14.29.06:848][561]LogOutputDevice: Error: [Callstack] 0x00000000D2D1BFD8 UE4Editor-Engine.dll!UnknownFunction []
[2018.05.17-14.29.06:848][561]LogOutputDevice: Error: [Callstack] 0x00000000D2D89CF0 UE4Editor-Engine.dll!UnknownFunction []
[2018.05.17-14.29.06:848][561]LogOutputDevice: Error: [Callstack] 0x00000000CFB6CD20 UE4Editor-UnrealEd.dll!UnknownFunction []
[2018.05.17-14.29.06:848][561]LogOutputDevice: Error: [Callstack] 0x00000000D0409516 UE4Editor-UnrealEd.dll!UnknownFunction []
[2018.05.17-14.29.06:848][561]LogOutputDevice: Error: [Callstack] 0x0000000035CF5EAC UE4Editor.exe!UnknownFunction []
[2018.05.17-14.29.06:848][561]LogOutputDevice: Error: [Callstack] 0x0000000035D06BD0 UE4Editor.exe!UnknownFunction []
[2018.05.17-14.29.06:849][561]LogOutputDevice: Error: [Callstack] 0x0000000035D06C4A UE4Editor.exe!UnknownFunction []
[2018.05.17-14.29.06:849][561]LogOutputDevice: Error: [Callstack] 0x0000000035D14149 UE4Editor.exe!UnknownFunction []
[2018.05.17-14.29.06:849][561]LogOutputDevice: Error: [Callstack] 0x0000000035D15B57 UE4Editor.exe!UnknownFunction []
[2018.05.17-14.29.06:849][561]LogOutputDevice: Error: [Callstack] 0x00000000182B1FE4 KERNEL32.DLL!UnknownFunction []
[2018.05.17-14.29.06:849][561]LogOutputDevice: Error: [Callstack] 0x000000001894F061 ntdll.dll!UnknownFunction []
[2018.05.17-14.29.06:849][561]LogOutputDevice: Error: 
[2018.05.17-14.29.06:857][561]LogStats:                SubmitErrorReport -  0.000 s
[2018.05.17-14.29.16:134][561]LogStats:                    SendNewReport -  9.276 s
[2018.05.17-14.29.16:134][561]LogStats:             FDebug::EnsureFailed - 10.407 s
[2018.05.17-14.29.18:894][561]LogAIModule: Creating AISystem for world Level2
[2018.05.17-14.29.18:894][561]LogLoad: Game class is 'MainMenuMode_C'
[2018.05.17-14.29.18:927][561]LogWorld: Bringing World /Game/SideScrollerBP/Maps/UEDPIE_0_Level2.Level2 up for play (max tick rate 60) at 2018.05.17-17.29.18
[2018.05.17-14.29.18:931][561]LogWorld: Bringing up level for play took: 0.035420
[2018.05.17-14.29.18:932][561]LogGameMode: FindPlayerStart: PATHS NOT DEFINED or NO PLAYERSTART with positive rating
[2018.05.17-14.29.18:932][561]LogLoad: Took 14.005374 seconds to LoadMap(/Game/SideScrollerBP/Maps/Level2)
[2018.05.17-14.29.26:277][990]LogBlueprintUserMessages: Early EndPlayMap Detection: Level '/Game/SideScrollerBP/Maps/Level1.Level1:PersistentLevel' has LevelScriptBlueprint '/Game/SideScrollerBP/Maps/Level1.Level1:PersistentLevel.Level1' with GeneratedClass '/Game/SideScrollerBP/Maps/Level1.Level1_C' with ClassGeneratedBy '/Game/SideScrollerBP/Maps/Level1.Level1:PersistentLevel.Level1'
[2018.05.17-14.29.28:273][990]LogSlate: Window 'Cameleonul Game Preview Standalone (64-bit/PCD3D_SM5)' being destroyed
[2018.05.17-14.29.28:363][990]LogBlueprintUserMessages: Late EndPlayMap Detection: Level '/Game/SideScrollerBP/Maps/Level1.Level1:PersistentLevel' has LevelScriptBlueprint '/Game/SideScrollerBP/Maps/Level1.Level1:PersistentLevel.Level1' with GeneratedClass '/Game/SideScrollerBP/Maps/Level1.Level1_C' with ClassGeneratedBy '/Game/SideScrollerBP/Maps/Level1.Level1:PersistentLevel.Level1'
[2018.05.17-14.29.30:278][ 49]LogEditorViewport: Clicking on Actor (LMB): BP_Sky_Sphere_C (SkySphereBlueprint)
[2018.05.17-14.29.33:544][176]LogSlate: FSceneViewport::OnFocusLost() reason 0
[2018.05.17-14.29.35:368][250]LogAIModule: Creating AISystem for world Level2
[2018.05.17-14.29.35:417][250]Cmd: MAP LOAD FILE="../../../../../../Users/Samy/Documents/GitHub/Game-2D-Color-Rush/Content/SideScrollerBP/Maps/Level2.umap" TEMPLATE=0 SHOWPROGRESS=1 FEATURELEVEL=3
[2018.05.17-14.29.35:417][250]LightingResults: New page: Lighting Build
[2018.05.17-14.29.35:417][250]LoadErrors: New page: Loading map: Level2.umap
[2018.05.17-14.29.35:437][250]MapCheck: New page: Map Check
[2018.05.17-14.29.35:437][250]LightingResults: New page: Lighting Build
[2018.05.17-14.29.35:585][250]LogEditorServer: Finished looking for orphan Actors (0.000 secs)
[2018.05.17-14.29.35:670][250]Cmd: MAP CHECKDEP NOCLEARLOG
[2018.05.17-14.29.38:482][250]MapCheck: Map check complete: 0 Error(s), 0 Warning(s), took 2.811,847ms to complete.
[2018.05.17-14.29.38:484][250]LogFileHelpers: Loading map 'Level2' took 3.069
[2018.05.17-14.29.42:897][459]LogEditorViewport: Clicking on Actor (context menu): StaticMeshActor (1M_Cube33)
[2018.05.17-14.29.43:608][459]LogSlate: FSceneViewport::OnFocusLost() reason 2
[2018.05.17-14.29.43:698][459]LogEditorViewport: Clicking on Actor (context menu): StaticMeshActor (1M_Cube33)
[2018.05.17-14.29.43:799][459]LogSlate: FSceneViewport::OnFocusLost() reason 2
[2018.05.17-14.29.43:849][459]LogEditorViewport: Clicking on Actor (context menu): StaticMeshActor (1M_Cube33)
[2018.05.17-14.29.43:945][459]LogSlate: FSceneViewport::OnFocusLost() reason 2
[2018.05.17-14.29.45:220][519]LogEditorViewport: Clicking on Actor (LMB): BP_Sky_Sphere_C (SkySphereBlueprint)
[2018.05.17-14.29.46:369][583]LogEditorViewport: Clicking on Actor (LMB): BP_Sky_Sphere_C (SkySphereBlueprint)
[2018.05.17-14.29.48:602][713]LogEditorViewport: Clicking on Actor (context menu): BP_Sky_Sphere_C (SkySphereBlueprint)
[2018.05.17-14.29.48:630][713]LogSlate: FSceneViewport::OnFocusLost() reason 2
[2018.05.17-14.29.48:637][713]LogEditorViewport: Clicking on Actor (context menu): BP_Sky_Sphere_C (SkySphereBlueprint)
[2018.05.17-14.29.48:664][713]LogSlate: FSceneViewport::OnFocusLost() reason 2
[2018.05.17-14.30.02:178][512]LogEditorViewport: Clicking on Actor (LMB): StaticMeshActor (1M_Cube42)
[2018.05.17-14.30.04:111][624]Cmd: EDIT COPY
[2018.05.17-14.30.04:951][624]Cmd: EDIT PASTE
[2018.05.17-14.30.11:150][960]LogSlate: FSceneViewport::OnFocusLost() reason 0
[2018.05.17-14.30.11:442][966]LogAIModule: Creating AISystem for world Level1
[2018.05.17-14.30.14:297][966]LogSlate: Window 'Save Content' being destroyed
[2018.05.17-14.30.15:355][966]LogSavePackage: Save=927.04ms
[2018.05.17-14.30.15:358][966]LogSavePackage: Moving '../../../../../../Users/Samy/Documents/GitHub/Game-2D-Color-Rush/Saved/Level2F690564B494969BC0FC9EB8089B275F1.tmp' to '../../../../../../Users/Samy/Documents/GitHub/Game-2D-Color-Rush/Content/SideScrollerBP/Maps/Level2.umap'
[2018.05.17-14.30.15:363][966]LogSavePackage: Display: Finished SavePackage ../../../../../../Users/Samy/Documents/GitHub/Game-2D-Color-Rush/Content/SideScrollerBP/Maps/Level2.umap
[2018.05.17-14.30.15:542][966]LogFileHelpers: Saving map 'Level2' took 1.231
[2018.05.17-14.30.15:543][966]Cmd: MAP LOAD FILE="../../../../../../Users/Samy/Documents/GitHub/Game-2D-Color-Rush/Content/SideScrollerBP/Maps/Level1.umap" TEMPLATE=0 SHOWPROGRESS=1 FEATURELEVEL=3
[2018.05.17-14.30.15:543][966]LightingResults: New page: Lighting Build
[2018.05.17-14.30.15:544][966]LoadErrors: New page: Loading map: Level1.umap
[2018.05.17-14.30.15:546][966]MapCheck: New page: Map Check
[2018.05.17-14.30.15:546][966]LightingResults: New page: Lighting Build
[2018.05.17-14.30.15:727][966]LogEditorServer: Finished looking for orphan Actors (0.000 secs)
[2018.05.17-14.30.15:807][966]Cmd: MAP CHECKDEP NOCLEARLOG
[2018.05.17-14.30.15:865][966]MapCheck: Map check complete: 0 Error(s), 0 Warning(s), took 57,897ms to complete.
[2018.05.17-14.30.15:865][966]LogFileHelpers: Loading map 'Level1' took 0.323
[2018.05.17-14.30.16:988][ 20]LogSlate: FSceneViewport::OnFocusLost() reason 0
[2018.05.17-14.30.17:205][ 33]LogTemp: Repeating last play command: New Editor Window (PIE)
[2018.05.17-14.30.17:241][ 33]LogBlueprintUserMessages: Early PlayInEditor Detection: Level '/Game/SideScrollerBP/Maps/Level1.Level1:PersistentLevel' has LevelScriptBlueprint '/Game/SideScrollerBP/Maps/Level1.Level1:PersistentLevel.Level1' with GeneratedClass '/Game/SideScrollerBP/Maps/Level1.Level1_C' with ClassGeneratedBy '/Game/SideScrollerBP/Maps/Level1.Level1:PersistentLevel.Level1'
[2018.05.17-14.30.17:241][ 33]LogPlayLevel: PlayLevel: No blueprints needed recompiling
[2018.05.17-14.30.17:241][ 33]PIE: New page: PIE session: Level1 (17 mai 2018, 20:30:17)
[2018.05.17-14.30.17:242][ 33]LogPlayLevel: Creating play world package: /Game/SideScrollerBP/Maps/UEDPIE_0_Level1
[2018.05.17-14.30.17:252][ 33]LogPlayLevel: PIE: StaticDuplicateObject took: (0.010861s)
[2018.05.17-14.30.17:253][ 33]LogAIModule: Creating AISystem for world Level1
[2018.05.17-14.30.17:253][ 33]LogPlayLevel: PIE: World Init took: (0.000798s)
[2018.05.17-14.30.17:253][ 33]LogPlayLevel: PIE: Created PIE world by copying editor world from /Game/SideScrollerBP/Maps/Level1.Level1 to /Game/SideScrollerBP/Maps/UEDPIE_0_Level1.Level1 (0.011852s)
[2018.05.17-14.30.17:274][ 33]LogInit: XAudio2 using 'Speakers (Realtek High Definition Audio)' : 2 channels at 48 kHz using 32 bits per sample (channel mask 0x3)
[2018.05.17-14.30.17:304][ 33]LogInit: FAudioDevice initialized.
[2018.05.17-14.30.17:347][ 33]LogLoad: Game class is 'MainMenuMode_C'
[2018.05.17-14.30.17:354][ 33]LogWorld: Bringing World /Game/SideScrollerBP/Maps/UEDPIE_0_Level1.Level1 up for play (max tick rate 60) at 2018.05.17-17.30.17
[2018.05.17-14.30.17:360][ 33]LogWorld: Bringing up level for play took: 0.012819
[2018.05.17-14.30.17:366][ 33]PIE: Play in editor start time for /Game/SideScrollerBP/Maps/UEDPIE_0_Level1 -0,733
[2018.05.17-14.30.17:366][ 33]LogBlueprintUserMessages: Late PlayInEditor Detection: Level '/Game/SideScrollerBP/Maps/Level1.Level1:PersistentLevel' has LevelScriptBlueprint '/Game/SideScrollerBP/Maps/Level1.Level1:PersistentLevel.Level1' with GeneratedClass '/Game/SideScrollerBP/Maps/Level1.Level1_C' with ClassGeneratedBy '/Game/SideScrollerBP/Maps/Level1.Level1:PersistentLevel.Level1'
[2018.05.17-14.30.48:529][491]LogSlate: FSceneViewport::OnFocusLost() reason 0
[2018.05.17-14.30.48:735][495]LogNet: Browse: /Game/SideScrollerBP/Maps/Level2
[2018.05.17-14.30.48:766][495]LogLoad: LoadMap: /Game/SideScrollerBP/Maps/Level2
[2018.05.17-14.30.48:959][495]LogAIModule: Creating AISystem for world Level2
[2018.05.17-14.30.48:959][495]LogLoad: Game class is 'MainMenuMode_C'
[2018.05.17-14.30.48:985][495]LogWorld: Bringing World /Game/SideScrollerBP/Maps/UEDPIE_0_Level2.Level2 up for play (max tick rate 60) at 2018.05.17-17.30.48
[2018.05.17-14.30.48:990][495]LogWorld: Bringing up level for play took: 0.030162
[2018.05.17-14.30.48:990][495]LogGameMode: FindPlayerStart: PATHS NOT DEFINED or NO PLAYERSTART with positive rating
[2018.05.17-14.30.48:991][495]LogLoad: Took 0.224795 seconds to LoadMap(/Game/SideScrollerBP/Maps/Level2)
[2018.05.17-14.30.51:935][671]LogBlueprintUserMessages: Early EndPlayMap Detection: Level '/Game/SideScrollerBP/Maps/Level1.Level1:PersistentLevel' has LevelScriptBlueprint '/Game/SideScrollerBP/Maps/Level1.Level1:PersistentLevel.Level1' with GeneratedClass '/Game/SideScrollerBP/Maps/Level1.Level1_C' with ClassGeneratedBy '/Game/SideScrollerBP/Maps/Level1.Level1:PersistentLevel.Level1'
[2018.05.17-14.30.51:969][671]LogSlate: Window 'Cameleonul Game Preview Standalone (64-bit/PCD3D_SM5)' being destroyed
[2018.05.17-14.30.52:019][671]LogBlueprintUserMessages: Late EndPlayMap Detection: Level '/Game/SideScrollerBP/Maps/Level1.Level1:PersistentLevel' has LevelScriptBlueprint '/Game/SideScrollerBP/Maps/Level1.Level1:PersistentLevel.Level1' with GeneratedClass '/Game/SideScrollerBP/Maps/Level1.Level1_C' with ClassGeneratedBy '/Game/SideScrollerBP/Maps/Level1.Level1:PersistentLevel.Level1'
[2018.05.17-14.30.55:813][872]LogSlate: FSceneViewport::OnFocusLost() reason 0
[2018.05.17-14.33.35:259][335]LogSlate: FSceneViewport::OnFocusLost() reason 0
[2018.05.17-14.33.41:304][694]LogSlate: Window 'Inter_level' being destroyed
[2018.05.17-14.33.41:308][694]LogSlate: Window 'Inter_level' being destroyed
[2018.05.17-14.33.45:143][850]LogSlate: FSceneViewport::OnFocusLost() reason 0
[2018.05.17-14.34.28:485][295]LogSlate: FSceneViewport::OnFocusLost() reason 0
[2018.05.17-14.34.35:716][675]LogSlate: Took 0.030112 seconds to synchronously load lazily loaded font '../../../Engine/Content/Slate/Fonts/Roboto-Italic.ttf' (157K)
[2018.05.17-14.35.05:337][406]LogSlate: Window 'Inter_level' being destroyed
[2018.05.17-14.35.05:635][406]LogSlate: Window 'Cameleonul - Unreal Editor' being destroyed
[2018.05.17-14.35.05:637][406]LogWindowsTextInputMethodSystem: Display: IME system now deactivated.
[2018.05.17-14.35.06:113][407]Cmd: QUIT_EDITOR
[2018.05.17-14.35.07:093][407]LogSlate: Slate User Destroyed.  User Index 0, Is Virtual User: 0
[2018.05.17-14.35.07:192][407]LogExit: Preparing to exit.
[2018.05.17-14.35.08:435][407]LogDirectoryWatcher: A directory notification for 'C:/Users/Samy/Documents/GitHub/Game-2D-Color-Rush/Content/' was aborted.
[2018.05.17-14.35.08:704][407]LogExit: Editor shut down
[2018.05.17-14.35.08:709][407]LogExit: Transaction tracking system shut down
[2018.05.17-14.35.08:937][407]LogDirectoryWatcher: A directory notification for '../../../Engine/Content/' was aborted.
[2018.05.17-14.35.08:937][407]LogDirectoryWatcher: A directory notification for '../../../../../../Users/Samy/Documents/GitHub/Game-2D-Color-Rush/Content/' was aborted.
[2018.05.17-14.35.08:937][407]LogDirectoryWatcher: A directory notification for '../../Plugins/2D/Paper2D/Content/' was aborted.
[2018.05.17-14.35.08:937][407]LogDirectoryWatcher: A directory notification for '../../Plugins/Enterprise/DatasmithContent/Content/' was aborted.
[2018.05.17-14.35.08:937][407]LogDirectoryWatcher: A directory notification for '../../Plugins/Media/MediaCompositing/Content/' was aborted.
[2018.05.17-14.35.08:937][407]LogDirectoryWatcher: A directory notification for '../../Plugins/Runtime/AppleARKit/Content/' was aborted.
[2018.05.17-14.35.08:937][407]LogDirectoryWatcher: A directory notification for '../../Plugins/Runtime/Oculus/OculusVR/Content/' was aborted.
[2018.05.17-14.35.08:937][407]LogDirectoryWatcher: A directory notification for '../../Plugins/Runtime/Steam/SteamVR/Content/' was aborted.
[2018.05.17-14.35.09:941][407]LogExit: Object subsystem successfully closed.
[2018.05.17-14.35.10:407][407]LogShaderCompilers: Display: Shaders left to compile 0
[2018.05.17-14.35.10:430][407]LogD3D11RHI: Shutdown
[2018.05.17-14.35.10:430][407]LogD3D11RHI: CleanupD3DDevice
[2018.05.17-14.35.10:445][407]LogD3D11RHI: ~FD3D11DynamicRHI
[2018.05.17-14.35.11:184][407]LogModuleManager: Shutting down and abandoning module MovieSceneCapture (578)
[2018.05.17-14.35.11:184][407]LogModuleManager: Shutting down and abandoning module SequencerWidgets (576)
[2018.05.17-14.35.11:184][407]LogModuleManager: Shutting down and abandoning module BlueprintGraph (574)
[2018.05.17-14.35.11:184][407]LogModuleManager: Shutting down and abandoning module StatsViewer (572)
[2018.05.17-14.35.11:184][407]LogModuleManager: Shutting down and abandoning module HierarchicalLODOutliner (570)
[2018.05.17-14.35.11:184][407]LogModuleManager: Shutting down and abandoning module AddContentDialog (568)
[2018.05.17-14.35.11:194][407]LogDirectoryWatcher: A directory notification for 'C:/Program Files/Epic Games/UE_4.19/FeaturePacks/' was aborted.
[2018.05.17-14.35.11:195][407]LogModuleManager: Shutting down and abandoning module WidgetCarousel (567)
[2018.05.17-14.35.11:195][407]LogModuleManager: Shutting down and abandoning module EditorWidgets (564)
[2018.05.17-14.35.11:195][407]LogModuleManager: Shutting down and abandoning module CollectionManager (562)
[2018.05.17-14.35.11:210][407]LogDirectoryWatcher: A directory notification for 'C:/Users/Samy/Documents/GitHub/Game-2D-Color-Rush/Content/Collections/' was aborted.
[2018.05.17-14.35.11:210][407]LogDirectoryWatcher: A directory notification for 'C:/Users/Samy/Documents/GitHub/Game-2D-Color-Rush/Content/Developers/Samy/Collections/' was aborted.
[2018.05.17-14.35.11:210][407]LogDirectoryWatcher: A directory notification for 'C:/Users/Samy/Documents/GitHub/Game-2D-Color-Rush/Saved/Collections/' was aborted.
[2018.05.17-14.35.11:211][407]LogModuleManager: Shutting down and abandoning module FoliageEdit (560)
[2018.05.17-14.35.11:211][407]LogModuleManager: Shutting down and abandoning module LandscapeEditor (558)
[2018.05.17-14.35.11:211][407]LogModuleManager: Shutting down and abandoning module MeshPaintMode (556)
[2018.05.17-14.35.11:212][407]LogModuleManager: Shutting down and abandoning module SceneDepthPickerMode (554)
[2018.05.17-14.35.11:212][407]LogModuleManager: Shutting down and abandoning module ActorPickerMode (552)
[2018.05.17-14.35.11:212][407]LogModuleManager: Shutting down and abandoning module GeometryMode (550)
[2018.05.17-14.35.11:219][407]LogModuleManager: Shutting down and abandoning module TextureAlignMode (548)
[2018.05.17-14.35.11:219][407]LogModuleManager: Shutting down and abandoning module BspMode (546)
[2018.05.17-14.35.11:219][407]LogModuleManager: Shutting down and abandoning module PIEPreviewDeviceProfileSelector (544)
[2018.05.17-14.35.11:219][407]LogModuleManager: Shutting down and abandoning module HardwareSurvey (542)
[2018.05.17-14.35.11:219][407]LogModuleManager: Shutting down and abandoning module SequenceRecorderSections (540)
[2018.05.17-14.35.11:219][407]LogModuleManager: Shutting down and abandoning module AutomationWorker (538)
[2018.05.17-14.35.11:219][407]LogModuleManager: Shutting down and abandoning module AudioCaptureEditor (536)
[2018.05.17-14.35.11:219][407]LogModuleManager: Shutting down and abandoning module SequenceRecorder (535)
[2018.05.17-14.35.11:229][407]LogModuleManager: Shutting down and abandoning module MatineeToLevelSequence (532)
[2018.05.17-14.35.11:229][407]LogModuleManager: Shutting down and abandoning module LevelSequenceEditor (530)
[2018.05.17-14.35.11:264][407]LogModuleManager: Shutting down and abandoning module PlacementMode (529)
[2018.05.17-14.35.11:264][407]LogModuleManager: Shutting down and abandoning module MaterialEditor (528)
[2018.05.17-14.35.11:300][407]LogModuleManager: Shutting down and abandoning module WmfMediaFactory (524)
[2018.05.17-14.35.11:300][407]LogModuleManager: Shutting down and abandoning module WmfMediaEditor (522)
[2018.05.17-14.35.11:300][407]LogModuleManager: Shutting down and abandoning module MediaPlayerEditor (520)
[2018.05.17-14.35.11:317][407]LogModuleManager: Shutting down and abandoning module OpenExrWrapper (518)
[2018.05.17-14.35.11:317][407]LogModuleManager: Shutting down and abandoning module ImgMediaFactory (516)
[2018.05.17-14.35.11:317][407]LogModuleManager: Shutting down and abandoning module ImgMediaEditor (514)
[2018.05.17-14.35.11:317][407]LogModuleManager: Shutting down and abandoning module AvfMediaFactory (512)
[2018.05.17-14.35.11:317][407]LogModuleManager: Shutting down and abandoning module AvfMediaEditor (510)
[2018.05.17-14.35.11:317][407]LogModuleManager: Shutting down and abandoning module AndroidMediaFactory (508)
[2018.05.17-14.35.11:317][407]LogModuleManager: Shutting down and abandoning module AndroidMediaEditor (506)
[2018.05.17-14.35.11:317][407]LogModuleManager: Shutting down and abandoning module CharacterAI (504)
[2018.05.17-14.35.11:317][407]LogModuleManager: Shutting down and abandoning module SmartSnapping (502)
[2018.05.17-14.35.11:317][407]LogModuleManager: Shutting down and abandoning module SessionServices (500)
[2018.05.17-14.35.11:317][407]LogModuleManager: Shutting down and abandoning module ViewportSnapping (498)
[2018.05.17-14.35.11:317][407]LogModuleManager: Shutting down and abandoning module ViewportInteraction (496)
[2018.05.17-14.35.11:317][407]LogModuleManager: Shutting down and abandoning module ClothPainter (494)
[2018.05.17-14.35.11:325][407]LogModuleManager: Shutting down and abandoning module SkeletalMeshEditor (493)
[2018.05.17-14.35.11:342][407]LogModuleManager: Shutting down and abandoning module LogVisualizer (490)
[2018.05.17-14.35.11:356][407]LogModuleManager: Shutting down and abandoning module IntroTutorials (488)
[2018.05.17-14.35.11:381][407]LogModuleManager: Shutting down and abandoning module GameProjectGeneration (487)
[2018.05.17-14.35.11:391][407]LogModuleManager: Shutting down and abandoning module IOSPlatformEditor (484)
[2018.05.17-14.35.11:391][407]LogModuleManager: Shutting down and abandoning module HTML5PlatformEditor (482)
[2018.05.17-14.35.11:391][407]LogModuleManager: Shutting down and abandoning module AndroidPlatformEditor (480)
[2018.05.17-14.35.11:391][407]LogModuleManager: Shutting down and abandoning module AndroidDeviceDetection (479)
[2018.05.17-14.35.11:592][407]LogModuleManager: Shutting down and abandoning module WindowsPlatformEditor (476)
[2018.05.17-14.35.11:592][407]LogModuleManager: Shutting down and abandoning module IOSRuntimeSettings (474)
[2018.05.17-14.35.11:592][407]LogModuleManager: Shutting down and abandoning module AndroidRuntimeSettings (472)
[2018.05.17-14.35.11:592][407]LogModuleManager: Shutting down and abandoning module InputBindingEditor (470)
[2018.05.17-14.35.11:593][407]LogModuleManager: Shutting down and abandoning module MergeActors (468)
[2018.05.17-14.35.11:706][407]LogModuleManager: Shutting down and abandoning module LocalizationDashboard (466)
[2018.05.17-14.35.11:741][407]LogModuleManager: Shutting down and abandoning module LocalizationService (465)
[2018.05.17-14.35.11:773][407]LogModuleManager: Shutting down and abandoning module HardwareTargeting (462)
[2018.05.17-14.35.11:773][407]LogModuleManager: Shutting down and abandoning module DeviceProfileEditor (460)
[2018.05.17-14.35.11:797][407]LogModuleManager: Shutting down and abandoning module UndoHistory (458)
[2018.05.17-14.35.11:797][407]LogModuleManager: Shutting down and abandoning module XmlParser (456)
[2018.05.17-14.35.11:797][407]LogModuleManager: Shutting down and abandoning module Blutility (454)
[2018.05.17-14.35.11:798][407]LogModuleManager: Shutting down and abandoning module ProjectSettingsViewer (452)
[2018.05.17-14.35.11:798][407]LogModuleManager: Shutting down and abandoning module ProjectTargetPlatformEditor (451)
[2018.05.17-14.35.11:798][407]LogModuleManager: Shutting down and abandoning module EditorSettingsViewer (448)
[2018.05.17-14.35.11:798][407]LogModuleManager: Shutting down and abandoning module SettingsEditor (446)
[2018.05.17-14.35.11:808][407]LogModuleManager: Shutting down and abandoning module ProjectLauncher (444)
[2018.05.17-14.35.11:809][407]LogModuleManager: Shutting down and abandoning module SessionFrontend (442)
[2018.05.17-14.35.11:870][407]LogModuleManager: Shutting down and abandoning module ProfilerClient (440)
[2018.05.17-14.35.11:882][407]LogModuleManager: Shutting down and abandoning module DeviceManager (438)
[2018.05.17-14.35.11:907][407]LogModuleManager: Shutting down and abandoning module TargetDeviceServices (437)
[2018.05.17-14.35.11:971][407]LogModuleManager: Shutting down and abandoning module AutomationController (434)
[2018.05.17-14.35.12:067][407]LogModuleManager: Shutting down and abandoning module AutomationWindow (432)
[2018.05.17-14.35.12:091][407]LogModuleManager: Shutting down and abandoning module Layers (430)
[2018.05.17-14.35.12:105][407]LogModuleManager: Shutting down and abandoning module ComponentVisualizers (428)
[2018.05.17-14.35.12:105][407]LogModuleManager: Shutting down and abandoning module DetailCustomizations (426)
[2018.05.17-14.35.12:105][407]LogModuleManager: Shutting down and abandoning module PackagesDialog (424)
[2018.05.17-14.35.12:105][407]LogModuleManager: Shutting down and abandoning module Persona (422)
[2018.05.17-14.35.12:116][407]LogModuleManager: Shutting down and abandoning module AdvancedPreviewScene (421)
[2018.05.17-14.35.12:116][407]LogModuleManager: Shutting down and abandoning module AnimGraph (419)
[2018.05.17-14.35.12:116][407]LogModuleManager: Shutting down and abandoning module Kismet (416)
[2018.05.17-14.35.12:178][407]LogModuleManager: Shutting down and abandoning module GraphEditor (414)
[2018.05.17-14.35.12:178][407]LogModuleManager: Shutting down and abandoning module ClassViewer (412)
[2018.05.17-14.35.12:178][407]LogModuleManager: Shutting down and abandoning module Toolbox (410)
[2018.05.17-14.35.12:178][407]LogModuleManager: Shutting down and abandoning module ModuleUI (408)
[2018.05.17-14.35.12:178][407]LogModuleManager: Shutting down and abandoning module MovieSceneTools (406)
[2018.05.17-14.35.12:187][407]LogModuleManager: Shutting down and abandoning module OutputLog (404)
[2018.05.17-14.35.12:195][407]LogModuleManager: Shutting down and abandoning module GammaUI (402)
[2018.05.17-14.35.12:196][407]LogModuleManager: Shutting down and abandoning module Documentation (400)
[2018.05.17-14.35.12:196][407]LogModuleManager: Shutting down and abandoning module MovieSceneTracks (398)
[2018.05.17-14.35.12:196][407]LogModuleManager: Shutting down and abandoning module MovieScene (396)
[2018.05.17-14.35.12:196][407]LogModuleManager: Shutting down and abandoning module StreamingPauseRendering (394)
[2018.05.17-14.35.12:196][407]LogModuleManager: Shutting down and abandoning module LauncherPlatform (392)
[2018.05.17-14.35.12:196][407]LogModuleManager: Shutting down and abandoning module AnalyticsET (390)
[2018.05.17-14.35.12:196][407]LogModuleManager: Shutting down and abandoning module PortalServices (388)
[2018.05.17-14.35.12:196][407]LogModuleManager: Shutting down and abandoning module PortalRpc (386)
[2018.05.17-14.35.12:196][407]LogModuleManager: Shutting down and abandoning module MessagingRpc (384)
[2018.05.17-14.35.12:196][407]LogModuleManager: Shutting down and abandoning module AIModule (382)
[2018.05.17-14.35.12:197][407]LogModuleManager: Shutting down and abandoning module GameplayDebugger (381)
[2018.05.17-14.35.12:197][407]LogModuleManager: Shutting down and abandoning module AITestSuite (379)
[2018.05.17-14.35.12:207][407]LogModuleManager: Shutting down and abandoning module DesktopPlatform (376)
[2018.05.17-14.35.12:208][407]LogModuleManager: Shutting down and abandoning module ProfilerService (374)
[2018.05.17-14.35.12:434][407]LogModuleManager: Shutting down and abandoning module TaskGraph (372)
[2018.05.17-14.35.12:468][407]LogModuleManager: Shutting down and abandoning module SteamVRController (370)
[2018.05.17-14.35.12:468][407]LogModuleManager: Shutting down and abandoning module ProceduralMeshComponentEditor (368)
[2018.05.17-14.35.12:468][407]LogModuleManager: Shutting down and abandoning module ProceduralMeshComponent (366)
[2018.05.17-14.35.12:473][407]LogModuleManager: Shutting down and abandoning module OculusInput (364)
[2018.05.17-14.35.12:473][407]LogModuleManager: Shutting down and abandoning module MobilePatchingUtils (362)
[2018.05.17-14.35.12:473][407]LogModuleManager: Shutting down and abandoning module CustomMeshComponent (360)
[2018.05.17-14.35.12:473][407]LogModuleManager: Shutting down and abandoning module CableComponent (358)
[2018.05.17-14.35.12:473][407]LogModuleManager: Shutting down and abandoning module AudioCapture (356)
[2018.05.17-14.35.12:473][407]LogModuleManager: Shutting down and abandoning module ArchVisCharacter (354)
[2018.05.17-14.35.12:473][407]LogModuleManager: Shutting down and abandoning module AndroidPermission (352)
[2018.05.17-14.35.12:473][407]LogModuleManager: Shutting down and abandoning module NUTUnrealEngine4 (348)
[2018.05.17-14.35.12:473][407]LogModuleManager: Shutting down and abandoning module NetcodeUnitTest (346)
[2018.05.17-14.35.12:491][407]LogModuleManager: Shutting down and abandoning module MediaCompositingEditor (344)
[2018.05.17-14.35.12:491][407]LogModuleManager: Shutting down and abandoning module MediaCompositing (342)
[2018.05.17-14.35.12:491][407]LogModuleManager: Shutting down and abandoning module LinearTimecode (340)
[2018.05.17-14.35.12:491][407]LogModuleManager: Shutting down and abandoning module ImgMedia (338)
[2018.05.17-14.35.12:503][407]LogModuleManager: Shutting down and abandoning module HTML5Networking (336)
[2018.05.17-14.35.12:503][407]LogModuleManager: Shutting down and abandoning module AlembicImporter (334)
[2018.05.17-14.35.12:519][407]LogModuleManager: Shutting down and abandoning module AlembicLibrary (333)
[2018.05.17-14.35.12:519][407]LogModuleManager: Shutting down and abandoning module GeometryCache (332)
[2018.05.17-14.35.12:519][407]LogModuleManager: Shutting down and abandoning module GeometryCacheEd (331)
[2018.05.17-14.35.12:519][407]LogModuleManager: Shutting down and abandoning module DatasmithContent (326)
[2018.05.17-14.35.12:519][407]LogModuleManager: Shutting down and abandoning module SpeedTreeImporter (324)
[2018.05.17-14.35.12:519][407]LogModuleManager: Shutting down and abandoning module PluginBrowser (322)
[2018.05.17-14.35.12:537][407]LogModuleManager: Shutting down and abandoning module MobileLauncherProfileWizard (320)
[2018.05.17-14.35.12:548][407]LogModuleManager: Shutting down and abandoning module CryptoKeysOpenSSL (318)
[2018.05.17-14.35.12:553][407]LogModuleManager: Shutting down and abandoning module CryptoKeys (316)
[2018.05.17-14.35.12:553][407]LogModuleManager: Shutting down and abandoning module VisualStudioSourceCodeAccess (314)
[2018.05.17-14.35.12:553][407]LogModuleManager: Shutting down and abandoning module VisualStudioCodeSourceCodeAccess (312)
[2018.05.17-14.35.12:553][407]LogModuleManager: Shutting down and abandoning module UObjectPlugin (310)
[2018.05.17-14.35.12:553][407]LogModuleManager: Shutting down and abandoning module SubversionSourceControl (308)
[2018.05.17-14.35.12:562][407]LogModuleManager: Shutting down and abandoning module PerforceSourceControl (306)
[2018.05.17-14.35.12:571][407]LogModuleManager: Shutting down and abandoning module GitSourceControl (304)
[2018.05.17-14.35.12:572][407]LogModuleManager: Shutting down and abandoning module SourceControl (303)
[2018.05.17-14.35.12:584][407]LogModuleManager: Shutting down and abandoning module CLionSourceCodeAccess (300)
[2018.05.17-14.35.12:584][407]LogModuleManager: Shutting down and abandoning module LightPropagationVolumeEditor (298)
[2018.05.17-14.35.12:584][407]LogModuleManager: Shutting down and abandoning module PaperTiledImporter (296)
[2018.05.17-14.35.12:584][407]LogModuleManager: Shutting down and abandoning module PaperSpriteSheetImporter (294)
[2018.05.17-14.35.12:584][407]LogModuleManager: Shutting down and abandoning module Paper2DEditor (292)
[2018.05.17-14.35.12:597][407]LogModuleManager: Shutting down and abandoning module MeshPaint (291)
[2018.05.17-14.35.12:608][407]LogModuleManager: Shutting down and abandoning module RuntimePhysXCooking (288)
[2018.05.17-14.35.12:608][407]LogModuleManager: Shutting down and abandoning module PhysXVehiclesEditor (286)
[2018.05.17-14.35.12:608][407]LogModuleManager: Shutting down and abandoning module PhysXVehicles (284)
[2018.05.17-14.35.12:608][407]LogModuleManager: Shutting down and abandoning module OculusEditor (282)
[2018.05.17-14.35.12:609][407]LogModuleManager: Shutting down and abandoning module LocationServicesBPLibrary (280)
[2018.05.17-14.35.12:609][407]LogModuleManager: Shutting down and abandoning module ImmediatePhysicsEditor (278)
[2018.05.17-14.35.12:609][407]LogModuleManager: Shutting down and abandoning module ImmediatePhysics (276)
[2018.05.17-14.35.12:614][407]LogModuleManager: Shutting down and abandoning module ActorSequence (274)
[2018.05.17-14.35.12:614][407]LogModuleManager: Shutting down and abandoning module UdpMessaging (272)
[2018.05.17-14.35.12:719][407]LogModuleManager: Shutting down and abandoning module TcpMessaging (270)
[2018.05.17-14.35.12:829][407]LogModuleManager: Shutting down and abandoning module GameplayTagsEditor (268)
[2018.05.17-14.35.12:837][407]LogModuleManager: Shutting down and abandoning module FacialAnimationEditor (266)
[2018.05.17-14.35.12:837][407]LogModuleManager: Shutting down and abandoning module FacialAnimation (264)
[2018.05.17-14.35.12:837][407]LogModuleManager: Shutting down and abandoning module DataValidation (262)
[2018.05.17-14.35.12:848][407]LogModuleManager: Shutting down and abandoning module AssetManagerEditor (260)
[2018.05.17-14.35.12:862][407]LogModuleManager: Shutting down and abandoning module LevelEditor (259)
[2018.05.17-14.35.12:875][407]LogModuleManager: Shutting down and abandoning module PixelInspectorModule (258)
[2018.05.17-14.35.12:907][407]LogModuleManager: Shutting down and abandoning module CommonMenuExtensions (256)
[2018.05.17-14.35.12:907][407]LogModuleManager: Shutting down and abandoning module MainFrame (254)
[2018.05.17-14.35.12:908][407]LogModuleManager: Shutting down and abandoning module HotReload (253)
[2018.05.17-14.35.12:917][407]LogModuleManager: Shutting down and abandoning module ContentBrowser (249)
[2018.05.17-14.35.12:919][407]LogModuleManager: Shutting down and abandoning module TreeMap (247)
[2018.05.17-14.35.12:920][407]LogModuleManager: Shutting down and abandoning module LightPropagationVolumeRuntime (244)
[2018.05.17-14.35.12:920][407]LogModuleManager: Shutting down and abandoning module LiveLinkEditor (242)
[2018.05.17-14.35.12:922][407]LogModuleManager: Shutting down and abandoning module LiveLink (240)
[2018.05.17-14.35.13:590][407]LogModuleManager: Shutting down and abandoning module Paper2D (238)
[2018.05.17-14.35.13:621][407]LogModuleManager: Shutting down and abandoning module WindowsMoviePlayer (236)
[2018.05.17-14.35.13:621][407]LogModuleManager: Shutting down and abandoning module WmfMedia (234)
[2018.05.17-14.35.13:682][407]LogModuleManager: Shutting down and abandoning module Media (233)
[2018.05.17-14.35.13:687][407]LogModuleManager: Shutting down and abandoning module PacketHandler (230)
[2018.05.17-14.35.13:687][407]LogModuleManager: Shutting down and abandoning module ClothingSystemEditor (228)
[2018.05.17-14.35.13:687][407]LogModuleManager: Shutting down and abandoning module ClothingSystemRuntime (226)
[2018.05.17-14.35.13:712][407]LogModuleManager: Shutting down and abandoning module MediaAssets (224)
[2018.05.17-14.35.13:712][407]LogModuleManager: Shutting down and abandoning module Overlay (222)
[2018.05.17-14.35.13:712][407]LogModuleManager: Shutting down and abandoning module OverlayEditor (221)
[2018.05.17-14.35.13:712][407]LogModuleManager: Shutting down and abandoning module VREditor (218)
[2018.05.17-14.35.13:890][407]LogModuleManager: Shutting down and abandoning module StringTableEditor (216)
[2018.05.17-14.35.13:890][407]LogModuleManager: Shutting down and abandoning module GameplayTasksEditor (214)
[2018.05.17-14.35.13:891][407]LogModuleManager: Shutting down and abandoning module BehaviorTreeEditor (212)
[2018.05.17-14.35.14:017][407]LogModuleManager: Shutting down and abandoning module FunctionalTesting (210)
[2018.05.17-14.35.14:028][407]LogModuleManager: Shutting down and abandoning module CollisionAnalyzer (208)
[2018.05.17-14.35.14:047][407]LogModuleManager: Shutting down and abandoning module WorkspaceMenuStructure (207)
[2018.05.17-14.35.14:047][407]LogModuleManager: Shutting down and abandoning module UMG (204)
[2018.05.17-14.35.14:047][407]LogModuleManager: Shutting down and abandoning module UMGEditor (203)
[2018.05.17-14.35.14:047][407]LogModuleManager: Shutting down and abandoning module Sequencer (202)
[2018.05.17-14.35.14:047][407]LogModuleManager: Shutting down and abandoning module MessageLog (199)
[2018.05.17-14.35.14:057][407]LogModuleManager: Shutting down and abandoning module SlateReflector (194)
[2018.05.17-14.35.14:133][407]LogModuleManager: Shutting down and abandoning module Slate (192)
[2018.05.17-14.35.14:133][407]LogModuleManager: Shutting down and abandoning module EditorStyle (190)
[2018.05.17-14.35.14:137][407]LogModuleManager: Shutting down and abandoning module MRMesh (188)
[2018.05.17-14.35.14:137][407]LogModuleManager: Shutting down and abandoning module SourceCodeAccess (186)
[2018.05.17-14.35.14:138][407]LogModuleManager: Shutting down and abandoning module HeadMountedDisplay (184)
[2018.05.17-14.35.14:138][407]LogModuleManager: Shutting down and abandoning module XAudio2 (182)
[2018.05.17-14.35.14:138][407]LogModuleManager: Shutting down and abandoning module Networking (180)
[2018.05.17-14.35.14:138][407]LogModuleManager: Shutting down and abandoning module Core (178)
[2018.05.17-14.35.14:138][407]LogModuleManager: Shutting down and abandoning module LevelSequence (176)
[2018.05.17-14.35.14:161][407]LogModuleManager: Shutting down and abandoning module KismetCompiler (174)
[2018.05.17-14.35.14:162][407]LogModuleManager: Shutting down and abandoning module MeshUtilities (172)
[2018.05.17-14.35.14:162][407]LogModuleManager: Shutting down and abandoning module MeshMergeUtilities (171)
[2018.05.17-14.35.14:162][407]LogModuleManager: Shutting down and abandoning module MeshReductionInterface (170)
[2018.05.17-14.35.14:162][407]LogModuleManager: Shutting down and abandoning module SimplygonSwarm (169)
[2018.05.17-14.35.14:191][407]LogModuleManager: Shutting down and abandoning module SimplygonMeshReduction (167)
[2018.05.17-14.35.14:222][407]LogModuleManager: Shutting down and abandoning module QuadricMeshReduction (165)
[2018.05.17-14.35.14:222][407]LogModuleManager: Shutting down and abandoning module MaterialBaking (161)
[2018.05.17-14.35.14:233][407]LogModuleManager: Shutting down and abandoning module DirectoryWatcher (157)
[2018.05.17-14.35.14:233][407]LogModuleManager: Shutting down and abandoning module DerivedDataCache (154)
[2018.05.17-14.35.14:299][407]LogDerivedDataCache: Shutdown
[2018.05.17-14.35.14:300][407]LogModuleManager: Shutting down and abandoning module XGEController (152)
[2018.05.17-14.35.14:300][407]LogXGEController: Cleaning working directory: C:/Users/Samy/AppData/Local/Temp/UnrealXGEWorkingDir/
[2018.05.17-14.35.14:300][407]LogModuleManager: Shutting down and abandoning module TargetPlatform (150)
[2018.05.17-14.35.14:300][407]LogModuleManager: Shutting down and abandoning module VulkanShaderFormat (149)
[2018.05.17-14.35.14:322][407]LogModuleManager: Shutting down and abandoning module ShaderFormatVectorVM (147)
[2018.05.17-14.35.14:349][407]LogModuleManager: Shutting down and abandoning module ShaderFormatOpenGL (145)
[2018.05.17-14.35.14:388][407]LogModuleManager: Shutting down and abandoning module ShaderFormatD3D (143)
[2018.05.17-14.35.14:388][407]LogModuleManager: Shutting down and abandoning module MetalShaderFormat (141)
[2018.05.17-14.35.14:429][407]LogModuleManager: Shutting down and abandoning module TextureFormatUncompressed (139)
[2018.05.17-14.35.14:429][407]LogModuleManager: Shutting down and abandoning module TextureFormatPVR (137)
[2018.05.17-14.35.14:429][407]LogModuleManager: Shutting down and abandoning module TextureFormatDXT (135)
[2018.05.17-14.35.14:429][407]LogModuleManager: Shutting down and abandoning module TextureFormatIntelISPCTexComp (133)
[2018.05.17-14.35.14:429][407]LogModuleManager: Shutting down and abandoning module TextureFormatASTC (131)
[2018.05.17-14.35.14:429][407]LogModuleManager: Shutting down and abandoning module ImageWrapper (130)
[2018.05.17-14.35.14:429][407]LogModuleManager: Shutting down and abandoning module TextureFormatAndroid (127)
[2018.05.17-14.35.14:429][407]LogModuleManager: Shutting down and abandoning module AudioFormatOpus (125)
[2018.05.17-14.35.14:429][407]LogModuleManager: Shutting down and abandoning module AudioFormatOgg (123)
[2018.05.17-14.35.14:429][407]LogModuleManager: Shutting down and abandoning module AudioFormatADPCM (121)
[2018.05.17-14.35.14:429][407]LogModuleManager: Shutting down and abandoning module LinuxTargetPlatform (119)
[2018.05.17-14.35.14:429][407]LogModuleManager: Shutting down and abandoning module LinuxServerTargetPlatform (117)
[2018.05.17-14.35.14:429][407]LogModuleManager: Shutting down and abandoning module LinuxNoEditorTargetPlatform (115)
[2018.05.17-14.35.14:429][407]LogModuleManager: Shutting down and abandoning module LinuxClientTargetPlatform (113)
[2018.05.17-14.35.14:429][407]LogModuleManager: Shutting down and abandoning module TVOSTargetPlatform (111)
[2018.05.17-14.35.14:430][407]LogModuleManager: Shutting down and abandoning module Messaging (109)
[2018.05.17-14.35.14:430][407]LogModuleManager: Shutting down and abandoning module IOSTargetPlatform (107)
[2018.05.17-14.35.14:430][407]LogModuleManager: Shutting down and abandoning module HTML5TargetPlatform (105)
[2018.05.17-14.35.14:430][407]LogModuleManager: Shutting down and abandoning module AndroidTargetPlatform (103)
[2018.05.17-14.35.14:430][407]LogModuleManager: Shutting down and abandoning module Android_PVRTCTargetPlatform (101)
[2018.05.17-14.35.14:430][407]LogModuleManager: Shutting down and abandoning module Android_MultiTargetPlatform (99)
[2018.05.17-14.35.14:430][407]LogModuleManager: Shutting down and abandoning module Android_ETC2TargetPlatform (97)
[2018.05.17-14.35.14:430][407]LogModuleManager: Shutting down and abandoning module Android_ETC1TargetPlatform (95)
[2018.05.17-14.35.14:430][407]LogModuleManager: Shutting down and abandoning module Android_ETC1aTargetPlatform (93)
[2018.05.17-14.35.14:430][407]LogModuleManager: Shutting down and abandoning module Android_DXTTargetPlatform (91)
[2018.05.17-14.35.14:430][407]LogModuleManager: Shutting down and abandoning module Android_ATCTargetPlatform (89)
[2018.05.17-14.35.14:430][407]LogModuleManager: Shutting down and abandoning module Android_ASTCTargetPlatform (87)
[2018.05.17-14.35.14:430][407]LogModuleManager: Shutting down and abandoning module WindowsTargetPlatform (85)
[2018.05.17-14.35.14:430][407]LogModuleManager: Shutting down and abandoning module WindowsServerTargetPlatform (83)
[2018.05.17-14.35.14:430][407]LogModuleManager: Shutting down and abandoning module WindowsNoEditorTargetPlatform (81)
[2018.05.17-14.35.14:430][407]LogModuleManager: Shutting down and abandoning module WindowsClientTargetPlatform (79)
[2018.05.17-14.35.14:430][407]LogModuleManager: Shutting down and abandoning module MacTargetPlatform (77)
[2018.05.17-14.35.14:430][407]LogModuleManager: Shutting down and abandoning module MacServerTargetPlatform (75)
[2018.05.17-14.35.14:430][407]LogModuleManager: Shutting down and abandoning module MacNoEditorTargetPlatform (73)
[2018.05.17-14.35.14:430][407]LogModuleManager: Shutting down and abandoning module MacClientTargetPlatform (71)
[2018.05.17-14.35.14:431][407]LogModuleManager: Shutting down and abandoning module AllDesktopTargetPlatform (69)
[2018.05.17-14.35.14:431][407]LogModuleManager: Shutting down and abandoning module InputCore (66)
[2018.05.17-14.35.14:431][407]LogModuleManager: Shutting down and abandoning module Settings (64)
[2018.05.17-14.35.14:431][407]LogModuleManager: Shutting down and abandoning module PhysXCooking (62)
[2018.05.17-14.35.14:431][407]LogModuleManager: Shutting down and abandoning module SteamVR (60)
[2018.05.17-14.35.14:431][407]LogModuleManager: Shutting down and abandoning module OculusHMD (58)
[2018.05.17-14.35.14:435][407]LogModuleManager: Shutting down and abandoning module ExampleDeviceProfileSelector (56)
[2018.05.17-14.35.14:435][407]LogModuleManager: Shutting down and abandoning module AppleARKit (54)
[2018.05.17-14.35.14:435][407]LogModuleManager: Shutting down and abandoning module AugmentedReality (51)
[2018.05.17-14.35.14:435][407]LogModuleManager: Shutting down and abandoning module OnlineBlueprintSupport (48)
[2018.05.17-14.35.14:435][407]LogModuleManager: Shutting down and abandoning module OnlineSubsystem (44)
[2018.05.17-14.35.14:495][407]LogModuleManager: Shutting down and abandoning module XMPP (43)
[2018.05.17-14.35.14:548][407]LogModuleManager: Shutting down and abandoning module HTTP (41)
[2018.05.17-14.35.14:592][407]LogHttp: Display: Http module shutting down, but needs to wait on 1 outstanding Http requests:
[2018.05.17-14.35.14:592][407]LogHttp: Display: 	verb=[POST] url=[https://datarouter.ol.epicgames.com/datarouter/api/v1/public/data?SessionID=%7B4AFD9D6A-4E6E-C6EC-03CD-B593E708706E%7D&AppID=UEEditor.Rocket.Release&AppVersion=4.19.1-3989454%2B%2B%2BUE4%2BRelease-4.19&UserID=b033bdc1405dbc4bf9aef69dca1c7eb8%7Cdc463975acf14fd0a815b8bebfd85859%7Ca97a2bc6-b817-4776-b521-9f4b25ed7a90&AppEnvironment=datacollector-binary&UploadType=eteventstream] status=Processing
[2018.05.17-14.35.14:610][407]LogModuleManager: Shutting down and abandoning module SSL (40)
[2018.05.17-14.35.14:675][407]LogModuleManager: Shutting down and abandoning module AnimationModifiers (36)
[2018.05.17-14.35.14:754][407]LogModuleManager: Shutting down and abandoning module PropertyEditor (35)
[2018.05.17-14.35.14:790][407]LogModuleManager: Shutting down and abandoning module AudioEditor (32)
[2018.05.17-14.35.14:824][407]LogModuleManager: Shutting down and abandoning module TextureCompressor (30)
[2018.05.17-14.35.14:936][407]LogModuleManager: Shutting down and abandoning module ShaderCore (28)
[2018.05.17-14.35.14:936][407]LogModuleManager: Shutting down and abandoning module Landscape (26)
[2018.05.17-14.35.14:936][407]LogModuleManager: Shutting down and abandoning module SlateRHIRenderer (24)
[2018.05.17-14.35.15:015][407]LogModuleManager: Shutting down and abandoning module OpenGLDrv (22)
[2018.05.17-14.35.15:028][407]LogModuleManager: Shutting down and abandoning module D3D11RHI (20)
[2018.05.17-14.35.15:028][407]LogModuleManager: Shutting down and abandoning module AnimGraphRuntime (18)
[2018.05.17-14.35.15:069][407]LogModuleManager: Shutting down and abandoning module Renderer (16)
[2018.05.17-14.35.15:069][407]LogModuleManager: Shutting down and abandoning module Engine (14)
[2018.05.17-14.35.15:069][407]LogModuleManager: Shutting down and abandoning module CoreUObject (12)
[2018.05.17-14.35.15:069][407]LogModuleManager: Shutting down and abandoning module NetworkFile (10)
[2018.05.17-14.35.15:069][407]LogModuleManager: Shutting down and abandoning module CookedIterativeFile (8)
[2018.05.17-14.35.15:069][407]LogModuleManager: Shutting down and abandoning module StreamingFile (6)
[2018.05.17-14.35.15:069][407]LogModuleManager: Shutting down and abandoning module SandboxFile (4)
[2018.05.17-14.35.15:069][407]LogModuleManager: Shutting down and abandoning module PakFile (2)
[2018.05.17-14.35.15:196][407]LogExit: Exiting.
[2018.05.17-14.35.15:239][407]Log file closed, 05/17/18 17:35:15
