Log file open, 05/02/18 15:20:11
LogWindows: Failed to load 'aqProf.dll' (GetLastError=126)
LogWindows: File 'aqProf.dll' does not exist
LogWindows: Failed to load 'VtuneApi.dll' (GetLastError=126)
LogWindows: File 'VtuneApi.dll' does not exist
LogWindows: Failed to load 'VtuneApi32e.dll' (GetLastError=126)
LogWindows: File 'VtuneApi32e.dll' does not exist
LogInit: Display: Running engine for game: Cameleonul
LogPlatformFile: Not using cached read wrapper
LogInit: Display: RandInit(575834689) SRandInit(575834689).
LogInit: Read version file with build ID '3944462'
LogInit: Overriding engine version to CL 3989454, compatible CL 3944462
LogInit: Registered custom module enumerator with build ID '3944462'
LogTaskGraph: Started task graph with 5 named threads and 23 total threads with 3 sets of task threads.
LogStats: Stats thread started at 1.467457
LogD3D11RHI: Aftermath initialized
LogICUInternationalization: Display: ICU TimeZone Detection - Raw Offset: +2:00, Platform Override: ''
LogModuleManager: Display: Found up-to-date module file ../../../Engine/Plugins/2D/Paper2D/Binaries/Win64/UE4Editor-Paper2D.dll (API version 3944462).
LogModuleManager: Display: Found up-to-date module file ../../../Engine/Plugins/2D/Paper2D/Binaries/Win64/UE4Editor-Paper2DEditor.dll (API version 3944462).
LogModuleManager: Display: Found up-to-date module file ../../../Engine/Plugins/2D/Paper2D/Binaries/Win64/UE4Editor-PaperSpriteSheetImporter.dll (API version 3944462).
LogModuleManager: Display: Found up-to-date module file ../../../Engine/Plugins/2D/Paper2D/Binaries/Win64/UE4Editor-PaperTiledImporter.dll (API version 3944462).
LogModuleManager: Display: Found up-to-date module file ../../../Engine/Plugins/2D/Paper2D/Binaries/Win64/UE4Editor-SmartSnapping.dll (API version 3944462).
LogModuleManager: Display: Found up-to-date module file ../../../Engine/Plugins/Blendables/LightPropagationVolume/Binaries/Win64/UE4Editor-LightPropagationVolumeRuntime.dll (API version 3944462).
LogModuleManager: Display: Found up-to-date module file ../../../Engine/Plugins/Blendables/LightPropagationVolume/Binaries/Win64/UE4Editor-LightPropagationVolumeEditor.dll (API version 3944462).
LogModuleManager: Display: Found up-to-date module file ../../../Engine/Plugins/Developer/CLionSourceCodeAccess/Binaries/Win64/UE4Editor-CLionSourceCodeAccess.dll (API version 3944462).
LogModuleManager: Display: Found up-to-date module file ../../../Engine/Plugins/Developer/GitSourceControl/Binaries/Win64/UE4Editor-GitSourceControl.dll (API version 3944462).
LogModuleManager: Display: Found up-to-date module file ../../../Engine/Plugins/Developer/PerforceSourceControl/Binaries/Win64/UE4Editor-PerforceSourceControl.dll (API version 3944462).
LogModuleManager: Display: Found up-to-date module file ../../../Engine/Plugins/Developer/SubversionSourceControl/Binaries/Win64/UE4Editor-SubversionSourceControl.dll (API version 3944462).
LogModuleManager: Display: Found up-to-date module file ../../../Engine/Plugins/Developer/UObjectPlugin/Binaries/Win64/UE4Editor-UObjectPlugin.dll (API version 3944462).
LogModuleManager: Display: Found up-to-date module file ../../../Engine/Plugins/Developer/VisualStudioCodeSourceCodeAccess/Binaries/Win64/UE4Editor-VisualStudioCodeSourceCodeAccess.dll (API version 3944462).
LogModuleManager: Display: Found up-to-date module file ../../../Engine/Plugins/Developer/VisualStudioSourceCodeAccess/Binaries/Win64/UE4Editor-VisualStudioSourceCodeAccess.dll (API version 3944462).
LogModuleManager: Display: Found up-to-date module file ../../../Engine/Plugins/Editor/AssetManagerEditor/Binaries/Win64/UE4Editor-AssetManagerEditor.dll (API version 3944462).
LogModuleManager: Display: Found up-to-date module file ../../../Engine/Plugins/Editor/CryptoKeys/Binaries/Win64/UE4Editor-CryptoKeys.dll (API version 3944462).
LogModuleManager: Display: Found up-to-date module file ../../../Engine/Plugins/Editor/CryptoKeys/Binaries/Win64/UE4Editor-CryptoKeysOpenSSL.dll (API version 3944462).
LogModuleManager: Display: Found up-to-date module file ../../../Engine/Plugins/Editor/DataValidation/Binaries/Win64/UE4Editor-DataValidation.dll (API version 3944462).
LogModuleManager: Display: Found up-to-date module file ../../../Engine/Plugins/Editor/FacialAnimation/Binaries/Win64/UE4Editor-FacialAnimation.dll (API version 3944462).
LogModuleManager: Display: Found up-to-date module file ../../../Engine/Plugins/Editor/FacialAnimation/Binaries/Win64/UE4Editor-FacialAnimationEditor.dll (API version 3944462).
LogModuleManager: Display: Found up-to-date module file ../../../Engine/Plugins/Editor/GameplayTagsEditor/Binaries/Win64/UE4Editor-GameplayTagsEditor.dll (API version 3944462).
LogModuleManager: Display: Found up-to-date module file ../../../Engine/Plugins/Editor/MobileLauncherProfileWizard/Binaries/Win64/UE4Editor-MobileLauncherProfileWizard.dll (API version 3944462).
LogModuleManager: Display: Found up-to-date module file ../../../Engine/Plugins/Editor/PluginBrowser/Binaries/Win64/UE4Editor-PluginBrowser.dll (API version 3944462).
LogModuleManager: Display: Found up-to-date module file ../../../Engine/Plugins/Editor/SpeedTreeImporter/Binaries/Win64/UE4Editor-SpeedTreeImporter.dll (API version 3944462).
LogModuleManager: Display: Found up-to-date module file ../../../Engine/Plugins/Enterprise/DatasmithContent/Binaries/Win64/UE4Editor-DatasmithContent.dll (API version 3944462).
LogModuleManager: Display: Found up-to-date module file ../../../Engine/Plugins/Experimental/AlembicImporter/Binaries/Win64/UE4Editor-AlembicImporter.dll (API version 3944462).
LogModuleManager: Display: Found up-to-date module file ../../../Engine/Plugins/Experimental/AlembicImporter/Binaries/Win64/UE4Editor-AlembicLibrary.dll (API version 3944462).
LogModuleManager: Display: Found up-to-date module file ../../../Engine/Plugins/Experimental/CharacterAI/Binaries/Win64/UE4Editor-CharacterAI.dll (API version 3944462).
LogModuleManager: Display: Found up-to-date module file ../../../Engine/Plugins/Experimental/HTML5Networking/Binaries/Win64/UE4Editor-HTML5Networking.dll (API version 3944462).
LogModuleManager: Display: Found up-to-date module file ../../../Engine/Plugins/Media/AndroidMedia/Binaries/Win64/UE4Editor-AndroidMediaEditor.dll (API version 3944462).
LogModuleManager: Display: Found up-to-date module file ../../../Engine/Plugins/Media/AndroidMedia/Binaries/Win64/UE4Editor-AndroidMediaFactory.dll (API version 3944462).
LogModuleManager: Display: Found up-to-date module file ../../../Engine/Plugins/Media/AvfMedia/Binaries/Win64/UE4Editor-AvfMediaEditor.dll (API version 3944462).
LogModuleManager: Display: Found up-to-date module file ../../../Engine/Plugins/Media/AvfMedia/Binaries/Win64/UE4Editor-AvfMediaFactory.dll (API version 3944462).
LogModuleManager: Display: Found up-to-date module file ../../../Engine/Plugins/Media/AvfMedia/Binaries/Win64/UE4Editor-AvfMediaFactory.dll (API version 3944462).
LogModuleManager: Display: Found up-to-date module file ../../../Engine/Plugins/Media/ImgMedia/Binaries/Win64/UE4Editor-ImgMedia.dll (API version 3944462).
LogModuleManager: Display: Found up-to-date module file ../../../Engine/Plugins/Media/ImgMedia/Binaries/Win64/UE4Editor-ImgMediaEditor.dll (API version 3944462).
LogModuleManager: Display: Found up-to-date module file ../../../Engine/Plugins/Media/ImgMedia/Binaries/Win64/UE4Editor-ImgMediaFactory.dll (API version 3944462).
LogModuleManager: Display: Found up-to-date module file ../../../Engine/Plugins/Media/ImgMedia/Binaries/Win64/UE4Editor-ImgMediaFactory.dll (API version 3944462).
LogModuleManager: Display: Found up-to-date module file ../../../Engine/Plugins/Media/ImgMedia/Binaries/Win64/UE4Editor-OpenExrWrapper.dll (API version 3944462).
LogModuleManager: Display: Found up-to-date module file ../../../Engine/Plugins/Media/LinearTimecode/Binaries/Win64/UE4Editor-LinearTimecode.dll (API version 3944462).
LogModuleManager: Display: Found up-to-date module file ../../../Engine/Plugins/Media/MediaCompositing/Binaries/Win64/UE4Editor-MediaCompositing.dll (API version 3944462).
LogModuleManager: Display: Found up-to-date module file ../../../Engine/Plugins/Media/MediaCompositing/Binaries/Win64/UE4Editor-MediaCompositingEditor.dll (API version 3944462).
LogModuleManager: Display: Found up-to-date module file ../../../Engine/Plugins/Media/MediaPlayerEditor/Binaries/Win64/UE4Editor-MediaPlayerEditor.dll (API version 3944462).
LogModuleManager: Display: Found up-to-date module file ../../../Engine/Plugins/Media/WmfMedia/Binaries/Win64/UE4Editor-WmfMedia.dll (API version 3944462).
LogModuleManager: Display: Found up-to-date module file ../../../Engine/Plugins/Media/WmfMedia/Binaries/Win64/UE4Editor-WmfMediaEditor.dll (API version 3944462).
LogModuleManager: Display: Found up-to-date module file ../../../Engine/Plugins/Media/WmfMedia/Binaries/Win64/UE4Editor-WmfMediaFactory.dll (API version 3944462).
LogModuleManager: Display: Found up-to-date module file ../../../Engine/Plugins/Media/WmfMedia/Binaries/Win64/UE4Editor-WmfMediaFactory.dll (API version 3944462).
LogModuleManager: Display: Found up-to-date module file ../../../Engine/Plugins/Messaging/TcpMessaging/Binaries/Win64/UE4Editor-TcpMessaging.dll (API version 3944462).
LogModuleManager: Display: Found up-to-date module file ../../../Engine/Plugins/Messaging/UdpMessaging/Binaries/Win64/UE4Editor-UdpMessaging.dll (API version 3944462).
LogModuleManager: Display: Found up-to-date module file ../../../Engine/Plugins/MovieScene/ActorSequence/Binaries/Win64/UE4Editor-ActorSequence.dll (API version 3944462).
LogModuleManager: Display: Found up-to-date module file ../../../Engine/Plugins/MovieScene/LevelSequenceEditor/Binaries/Win64/UE4Editor-LevelSequenceEditor.dll (API version 3944462).
LogModuleManager: Display: Found up-to-date module file ../../../Engine/Plugins/MovieScene/MatineeToLevelSequence/Binaries/Win64/UE4Editor-MatineeToLevelSequence.dll (API version 3944462).
LogModuleManager: Display: Found up-to-date module file ../../../Engine/Plugins/NetcodeUnitTest/NetcodeUnitTest/Binaries/Win64/UE4Editor-NetcodeUnitTest.dll (API version 3944462).
LogModuleManager: Display: Found up-to-date module file ../../../Engine/Plugins/NetcodeUnitTest/NUTUnrealEngine4/Binaries/Win64/UE4Editor-NUTUnrealEngine4.dll (API version 3944462).
LogModuleManager: Display: Found up-to-date module file ../../../Engine/Plugins/Online/OnlineSubsystem/Binaries/Win64/UE4Editor-OnlineSubsystem.dll (API version 3944462).
LogModuleManager: Display: Found up-to-date module file ../../../Engine/Plugins/Runtime/AndroidPermission/Binaries/Win64/UE4Editor-AndroidPermission.dll (API version 3944462).
LogModuleManager: Display: Found up-to-date module file ../../../Engine/Plugins/Online/OnlineSubsystemNull/Binaries/Win64/UE4Editor-OnlineSubsystemNull.dll (API version 3944462).
LogModuleManager: Display: Found up-to-date module file ../../../Engine/Plugins/Online/OnlineSubsystemUtils/Binaries/Win64/UE4Editor-OnlineSubsystemUtils.dll (API version 3944462).
LogModuleManager: Display: Found up-to-date module file ../../../Engine/Plugins/Online/OnlineSubsystemUtils/Binaries/Win64/UE4Editor-OnlineBlueprintSupport.dll (API version 3944462).
LogModuleManager: Display: Found up-to-date module file ../../../Engine/Plugins/Runtime/AndroidDeviceProfileSelector/Binaries/Win64/UE4Editor-AndroidDeviceProfileSelector.dll (API version 3944462).
LogModuleManager: Display: Found up-to-date module file ../../../Engine/Plugins/Runtime/AppleARKit/Binaries/Win64/UE4Editor-AppleARKit.dll (API version 3944462).
LogModuleManager: Display: Found up-to-date module file ../../../Engine/Plugins/Runtime/ProceduralMeshComponent/Binaries/Win64/UE4Editor-ProceduralMeshComponent.dll (API version 3944462).
LogModuleManager: Display: Found up-to-date module file ../../../Engine/Plugins/Runtime/ProceduralMeshComponent/Binaries/Win64/UE4Editor-ProceduralMeshComponentEditor.dll (API version 3944462).
LogModuleManager: Display: Found up-to-date module file ../../../Engine/Plugins/Animation/LiveLink/Binaries/Win64/UE4Editor-LiveLink.dll (API version 3944462).
LogModuleManager: Display: Found up-to-date module file ../../../Engine/Plugins/Animation/LiveLink/Binaries/Win64/UE4Editor-LiveLinkEditor.dll (API version 3944462).
LogModuleManager: Display: Found up-to-date module file ../../../Engine/Plugins/Runtime/ArchVisCharacter/Binaries/Win64/UE4Editor-ArchVisCharacter.dll (API version 3944462).
LogModuleManager: Display: Found up-to-date module file ../../../Engine/Plugins/Runtime/AudioCapture/Binaries/Win64/UE4Editor-AudioCapture.dll (API version 3944462).
LogModuleManager: Display: Found up-to-date module file ../../../Engine/Plugins/Runtime/AudioCapture/Binaries/Win64/UE4Editor-AudioCaptureEditor.dll (API version 3944462).
LogModuleManager: Display: Found up-to-date module file ../../../Engine/Plugins/Runtime/CableComponent/Binaries/Win64/UE4Editor-CableComponent.dll (API version 3944462).
LogModuleManager: Display: Found up-to-date module file ../../../Engine/Plugins/Runtime/CustomMeshComponent/Binaries/Win64/UE4Editor-CustomMeshComponent.dll (API version 3944462).
LogModuleManager: Display: Found up-to-date module file ../../../Engine/Plugins/Runtime/ExampleDeviceProfileSelector/Binaries/Win64/UE4Editor-ExampleDeviceProfileSelector.dll (API version 3944462).
LogModuleManager: Display: Found up-to-date module file ../../../Engine/Plugins/Runtime/ImmediatePhysics/Binaries/Win64/UE4Editor-ImmediatePhysics.dll (API version 3944462).
LogModuleManager: Display: Found up-to-date module file ../../../Engine/Plugins/Runtime/ImmediatePhysics/Binaries/Win64/UE4Editor-ImmediatePhysicsEditor.dll (API version 3944462).
LogModuleManager: Display: Found up-to-date module file ../../../Engine/Plugins/Runtime/LocationServicesBPLibrary/Binaries/Win64/UE4Editor-LocationServicesBPLibrary.dll (API version 3944462).
LogModuleManager: Display: Found up-to-date module file ../../../Engine/Plugins/Runtime/MobilePatchingUtils/Binaries/Win64/UE4Editor-MobilePatchingUtils.dll (API version 3944462).
LogModuleManager: Display: Found up-to-date module file ../../../Engine/Plugins/Runtime/Oculus/OculusVR/Binaries/Win64/UE4Editor-OculusHMD.dll (API version 3944462).
LogModuleManager: Display: Found up-to-date module file ../../../Engine/Plugins/Runtime/Oculus/OculusVR/Binaries/Win64/UE4Editor-OculusInput.dll (API version 3944462).
LogModuleManager: Display: Found up-to-date module file ../../../Engine/Plugins/Runtime/Oculus/OculusVR/Binaries/Win64/UE4Editor-OculusEditor.dll (API version 3944462).
LogModuleManager: Display: Found up-to-date module file ../../../Engine/Plugins/Runtime/PhysXVehicles/Binaries/Win64/UE4Editor-PhysXVehicles.dll (API version 3944462).
LogModuleManager: Display: Found up-to-date module file ../../../Engine/Plugins/Runtime/PhysXVehicles/Binaries/Win64/UE4Editor-PhysXVehiclesEditor.dll (API version 3944462).
LogModuleManager: Display: Found up-to-date module file ../../../Engine/Plugins/Runtime/RuntimePhysXCooking/Binaries/Win64/UE4Editor-RuntimePhysXCooking.dll (API version 3944462).
LogModuleManager: Display: Found up-to-date module file ../../../Engine/Plugins/Runtime/Steam/SteamVR/Binaries/Win64/UE4Editor-SteamVR.dll (API version 3944462).
LogModuleManager: Display: Found up-to-date module file ../../../Engine/Plugins/Runtime/Steam/SteamVR/Binaries/Win64/UE4Editor-SteamVRController.dll (API version 3944462).
LogModuleManager: Display: Found up-to-date module file ../../../Engine/Plugins/Runtime/WindowsMoviePlayer/Binaries/Win64/UE4Editor-WindowsMoviePlayer.dll (API version 3944462).
LogPluginManager: Mounting plugin Paper2D
LogPluginManager: Mounting plugin LiveLink
LogPluginManager: Mounting plugin LightPropagationVolume
LogPluginManager: Mounting plugin CLionSourceCodeAccess
LogPluginManager: Mounting plugin CodeLiteSourceCodeAccess
LogPluginManager: Mounting plugin GitSourceControl
LogPluginManager: Mounting plugin KDevelopSourceCodeAccess
LogPluginManager: Mounting plugin NullSourceCodeAccess
LogPluginManager: Mounting plugin PerforceSourceControl
LogPluginManager: Mounting plugin SubversionSourceControl
LogPluginManager: Mounting plugin UObjectPlugin
LogPluginManager: Mounting plugin VisualStudioCodeSourceCodeAccess
LogPluginManager: Mounting plugin VisualStudioSourceCodeAccess
LogPluginManager: Mounting plugin XCodeSourceCodeAccess
LogPluginManager: Mounting plugin AssetManagerEditor
LogPluginManager: Mounting plugin CryptoKeys
LogPluginManager: Mounting plugin DataValidation
LogPluginManager: Mounting plugin FacialAnimation
LogPluginManager: Mounting plugin GameplayTagsEditor
LogPluginManager: Mounting plugin MobileLauncherProfileWizard
LogPluginManager: Mounting plugin PluginBrowser
LogPluginManager: Mounting plugin SpeedTreeImporter
LogPluginManager: Mounting plugin DatasmithContent
LogPluginManager: Mounting plugin AlembicImporter
LogPluginManager: Mounting plugin CharacterAI
LogPluginManager: Mounting plugin HTML5Networking
LogPluginManager: Mounting plugin AndroidMedia
LogPluginManager: Mounting plugin AvfMedia
LogPluginManager: Mounting plugin ImgMedia
LogPluginManager: Mounting plugin LinearTimecode
LogPluginManager: Mounting plugin MediaCompositing
LogPluginManager: Mounting plugin MediaPlayerEditor
LogPluginManager: Mounting plugin WmfMedia
LogPluginManager: Mounting plugin TcpMessaging
LogPluginManager: Mounting plugin UdpMessaging
LogPluginManager: Mounting plugin ActorSequence
LogPluginManager: Mounting plugin LevelSequenceEditor
LogPluginManager: Mounting plugin MatineeToLevelSequence
LogPluginManager: Mounting plugin NetcodeUnitTest
LogPluginManager: Mounting plugin NUTUnrealEngine4
LogPluginManager: Mounting plugin OnlineSubsystemGooglePlay
LogPluginManager: Mounting plugin OnlineSubsystemIOS
LogPluginManager: Mounting plugin OnlineSubsystem
LogPluginManager: Mounting plugin OnlineSubsystemNull
LogPluginManager: Mounting plugin OnlineSubsystemUtils
LogPluginManager: Mounting plugin AndroidDeviceProfileSelector
LogPluginManager: Mounting plugin AndroidMoviePlayer
LogPluginManager: Mounting plugin AndroidPermission
LogPluginManager: Mounting plugin AppleARKit
LogPluginManager: Mounting plugin AppleMoviePlayer
LogPluginManager: Mounting plugin ArchVisCharacter
LogPluginManager: Mounting plugin AudioCapture
LogPluginManager: Mounting plugin CableComponent
LogPluginManager: Mounting plugin CustomMeshComponent
LogPluginManager: Mounting plugin ExampleDeviceProfileSelector
LogPluginManager: Mounting plugin GoogleCloudMessaging
LogPluginManager: Mounting plugin ImmediatePhysics
LogPluginManager: Mounting plugin IOSDeviceProfileSelector
LogPluginManager: Mounting plugin LinuxDeviceProfileSelector
LogPluginManager: Mounting plugin LocationServicesBPLibrary
LogPluginManager: Mounting plugin MobilePatchingUtils
LogPluginManager: Mounting plugin OculusVR
LogPluginManager: Plugin shader directory ../../../Engine/Plugins/Runtime/Oculus/OculusVR/Shaders found
LogPluginManager: Mapping shader source directory ../../../Engine/Plugins/Runtime/Oculus/OculusVR/Shaders to virtual directory /Plugin/OculusVR
LogPluginManager: Mounting plugin PhysXVehicles
LogPluginManager: Mounting plugin ProceduralMeshComponent
LogPluginManager: Mounting plugin RuntimePhysXCooking
LogPluginManager: Mounting plugin SteamVR
LogPluginManager: Mounting plugin WindowsMoviePlayer
LogStreaming: Display: Took  6.035s to configure plugins.
LogInit: Using libcurl 7.47.1
LogInit:  - built for x86_64-pc-win32
LogInit:  - supports SSL with OpenSSL/1.0.2g
LogInit:  - supports HTTP deflate (compression) using libz 1.2.8
LogInit:  - other features:
LogInit:      CURL_VERSION_SSL
LogInit:      CURL_VERSION_LIBZ
LogInit:      CURL_VERSION_IPV6
LogInit:      CURL_VERSION_ASYNCHDNS
LogInit:      CURL_VERSION_LARGEFILE
LogInit:      CURL_VERSION_IDN
LogInit:  CurlRequestOptions (configurable via config and command line):
LogInit:  - bVerifyPeer = false  - Libcurl will NOT verify peer certificate
LogInit:  - bUseHttpProxy = false  - Libcurl will NOT use HTTP proxy
LogInit:  - bDontReuseConnections = false  - Libcurl will reuse connections
LogInit:  - CertBundlePath = nullptr  - Libcurl will use whatever was configured at build time.
LogInit:  - MaxHostConnections = 16  - Libcurl will limit the number of connections to a host
LogInit:  - LocalHostAddr = Default
LogInit: WinSock: version 1.1 (2.2), MaxSocks=32767, MaxUdp=65467
LogInit: WinSock: I am DESKTOP-KGKR5TQ (192.168.56.1:0)
LogInit: Build: ++UE4+Release-4.19-CL-3989454
LogInit: Engine Version: 4.19.1-3989454+++UE4+Release-4.19
LogInit: Compatible Engine Version: 4.19.0-3944462+++UE4+Release-4.19
LogInit: Net CL: 3944462
LogDevObjectVersion: Number of dev versions registered: 18
LogDevObjectVersion:   Dev-Blueprints (B0D832E4-1F89-4F0D-ACCF-7EB736FD4AA2): 10
LogDevObjectVersion:   Dev-Build (E1C64328-A22C-4D53-A36C-8E866417BD8C): 0
LogDevObjectVersion:   Dev-Core (375EC13C-06E4-48FB-B500-84F0262A717E): 2
LogDevObjectVersion:   Dev-Editor (E4B068ED-F494-42E9-A231-DA0B2E46BB41): 23
LogDevObjectVersion:   Dev-Framework (CFFC743F-43B0-4480-9391-14DF171D2073): 33
LogDevObjectVersion:   Dev-Mobile (B02B49B5-BB20-44E9-A304-32B752E40360): 2
LogDevObjectVersion:   Dev-Networking (A4E4105C-59A1-49B5-A7C5-40C4547EDFEE): 0
LogDevObjectVersion:   Dev-Online (39C831C9-5AE6-47DC-9A44-9C173E1C8E7C): 0
LogDevObjectVersion:   Dev-Physics (78F01B33-EBEA-4F98-B9B4-84EACCB95AA2): 0
LogDevObjectVersion:   Dev-Platform (6631380F-2D4D-43E0-8009-CF276956A95A): 0
LogDevObjectVersion:   Dev-Rendering (12F88B9F-8875-4AFC-A67C-D90C383ABD29): 25
LogDevObjectVersion:   Dev-Sequencer (7B5AE74C-D270-4C10-A958-57980B212A5A): 6
LogDevObjectVersion:   Dev-VR (D7296918-1DD6-4BDD-9DE2-64A83CC13884): 1
LogDevObjectVersion:   Dev-LoadTimes (C2A15278-BFE7-4AFE-6C17-90FF531DF755): 1
LogDevObjectVersion:   Private-Geometry (6EACA3D4-40EC-4CC1-B786-8BED09428FC5): 2
LogDevObjectVersion:   Dev-AnimPhys (29E575DD-E0A3-4627-9D10-D276232CDCEA): 16
LogDevObjectVersion:   Dev-ReflectionCapture (6B266CEC-1EC7-4B8F-A30B-E4D90942FC07): 1
LogDevObjectVersion:   Dev-Automation (0DF73D61-A23F-47EA-B727-89E90C41499A): 1
LogInit: Compiled (64-bit): Apr  6 2018 12:26:04
LogInit: Compiled with Visual C++: 19.00.24215.01
LogInit: Build Configuration: Development
LogInit: Branch Name: ++UE4+Release-4.19
LogInit: Command Line:  
LogInit: Base Directory: C:/Program Files/Epic Games/UE_4.19/Engine/Binaries/Win64/
LogInit: Installed Engine Build: 1
LogStreaming: Display: Took  0.003s to delete old logs.
LogInit: Presizing for max 8388607 objects, including 0 objects not considered by GC, pre-allocating 0 bytes for permanent pool.
LogInit: Object subsystem initialized
[2018.05.02-12.20.19:688][  0]LogInit: Selected Device Profile: [Windows]
[2018.05.02-12.20.19:688][  0]LogInit: Applying CVar settings loaded from the selected device profile: [Windows]
[2018.05.02-12.20.19:835][  0]LogInit: Computer: DESKTOP-KGKR5TQ
[2018.05.02-12.20.19:835][  0]LogInit: User: Samy
[2018.05.02-12.20.19:835][  0]LogInit: CPU Page size=4096, Cores=4
[2018.05.02-12.20.19:835][  0]LogInit: High frequency timer resolution =2.742185 MHz
[2018.05.02-12.20.19:835][  0]LogMemory: Memory total: Physical=7.9GB (8GB approx)
[2018.05.02-12.20.19:835][  0]LogMemory: Platform Memory Stats for Windows
[2018.05.02-12.20.19:835][  0]LogMemory: Process Physical Memory: 275.58 MB used, 275.58 MB peak
[2018.05.02-12.20.19:835][  0]LogMemory: Process Virtual Memory: 264.87 MB used, 264.87 MB peak
[2018.05.02-12.20.19:835][  0]LogMemory: Physical Memory: 5375.04 MB used,  2701.79 MB free, 8076.83 MB total
[2018.05.02-12.20.19:835][  0]LogMemory: Virtual Memory: 697.87 MB used,  2701.79 MB free, 134217728.00 MB total
[2018.05.02-12.20.23:162][  0]LogInit: Using OS detected language (ro-RO).
[2018.05.02-12.20.23:162][  0]LogInit: Using OS detected locale (ro-RO).
[2018.05.02-12.20.23:837][  0]LogTextLocalizationManager: No localization for 'ro-RO' exists, so 'en' will be used for the language.
[2018.05.02-12.20.24:849][  0]LogStreaming: Display: Took  1.776s to EndInitTextLocalization.
[2018.05.02-12.20.24:903][  0]LogInit: Setting process to per monitor DPI aware
[2018.05.02-12.20.27:066][  0]LogSlate: New Slate User Created.  User Index 0, Is Virtual User: 0
[2018.05.02-12.20.27:066][  0]LogSlate: Slate User Registered.  User Index 0, Is Virtual User: 0
[2018.05.02-12.20.34:466][  0]LogD3D11RHI: D3D11 adapters:
[2018.05.02-12.20.35:901][  0]LogD3D11RHI:    0. 'NVIDIA GeForce GTX 1050' (Feature Level 11_0)
[2018.05.02-12.20.35:901][  0]LogD3D11RHI:       4021/0/4038 MB DedicatedVideo/DedicatedSystem/SharedSystem, Outputs:1, VendorId:0x10de
[2018.05.02-12.20.35:913][  0]LogD3D11RHI:    1. 'Intel(R) HD Graphics 630' (Feature Level 11_0)
[2018.05.02-12.20.35:913][  0]LogD3D11RHI:       128/0/4038 MB DedicatedVideo/DedicatedSystem/SharedSystem, Outputs:0, VendorId:0x8086
[2018.05.02-12.20.35:925][  0]LogD3D11RHI:    2. 'Microsoft Basic Render Driver' (Feature Level 11_0)
[2018.05.02-12.20.35:925][  0]LogD3D11RHI:       0/0/4038 MB DedicatedVideo/DedicatedSystem/SharedSystem, Outputs:0, VendorId:0x1414
[2018.05.02-12.20.35:925][  0]LogD3D11RHI: Chosen D3D11 Adapter: 0
[2018.05.02-12.20.35:954][  0]LogD3D11RHI: Creating new Direct3DDevice
[2018.05.02-12.20.35:954][  0]LogD3D11RHI:     GPU DeviceId: 0x1c8d (for the marketing name, search the web for "GPU Device Id")
[2018.05.02-12.20.35:954][  0]LogWindows: EnumDisplayDevices:
[2018.05.02-12.20.35:954][  0]LogWindows:    0. 'Intel(R) HD Graphics 630' (P:1 D:1)
[2018.05.02-12.20.35:955][  0]LogWindows:    1. 'Intel(R) HD Graphics 630' (P:0 D:0)
[2018.05.02-12.20.35:955][  0]LogWindows:    2. 'Intel(R) HD Graphics 630' (P:0 D:0)
[2018.05.02-12.20.35:955][  0]LogWindows: DebugString: GetVideoDriverDetailsInvalid PrimaryIsNotTheChoosenAdapter GetVideoDriverDetailsInvalid PrimaryIsNotTheChoosenAdapter GetVideoDriverDetailsInvalid PrimaryIsNotTheChoosenAdapter FoundDriverCount:0 
[2018.05.02-12.20.35:955][  0]LogD3D11RHI:     Adapter Name: NVIDIA GeForce GTX 1050
[2018.05.02-12.20.35:955][  0]LogD3D11RHI:   Driver Version: Unknown (internal:Unknown, unified:Unknown)
[2018.05.02-12.20.35:955][  0]LogD3D11RHI:      Driver Date: Unknown
[2018.05.02-12.20.35:955][  0]LogRHI: Texture pool is 2814 MB (70% of 4021 MB)
[2018.05.02-12.20.36:244][  0]LogD3D11RHI: [Aftermath] Aftermath enabled and primed
[2018.05.02-12.20.36:244][  0]LogD3D11RHI: [Aftermath] Aftermath enabled and primed
[2018.05.02-12.20.36:244][  0]LogD3D11RHI: Async texture creation enabled
[2018.05.02-12.20.36:905][  0]LogD3D11RHI: GPU Timing Frequency: 1000.000000 (Debug: 2 8)
[2018.05.02-12.20.37:049][  0]LogShaderCompilers: Guid format shader working directory is -20 characters bigger than the processId version (../../../../../../Users/Samy/Documents/GitHub/Game-2D-Color-Rush/Intermediate/Shaders/WorkingDirectory/21376/).
[2018.05.02-12.20.37:057][  0]LogShaderCompilers: Cleaned the shader compiler working directory 'C:/Users/Samy/AppData/Local/Temp/UnrealShaderWorkingDir/6DBEBBC94B50871D62030587AA0A8560/'.
[2018.05.02-12.20.41:756][  0]LogTemp: Display: Loaded TP AllDesktopTargetPlatform
[2018.05.02-12.20.41:769][  0]LogTemp: Display: Loaded TP MacClientTargetPlatform
[2018.05.02-12.20.41:781][  0]LogTemp: Display: Loaded TP MacNoEditorTargetPlatform
[2018.05.02-12.20.41:795][  0]LogTemp: Display: Loaded TP MacServerTargetPlatform
[2018.05.02-12.20.41:860][  0]LogTemp: Display: Loaded TP MacTargetPlatform
[2018.05.02-12.20.41:873][  0]LogTemp: Display: Loaded TP WindowsClientTargetPlatform
[2018.05.02-12.20.41:886][  0]LogTemp: Display: Loaded TP WindowsNoEditorTargetPlatform
[2018.05.02-12.20.41:900][  0]LogTemp: Display: Loaded TP WindowsServerTargetPlatform
[2018.05.02-12.20.41:939][  0]LogTemp: Display: Loaded TP WindowsTargetPlatform
[2018.05.02-12.20.41:951][  0]LogTemp: Display: Loaded TP Android_ASTCTargetPlatform
[2018.05.02-12.20.41:963][  0]LogTemp: Display: Loaded TP Android_ATCTargetPlatform
[2018.05.02-12.20.41:975][  0]LogTemp: Display: Loaded TP Android_DXTTargetPlatform
[2018.05.02-12.20.41:986][  0]LogTemp: Display: Loaded TP Android_ETC1aTargetPlatform
[2018.05.02-12.20.41:998][  0]LogTemp: Display: Loaded TP Android_ETC1TargetPlatform
[2018.05.02-12.20.42:010][  0]LogTemp: Display: Loaded TP Android_ETC2TargetPlatform
[2018.05.02-12.20.42:032][  0]LogTemp: Display: Loaded TP Android_MultiTargetPlatform
[2018.05.02-12.20.42:032][  0]LogTemp: Display: Loaded TP Android_PVRTCTargetPlatform
[2018.05.02-12.20.42:110][  0]LogTemp: Display: Loaded TP AndroidTargetPlatform
[2018.05.02-12.20.42:144][  0]LogTemp: Display: Loaded TP HTML5TargetPlatform
[2018.05.02-12.20.42:379][  0]LogTemp: Display: Loaded TP IOSTargetPlatform
[2018.05.02-12.20.42:393][  0]LogTemp: Display: Loaded TP TVOSTargetPlatform
[2018.05.02-12.20.42:404][  0]LogTemp: Display: Loaded TP LinuxClientTargetPlatform
[2018.05.02-12.20.42:417][  0]LogTemp: Display: Loaded TP LinuxNoEditorTargetPlatform
[2018.05.02-12.20.42:429][  0]LogTemp: Display: Loaded TP LinuxServerTargetPlatform
[2018.05.02-12.20.42:446][  0]LogTemp: Display: Loaded TP LinuxTargetPlatform
[2018.05.02-12.20.42:446][  0]LogTargetPlatformManager: Display: Building Assets For Windows
[2018.05.02-12.20.44:379][  0]LogXGEController: Cleaning working directory: C:/Users/Samy/AppData/Local/Temp/UnrealXGEWorkingDir/
[2018.05.02-12.20.44:379][  0]LogXGEController: Cannot use XGE Controller as Incredibuild is not installed on this machine.
[2018.05.02-12.20.44:394][  0]LogShaderCompilers: Cannot use XGE Shader Compiler as Incredibuild is not installed on this machine.
[2018.05.02-12.20.44:394][  0]LogShaderCompilers: Display: Using Local Shader Compiler.
[2018.05.02-12.20.49:632][  0]LogDerivedDataCache: Display: Max Cache Size: 512 MB
[2018.05.02-12.20.56:279][  0]LogDerivedDataCache: Loaded boot cache 6.65s 74MB C:/Users/Samy/AppData/Local/UnrealEngine/4.19/DerivedDataCache/Boot.ddc.
[2018.05.02-12.20.56:279][  0]LogDerivedDataCache: Display: Loaded Boot cache: C:/Users/Samy/AppData/Local/UnrealEngine/4.19/DerivedDataCache/Boot.ddc
[2018.05.02-12.20.56:310][  0]LogDerivedDataCache: FDerivedDataBackendGraph:  Pak pak cache file ../../../../../../Users/Samy/Documents/GitHub/Game-2D-Color-Rush/DerivedDataCache/DDC.ddp not found, will not use a pak cache.
[2018.05.02-12.20.56:310][  0]LogDerivedDataCache: Unable to find inner node Pak for hierarchical cache Hierarchy.
[2018.05.02-12.20.56:310][  0]LogDerivedDataCache: FDerivedDataBackendGraph:  CompressedPak pak cache file ../../../../../../Users/Samy/Documents/GitHub/Game-2D-Color-Rush/DerivedDataCache/Compressed.ddp not found, will not use a pak cache.
[2018.05.02-12.20.56:310][  0]LogDerivedDataCache: Unable to find inner node CompressedPak for hierarchical cache Hierarchy.
[2018.05.02-12.20.57:310][  0]LogDerivedDataCache: Display: Pak cache opened for reading ../../../Engine/DerivedDataCache/Compressed.ddp.
[2018.05.02-12.20.57:323][  0]LogDerivedDataCache: Using Local data cache path C:/Users/Samy/AppData/Local/UnrealEngine/Common/DerivedDataCache: Writable
[2018.05.02-12.20.58:718][  0]LogMaterial: Verifying Global Shaders for PCD3D_SM5
[2018.05.02-12.20.59:034][  0]LogSlate: Using Freetype 2.6.0
[2018.05.02-12.21.00:123][  0]LogSlate: SlateFontCache - WITH_FREETYPE: 1, WITH_HARFBUZZ: 1
[2018.05.02-12.21.00:123][  0]LogSlate: SlateFontCache - WITH_FREETYPE: 1, WITH_HARFBUZZ: 1
[2018.05.02-12.21.16:091][  0]LogAssetRegistry: FAssetRegistry took 0.0476 seconds to start up
[2018.05.02-12.21.27:719][  0]LogInit: Selected Device Profile: [Windows]
[2018.05.02-12.21.33:956][  0]LogSimplygon: Simplygon DLL not present - disabling.
[2018.05.02-12.21.35:923][  0]LogMeshReduction: Using SimplygonSwarm for distributed automatic mesh merging
[2018.05.02-12.21.35:980][  0]LogMeshReduction: Using QuadricMeshReduction for automatic static mesh reduction
[2018.05.02-12.21.35:980][  0]LogMeshReduction: No automatic skeletal mesh reduction module available
[2018.05.02-12.21.35:980][  0]LogMeshReduction: No automatic mesh merging module available
[2018.05.02-12.21.35:980][  0]LogMeshMerging: No automatic mesh merging module available
[2018.05.02-12.21.37:521][  0]LogNetVersion: Cameleonul , NetCL: 3944462, EngineNetVer: 2, GameNetVer: 0 (Checksum: 719565523)
[2018.05.02-12.21.47:041][  0]LogPackageLocalizationCache: Processed 9 localized package path(s) for 1 prioritized culture(s) in 0.161690 seconds
[2018.05.02-12.21.47:133][  0]LogUObjectArray: 36728 objects as part of root set at end of initial load.
[2018.05.02-12.21.47:133][  0]LogUObjectAllocator: 7314304 out of 0 bytes used by permanent object pool.
[2018.05.02-12.21.47:133][  0]LogUObjectArray: CloseDisregardForGC: 0/0 objects in disregard for GC pool
[2018.05.02-12.22.36:936][  0]LogTcpMessaging: Initializing TcpMessaging bridge
[2018.05.02-12.22.37:005][  0]LogUdpMessaging: Initializing bridge on interface 0.0.0.0:0 to multicast group 230.0.0.1:6666.
[2018.05.02-12.22.38:420][  0]SourceControl: Source control is disabled
[2018.05.02-12.22.38:420][  0]SourceControl: Source control is disabled
[2018.05.02-12.22.38:553][  0]SourceControl: Source control is disabled
[2018.05.02-12.22.38:611][  0]SourceControl: Source control is disabled
[2018.05.02-12.22.40:303][  0]LogAndroidPermission: UAndroidPermissionCallbackProxy::GetInstance
[2018.05.02-12.22.41:160][  0]LogOcInput: OculusInput pre-init called
[2018.05.02-12.22.42:149][  0]LogEngine: Initializing Engine...
[2018.05.02-12.22.42:267][  0]LogHMD: Failed to initialize OpenVR with code 110
[2018.05.02-12.22.42:322][  0]LogStats: UGameplayTagsManager::ConstructGameplayTagTree: Construct from data asset -  0.000 s
[2018.05.02-12.22.42:324][  0]LogStats: UGameplayTagsManager::ConstructGameplayTagTree: GameplayTagTreeChangedEvent.Broadcast -  0.001 s
[2018.05.02-12.22.43:846][  0]LogAIModule: Creating AISystem for world Untitled
[2018.05.02-12.22.44:168][  0]LogInit: XAudio2 using 'Speakers (Realtek High Definition Audio)' : 2 channels at 48 kHz using 32 bits per sample (channel mask 0x3)
[2018.05.02-12.22.44:220][  0]LogInit: FAudioDevice initialized.
[2018.05.02-12.22.44:989][  0]LogDerivedDataCache: Saved boot cache 0.56s 74MB C:/Users/Samy/AppData/Local/UnrealEngine/4.19/DerivedDataCache/Boot.ddc.
[2018.05.02-12.22.45:053][  0]LogInit: Texture streaming: Enabled
[2018.05.02-12.22.45:240][  0]LogEngineSessionManager: EngineSessionManager initialized
[2018.05.02-12.22.45:632][  0]LogInit: Transaction tracking system initialized
[2018.05.02-12.22.46:809][  0]BlueprintLog: New page: Editor Load
[2018.05.02-12.22.48:959][  0]LocalizationService: Localization service is disabled
[2018.05.02-12.22.50:419][  0]LogConsoleResponse: Display: 
[2018.05.02-12.22.53:629][  0]LogFileCache: Scanning file cache for directory 'C:/Users/Samy/Documents/GitHub/Game-2D-Color-Rush/Content/' took 0.10s
[2018.05.02-12.22.53:629][  0]LogCook: Display: Max memory allowance for cook 16384mb min free memory 0mb
[2018.05.02-12.22.53:629][  0]LogCook: Display: Mobile HDR setting 1
[2018.05.02-12.22.53:629][  0]LogGameplayTags: Display: UGameplayTagsManager::DoneAddingNativeTags. DelegateIsBound: 0
[2018.05.02-12.22.53:629][  0]LogStats: UGameplayTagsManager::ConstructGameplayTagTree: Construct from data asset -  0.000 s
[2018.05.02-12.22.53:629][  0]LogStats: UGameplayTagsManager::ConstructGameplayTagTree: GameplayTagTreeChangedEvent.Broadcast -  0.000 s
[2018.05.02-12.22.58:031][  0]SourceControl: Source control is disabled
[2018.05.02-12.22.58:059][  0]Cmd: MAP LOAD FILE="../../../../../../Users/Samy/Documents/GitHub/Game-2D-Color-Rush/Content/SideScrollerBP/Maps/SideScrollerExampleMap.umap" TEMPLATE=0 SHOWPROGRESS=1 FEATURELEVEL=3
[2018.05.02-12.22.58:060][  0]LogEditorServer: Warning: Can't find file '../../../../../../Users/Samy/Documents/GitHub/Game-2D-Color-Rush/Content/SideScrollerBP/Maps/SideScrollerExampleMap.umap'
[2018.05.02-12.22.58:086][  0]Cmd: MAP CHECKDEP NOCLEARLOG
[2018.05.02-12.22.58:184][  0]MapCheck: Map check complete: 0 Error(s), 0 Warning(s), took 97,496ms to complete.
[2018.05.02-12.22.58:184][  0]LogFileHelpers: Loading map 'SideScrollerExampleMap' took 0.133
[2018.05.02-12.23.00:849][  0]LogCollectionManager: Loaded 0 collections in 0.006177 seconds
[2018.05.02-12.23.01:122][  0]LogFileCache: Scanning file cache for directory 'C:/Users/Samy/Documents/GitHub/Game-2D-Color-Rush/Saved/Collections/' took 0.01s
[2018.05.02-12.23.01:122][  0]LogFileCache: Scanning file cache for directory 'C:/Users/Samy/Documents/GitHub/Game-2D-Color-Rush/Content/Developers/Samy/Collections/' took 0.01s
[2018.05.02-12.23.01:122][  0]LogFileCache: Scanning file cache for directory 'C:/Users/Samy/Documents/GitHub/Game-2D-Color-Rush/Content/Collections/' took 0.01s
[2018.05.02-12.23.01:122][  0]LogCollectionManager: Rebuilt the GUID cache for 0 collections in 0.000001 seconds
[2018.05.02-12.23.01:144][  0]LogContentBrowser: Native class hierarchy populated in 0.0185 seconds. Added 2452 classes and 558 folders.
[2018.05.02-12.23.01:296][  0]LogContentBrowser: Native class hierarchy updated for 'WidgetCarousel' in 0.0002 seconds. Added 0 classes and 0 folders.
[2018.05.02-12.23.02:985][  0]LogContentBrowser: Native class hierarchy updated for 'AddContentDialog' in 0.0006 seconds. Added 0 classes and 0 folders.
[2018.05.02-12.23.04:860][  0]LogSlate: Took 0.050977 seconds to synchronously load lazily loaded font '../../../Engine/Content/Slate/Fonts/Roboto-Regular.ttf' (155K)
[2018.05.02-12.23.04:932][  0]LogSlate: Took 0.057099 seconds to synchronously load lazily loaded font '../../../Engine/Content/Slate/Fonts/Roboto-Bold.ttf' (160K)
[2018.05.02-12.23.05:012][  0]LogSlate: Took 0.032780 seconds to synchronously load lazily loaded font '../../../Engine/Content/Editor/Slate/Fonts/FontAwesome.ttf' (139K)
[2018.05.02-12.23.06:085][  0]LogRenderer: Reallocating scene render targets to support 1208x584 Format 10 NumSamples 1 (Frame:1).
[2018.05.02-12.23.08:383][  0]LogContentBrowser: Native class hierarchy updated for 'HierarchicalLODOutliner' in 0.0003 seconds. Added 0 classes and 0 folders.
[2018.05.02-12.23.08:415][  0]LogLoad: (Engine Initialization) Total time: 195.57 seconds
[2018.05.02-12.23.08:415][  0]LogLoad: (Engine Initialization) Total Blueprint compile time: 0.00 seconds
[2018.05.02-12.23.10:204][  0]LogContentStreaming: Texture pool size now 3000 MB
[2018.05.02-12.23.11:039][  1]LogFileCache: Retrieving MD5 hashes for directory 'C:/Users/Samy/Documents/GitHub/Game-2D-Color-Rush/Content/' took 1.92s
[2018.05.02-12.23.12:347][  5]LogAssetRegistry: Asset discovery search completed in 116.2935 seconds
[2018.05.02-12.23.12:376][  5]LogCollectionManager: Rebuilt the object cache for 0 collections in 0.000000 seconds (found 0 objects)
[2018.05.02-12.23.12:376][  5]LogCollectionManager: Fixed up redirectors for 0 collections in 0.000799 seconds (updated 0 objects)
[2018.05.02-12.23.15:629][ 13]LogSlate: Took 0.019810 seconds to synchronously load lazily loaded font '../../../Engine/Content/Slate/Fonts/Roboto-Light.ttf' (167K)
[2018.05.02-12.24.30:793][236]LogSlate: FSceneViewport::OnFocusLost() reason 0
[2018.05.02-12.24.32:210][352]LogSlate: Took 0.000510 seconds to synchronously load lazily loaded font '../../../Engine/Content/Slate/Fonts/Roboto-Light.ttf' (167K)
[2018.05.02-12.24.35:630][352]LogTexture: Display: Building textures: HQ_Lightmap1_1 (AutoDXT, 512X512)
[2018.05.02-12.24.35:630][352]LogTexture: Display: Building textures: SkyOcclusion1_1 (AutoDXT, 512X256)
[2018.05.02-12.24.35:630][352]LogTexture: Display: Building textures: HQ_Lightmap1_2 (AutoDXT, 64X64)
[2018.05.02-12.24.35:630][352]LogTexture: Display: Building textures: SkyOcclusion1_2 (AutoDXT, 64X32)
[2018.05.02-12.24.35:630][352]LogTexture: Display: Building textures: LQ_Lightmap_1_1 (DXT1, 512X512)
[2018.05.02-12.24.35:631][352]LogTexture: Display: Building textures: LQ_Lightmap_1_2 (DXT1, 64X64)
[2018.05.02-12.24.36:880][352]LogSkeletalMesh: Skeletal Mesh found in DDC [131.303329ms] /Game/SideScrollerBP/model_game_v6.model_game_v6
[2018.05.02-12.24.37:155][352]LogAIModule: Creating AISystem for world Level1
[2018.05.02-12.24.38:844][352]Cmd: MAP LOAD FILE="../../../../../../Users/Samy/Documents/GitHub/Game-2D-Color-Rush/Content/SideScrollerBP/Maps/Level1.umap" TEMPLATE=0 SHOWPROGRESS=1 FEATURELEVEL=3
[2018.05.02-12.24.38:845][352]LightingResults: New page: Lighting Build
[2018.05.02-12.24.38:988][352]LogContentBrowser: Native class hierarchy updated for 'StatsViewer' in 0.0004 seconds. Added 5 classes and 0 folders.
[2018.05.02-12.24.39:060][352]LoadErrors: New page: Loading map: Level1.umap
[2018.05.02-12.24.39:235][352]MapCheck: New page: Map Check
[2018.05.02-12.24.39:235][352]LightingResults: New page: Lighting Build
[2018.05.02-12.24.41:320][352]LogEditorServer: Finished looking for orphan Actors (0.000 secs)
[2018.05.02-12.24.41:461][352]Cmd: MAP CHECKDEP NOCLEARLOG
[2018.05.02-12.24.41:510][352]MapCheck: Map check complete: 0 Error(s), 0 Warning(s), took 49,123ms to complete.
[2018.05.02-12.24.41:510][352]LogFileHelpers: Loading map 'Level1' took 2.854
[2018.05.02-12.25.02:547][367]LogSlate: FSceneViewport::OnFocusLost() reason 0
[2018.05.02-12.25.05:762][673]LogAnimationCompression: Building Anim DDC data for AnimSequence /Game/SideScrollerBP/Model+animatieJump/robot__2_0_jump_anim_Anim.robot__2_0_jump_anim_Anim
[2018.05.02-12.25.05:855][673]LogAnimationCompression: Recompressing (AnimSequence /Game/SideScrollerBP/Model+animatieJump/robot__2_0_jump_anim_Anim.robot__2_0_jump_anim_Anim) using current/default (AnimCompress_BitwiseCompressOnly_0) bFirstRecompressUsingCurrentOrDefault(1) bTryAlternateCompressor(0) IsCompressedDataValid(0)
[2018.05.02-12.25.06:010][673]LogMaterial: Missing cached shader map for material lambert1, compiling. 
[2018.05.02-12.25.06:147][673]LogSkeletalMesh: Building Skeletal Mesh robot__2_0_jump_anim...
[2018.05.02-12.25.06:164][673]LogShaderCompilers: Display: Shaders left to compile 60
[2018.05.02-12.25.06:164][673]LogShaderCompilers: Display: Shaders left to compile 50
[2018.05.02-12.25.06:164][673]LogShaderCompilers: Display: Shaders left to compile 40
[2018.05.02-12.25.06:164][673]LogShaderCompilers: Display: Shaders left to compile 30
[2018.05.02-12.25.06:164][673]LogSkeletalMesh: Built Skeletal Mesh [0.02s] /Game/SideScrollerBP/Model+animatieJump/robot__2_0_jump_anim.robot__2_0_jump_anim
[2018.05.02-12.25.06:316][673]LogContentBrowser: Native class hierarchy updated for 'SkeletonEditor' in 0.0003 seconds. Added 1 classes and 2 folders.
[2018.05.02-12.25.08:594][673]LogActorComponent: RegisterComponentWithWorld: (/Engine/Transient.World_0:PersistentLevel.Actor_0.DebugSkelMeshComponent_0) Already registered. Aborting.
[2018.05.02-12.25.08:671][673]LogContentBrowser: Native class hierarchy updated for 'PinnedCommandList' in 0.0003 seconds. Added 1 classes and 0 folders.
[2018.05.02-12.25.09:182][673]LogSkeletalMesh: USkeletalMeshComponent::InitArticulated : Bodies already created (/Engine/Transient.World_0:PersistentLevel.Actor_0.DebugSkelMeshComponent_0) - call TermArticulated first.
[2018.05.02-12.25.10:271][673]LogShaderCompilers: Display: Shaders left to compile 20
[2018.05.02-12.25.10:598][673]LogShaderCompilers: Display: Shaders left to compile 10
[2018.05.02-12.25.11:608][673]LogContentBrowser: Native class hierarchy updated for 'ClothingSystemEditorInterface' in 0.0003 seconds. Added 1 classes and 0 folders.
[2018.05.02-12.25.11:701][673]LogContentBrowser: Verbose: The majority of assets in the view are of type: AnimSequence
[2018.05.02-12.25.33:057][ 38]LogSlate: FSceneViewport::OnFocusLost() reason 0
[2018.05.02-12.25.46:070][894]LogSavePackage: Save=129.62ms
[2018.05.02-12.25.46:071][894]LogSavePackage: Moving '../../../../../../Users/Samy/Documents/GitHub/Game-2D-Color-Rush/Saved/robot__2_0_jump_anim_Anim2825839D49F460236D65D1A0378EA3B4.tmp' to '../../../../../../Users/Samy/Documents/GitHub/Game-2D-Color-Rush/Content/SideScrollerBP/Model+animatieJump/robot__2_0_jump_anim_Anim.uasset'
[2018.05.02-12.25.46:149][894]LogSavePackage: Display: Finished SavePackage ../../../../../../Users/Samy/Documents/GitHub/Game-2D-Color-Rush/Content/SideScrollerBP/Model+animatieJump/robot__2_0_jump_anim_Anim.uasset
[2018.05.02-12.25.47:238][957]LogSlate: Window 'robot__2_0_jump_anim_Anim' being destroyed
[2018.05.02-12.25.47:243][957]LogSlate: Window 'robot__2_0_jump_anim_Anim' being destroyed
[2018.05.02-12.26.30:463][865]LogFactory: FactoryCreateFile: StaticMesh with FbxFactory (0 0 ../../../../../../Users/Samy/Documents/GitHub/Game-2D-Color-Rush/Content/Imports/robot  3.0 blue.fbx)
[2018.05.02-12.26.30:686][865]LogFbx: ItemName: GlobalSettings, ItemCount : 1
[2018.05.02-12.26.30:686][865]LogFbx: ItemName: Model, ItemCount : 19
[2018.05.02-12.26.30:686][865]LogFbx: ItemName: Geometry, ItemCount : 6
[2018.05.02-12.26.30:686][865]LogFbx: ItemName: Texture, ItemCount : 12
[2018.05.02-12.26.30:686][865]LogFbx: ItemName: Material, ItemCount : 6
[2018.05.02-12.26.30:686][865]LogFbx: ItemName: Video, ItemCount : 12
[2018.05.02-12.26.30:714][865]LogFbx: Loading FBX Scene from ../../../../../../Users/Samy/Documents/GitHub/Game-2D-Color-Rush/Content/Imports/robot  3.0 blue.fbx
[2018.05.02-12.26.30:752][865]LogFbx: FBX Scene Loaded Succesfully
[2018.05.02-12.26.38:569][865]LogSlate: Window 'FBX Import Options' being destroyed
[2018.05.02-12.26.38:642][865]LogFbx: Loading FBX Scene from ../../../../../../Users/Samy/Documents/GitHub/Game-2D-Color-Rush/Content/Imports/robot  3.0 blue.fbx
[2018.05.02-12.26.38:677][865]LogFbx: FBX Scene Loaded Succesfully
[2018.05.02-12.26.38:700][865]LogLinker: Can't find file '/Game/SideScrollerBP/173'
[2018.05.02-12.26.38:700][865]LogLinker: Can't find file '/Game/SideScrollerBP/173'
[2018.05.02-12.26.38:890][865]LogTexture: Display: Building textures: 173_2 (AutoDXT, 2048X2048)
[2018.05.02-12.26.39:369][865]LogLinker: Can't find file '/Game/SideScrollerBP/177'
[2018.05.02-12.26.39:369][865]LogLinker: Can't find file '/Game/SideScrollerBP/177'
[2018.05.02-12.26.39:508][865]LogTexture: Display: Building textures: 177_2 (AutoDXT, 2048X2048)
[2018.05.02-12.26.40:052][865]LogMaterial: Missing cached shader map for material Material_61, compiling. 
[2018.05.02-12.26.40:301][865]LogShaderCompilers: Display: Shaders left to compile 22
[2018.05.02-12.26.40:301][865]LogShaderCompilers: Display: Shaders left to compile 12
[2018.05.02-12.26.40:301][865]LogShaderCompilers: Display: Shaders left to compile 2
[2018.05.02-12.26.40:340][865]LogStaticMesh: Building static mesh robot__3_0_blue_node_id4...
[2018.05.02-12.26.40:484][865]LogStaticMesh: Built static mesh [0.14s] /Game/SideScrollerBP/robot__3_0_blue_node_id4.robot__3_0_blue_node_id4
[2018.05.02-12.26.40:669][865]LogLinker: Can't find file '/Game/SideScrollerBP/184'
[2018.05.02-12.26.40:669][865]LogLinker: Can't find file '/Game/SideScrollerBP/184'
[2018.05.02-12.26.40:863][865]LogTexture: Display: Building textures: 184_2 (AutoDXT, 2048X2048)
[2018.05.02-12.26.41:359][865]LogLinker: Can't find file '/Game/SideScrollerBP/188'
[2018.05.02-12.26.41:359][865]LogLinker: Can't find file '/Game/SideScrollerBP/188'
[2018.05.02-12.26.41:582][865]LogTexture: Display: Building textures: 188_2 (AutoDXT, 2048X2048)
[2018.05.02-12.26.42:249][865]LogMaterial: Missing cached shader map for material Material_63, compiling. 
[2018.05.02-12.26.42:256][865]LogShaderCompilers: Display: Shaders left to compile 22
[2018.05.02-12.26.42:256][865]LogShaderCompilers: Display: Shaders left to compile 12
[2018.05.02-12.26.42:273][865]LogStaticMesh: Building static mesh robot__3_0_blue_node_id5...
[2018.05.02-12.26.42:274][865]LogStaticMesh: Built static mesh [0.02s] /Game/SideScrollerBP/robot__3_0_blue_node_id5.robot__3_0_blue_node_id5
[2018.05.02-12.26.42:313][865]LogLinker: Can't find file '/Game/SideScrollerBP/195'
[2018.05.02-12.26.42:314][865]LogLinker: Can't find file '/Game/SideScrollerBP/195'
[2018.05.02-12.26.42:574][865]LogTexture: Display: Building textures: 195_2 (AutoDXT, 2048X2048)
[2018.05.02-12.26.43:182][865]LogShaderCompilers: Display: Shaders left to compile 2
[2018.05.02-12.26.43:191][865]LogLinker: Can't find file '/Game/SideScrollerBP/199'
[2018.05.02-12.26.43:191][865]LogLinker: Can't find file '/Game/SideScrollerBP/199'
[2018.05.02-12.26.43:456][865]LogTexture: Display: Building textures: 199_2 (AutoDXT, 2048X2048)
[2018.05.02-12.26.44:101][865]LogMaterial: Missing cached shader map for material Material_65, compiling. 
[2018.05.02-12.26.44:110][865]LogShaderCompilers: Display: Shaders left to compile 22
[2018.05.02-12.26.44:111][865]LogShaderCompilers: Display: Shaders left to compile 12
[2018.05.02-12.26.44:192][865]LogShaderCompilers: Display: Shaders left to compile 2
[2018.05.02-12.26.44:192][865]LogStaticMesh: Building static mesh robot__3_0_blue_node_id6...
[2018.05.02-12.26.44:193][865]LogStaticMesh: Built static mesh [0.00s] /Game/SideScrollerBP/robot__3_0_blue_node_id6.robot__3_0_blue_node_id6
[2018.05.02-12.26.44:236][865]LogLinker: Can't find file '/Game/SideScrollerBP/206'
[2018.05.02-12.26.44:236][865]LogLinker: Can't find file '/Game/SideScrollerBP/206'
[2018.05.02-12.26.44:533][865]LogTexture: Display: Building textures: 206_2 (AutoDXT, 2048X2048)
[2018.05.02-12.26.45:057][865]LogLinker: Can't find file '/Game/SideScrollerBP/210'
[2018.05.02-12.26.45:057][865]LogLinker: Can't find file '/Game/SideScrollerBP/210'
[2018.05.02-12.26.45:769][865]LogTexture: Display: Building textures: 210_2 (AutoDXT, 2048X2048)
[2018.05.02-12.26.46:390][865]LogMaterial: Missing cached shader map for material Material_67, compiling. 
[2018.05.02-12.26.46:398][865]LogShaderCompilers: Display: Shaders left to compile 22
[2018.05.02-12.26.46:398][865]LogShaderCompilers: Display: Shaders left to compile 12
[2018.05.02-12.26.46:398][865]LogShaderCompilers: Display: Shaders left to compile 2
[2018.05.02-12.26.46:400][865]LogStaticMesh: Building static mesh robot__3_0_blue_node_id7...
[2018.05.02-12.26.46:400][865]LogStaticMesh: Built static mesh [0.00s] /Game/SideScrollerBP/robot__3_0_blue_node_id7.robot__3_0_blue_node_id7
[2018.05.02-12.26.46:430][865]LogLinker: Can't find file '/Game/SideScrollerBP/217'
[2018.05.02-12.26.46:431][865]LogLinker: Can't find file '/Game/SideScrollerBP/217'
[2018.05.02-12.26.46:733][865]LogTexture: Display: Building textures: 217_2 (AutoDXT, 2048X2048)
[2018.05.02-12.26.47:223][865]LogLinker: Can't find file '/Game/SideScrollerBP/221'
[2018.05.02-12.26.47:223][865]LogLinker: Can't find file '/Game/SideScrollerBP/221'
[2018.05.02-12.26.47:421][865]LogTexture: Display: Building textures: 221_2 (AutoDXT, 2048X2048)
[2018.05.02-12.26.48:042][865]LogMaterial: Missing cached shader map for material Material_69, compiling. 
[2018.05.02-12.26.48:051][865]LogShaderCompilers: Display: Shaders left to compile 22
[2018.05.02-12.26.48:051][865]LogShaderCompilers: Display: Shaders left to compile 12
[2018.05.02-12.26.48:053][865]LogStaticMesh: Building static mesh robot__3_0_blue_node_id8...
[2018.05.02-12.26.48:053][865]LogStaticMesh: Built static mesh [0.00s] /Game/SideScrollerBP/robot__3_0_blue_node_id8.robot__3_0_blue_node_id8
[2018.05.02-12.26.48:277][865]LogShaderCompilers: Display: Shaders left to compile 2
[2018.05.02-12.26.48:512][865]LogLinker: Can't find file '/Game/SideScrollerBP/228'
[2018.05.02-12.26.48:512][865]LogLinker: Can't find file '/Game/SideScrollerBP/228'
[2018.05.02-12.26.48:834][865]LogTexture: Display: Building textures: 228_2 (AutoDXT, 2048X2048)
[2018.05.02-12.26.49:343][865]LogLinker: Can't find file '/Game/SideScrollerBP/232'
[2018.05.02-12.26.49:343][865]LogLinker: Can't find file '/Game/SideScrollerBP/232'
[2018.05.02-12.26.49:569][865]LogTexture: Display: Building textures: 232_2 (AutoDXT, 2048X2048)
[2018.05.02-12.26.50:290][865]LogMaterial: Missing cached shader map for material Material_71, compiling. 
[2018.05.02-12.26.50:299][865]LogShaderCompilers: Display: Shaders left to compile 22
[2018.05.02-12.26.50:299][865]LogShaderCompilers: Display: Shaders left to compile 12
[2018.05.02-12.26.50:299][865]LogShaderCompilers: Display: Shaders left to compile 2
[2018.05.02-12.26.50:301][865]LogStaticMesh: Building static mesh robot__3_0_blue_node_id9...
[2018.05.02-12.26.50:301][865]LogStaticMesh: Built static mesh [0.00s] /Game/SideScrollerBP/robot__3_0_blue_node_id9.robot__3_0_blue_node_id9
[2018.05.02-12.26.50:698][865]FBXImport: Warning: No smoothing group information was found in this FBX scene.  Please make sure to enable the 'Export Smoothing Groups' option in the FBX Exporter plug-in before exporting the file.  Even for tools that don't support smoothing groups, the FBX Exporter will generate appropriate smoothing data at export-time so that correct vertex normals can be inferred while importing. 
[2018.05.02-12.26.50:698][865]FBXImport: Warning: Warning: The imported mesh is very small. This is most likely an issue with the units used when exporting to FBX. 
[2018.05.02-12.26.50:698][865]FBXImport: Warning: Warning: The imported mesh is very small. This is most likely an issue with the units used when exporting to FBX. 
[2018.05.02-12.26.50:698][865]FBXImport: Warning: Warning: The imported mesh is very small. This is most likely an issue with the units used when exporting to FBX. 
[2018.05.02-12.26.50:698][865]FBXImport: Warning: Warning: The imported mesh is very small. This is most likely an issue with the units used when exporting to FBX. 
[2018.05.02-12.27.02:713][549]LogSlate: Window 'Message Log' being destroyed
[2018.05.02-12.27.02:718][549]LogSlate: Window 'Message Log' being destroyed
[2018.05.02-12.27.12:169][ 26]Cmd: TRANSACTION UNDO
[2018.05.02-12.27.12:169][ 26]LogEditorTransaction: Undo Edit Import Uniform Scale
[2018.05.02-12.27.18:208][479]Cmd: TRANSACTION UNDO
[2018.05.02-12.27.18:208][479]LogEditorTransaction: Undo Edit Rate Scale
[2018.05.02-12.27.36:365][841]LogSlate: Window 'Save Content' being destroyed
[2018.05.02-12.27.36:653][841]LogSlate: Window 'Cameleonul - Unreal Editor' being destroyed
[2018.05.02-12.27.37:031][842]Cmd: QUIT_EDITOR
[2018.05.02-12.27.37:323][842]LogWindowsTextInputMethodSystem: Display: IME system now deactivated.
[2018.05.02-12.27.37:376][842]LogSlate: Slate User Destroyed.  User Index 0, Is Virtual User: 0
[2018.05.02-12.27.37:383][842]LogExit: Preparing to exit.
[2018.05.02-12.27.38:737][842]LogDirectoryWatcher: A directory notification for 'C:/Users/Samy/Documents/GitHub/Game-2D-Color-Rush/Content/' was aborted.
[2018.05.02-12.27.38:862][842]LogExit: Editor shut down
[2018.05.02-12.27.38:866][842]LogExit: Transaction tracking system shut down
[2018.05.02-12.27.39:034][842]LogDirectoryWatcher: A directory notification for '../../../Engine/Content/' was aborted.
[2018.05.02-12.27.39:034][842]LogDirectoryWatcher: A directory notification for '../../../../../../Users/Samy/Documents/GitHub/Game-2D-Color-Rush/Content/' was aborted.
[2018.05.02-12.27.39:034][842]LogDirectoryWatcher: A directory notification for '../../Plugins/2D/Paper2D/Content/' was aborted.
[2018.05.02-12.27.39:034][842]LogDirectoryWatcher: A directory notification for '../../Plugins/Enterprise/DatasmithContent/Content/' was aborted.
[2018.05.02-12.27.39:034][842]LogDirectoryWatcher: A directory notification for '../../Plugins/Media/MediaCompositing/Content/' was aborted.
[2018.05.02-12.27.39:034][842]LogDirectoryWatcher: A directory notification for '../../Plugins/Runtime/AppleARKit/Content/' was aborted.
[2018.05.02-12.27.39:034][842]LogDirectoryWatcher: A directory notification for '../../Plugins/Runtime/Oculus/OculusVR/Content/' was aborted.
[2018.05.02-12.27.39:034][842]LogDirectoryWatcher: A directory notification for '../../Plugins/Runtime/Steam/SteamVR/Content/' was aborted.
[2018.05.02-12.27.41:671][842]LogExit: Object subsystem successfully closed.
[2018.05.02-12.27.41:920][842]LogShaderCompilers: Display: Shaders left to compile 0
[2018.05.02-12.27.41:945][842]LogD3D11RHI: Shutdown
[2018.05.02-12.27.41:945][842]LogD3D11RHI: CleanupD3DDevice
[2018.05.02-12.27.41:982][842]LogD3D11RHI: ~FD3D11DynamicRHI
[2018.05.02-12.27.43:112][842]LogModuleManager: Shutting down and abandoning module ClothingSystemEditorInterface (580)
[2018.05.02-12.27.43:112][842]LogModuleManager: Shutting down and abandoning module PinnedCommandList (578)
[2018.05.02-12.27.43:112][842]LogModuleManager: Shutting down and abandoning module SkeletonEditor (576)
[2018.05.02-12.27.43:112][842]LogModuleManager: Shutting down and abandoning module AnimationEditor (574)
[2018.05.02-12.27.43:112][842]LogModuleManager: Shutting down and abandoning module StatsViewer (572)
[2018.05.02-12.27.43:116][842]LogModuleManager: Shutting down and abandoning module HierarchicalLODOutliner (570)
[2018.05.02-12.27.43:117][842]LogModuleManager: Shutting down and abandoning module AddContentDialog (568)
[2018.05.02-12.27.43:150][842]LogDirectoryWatcher: A directory notification for 'C:/Program Files/Epic Games/UE_4.19/FeaturePacks/' was aborted.
[2018.05.02-12.27.43:152][842]LogModuleManager: Shutting down and abandoning module WidgetCarousel (567)
[2018.05.02-12.27.43:152][842]LogModuleManager: Shutting down and abandoning module EditorWidgets (564)
[2018.05.02-12.27.43:152][842]LogModuleManager: Shutting down and abandoning module CollectionManager (562)
[2018.05.02-12.27.43:173][842]LogDirectoryWatcher: A directory notification for 'C:/Users/Samy/Documents/GitHub/Game-2D-Color-Rush/Content/Collections/' was aborted.
[2018.05.02-12.27.43:173][842]LogDirectoryWatcher: A directory notification for 'C:/Users/Samy/Documents/GitHub/Game-2D-Color-Rush/Content/Developers/Samy/Collections/' was aborted.
[2018.05.02-12.27.43:173][842]LogDirectoryWatcher: A directory notification for 'C:/Users/Samy/Documents/GitHub/Game-2D-Color-Rush/Saved/Collections/' was aborted.
[2018.05.02-12.27.43:173][842]LogModuleManager: Shutting down and abandoning module FoliageEdit (560)
[2018.05.02-12.27.43:173][842]LogModuleManager: Shutting down and abandoning module LandscapeEditor (558)
[2018.05.02-12.27.43:207][842]LogModuleManager: Shutting down and abandoning module MeshPaintMode (556)
[2018.05.02-12.27.43:209][842]LogModuleManager: Shutting down and abandoning module SceneDepthPickerMode (554)
[2018.05.02-12.27.43:209][842]LogModuleManager: Shutting down and abandoning module ActorPickerMode (552)
[2018.05.02-12.27.43:209][842]LogModuleManager: Shutting down and abandoning module GeometryMode (550)
[2018.05.02-12.27.43:221][842]LogModuleManager: Shutting down and abandoning module TextureAlignMode (548)
[2018.05.02-12.27.43:221][842]LogModuleManager: Shutting down and abandoning module BspMode (546)
[2018.05.02-12.27.43:221][842]LogModuleManager: Shutting down and abandoning module PIEPreviewDeviceProfileSelector (544)
[2018.05.02-12.27.43:221][842]LogModuleManager: Shutting down and abandoning module HardwareSurvey (542)
[2018.05.02-12.27.43:221][842]LogModuleManager: Shutting down and abandoning module SequenceRecorderSections (540)
[2018.05.02-12.27.43:221][842]LogModuleManager: Shutting down and abandoning module AutomationWorker (538)
[2018.05.02-12.27.43:221][842]LogModuleManager: Shutting down and abandoning module AudioCaptureEditor (536)
[2018.05.02-12.27.43:221][842]LogModuleManager: Shutting down and abandoning module SequenceRecorder (535)
[2018.05.02-12.27.43:261][842]LogModuleManager: Shutting down and abandoning module MatineeToLevelSequence (532)
[2018.05.02-12.27.43:277][842]LogModuleManager: Shutting down and abandoning module LevelSequenceEditor (530)
[2018.05.02-12.27.43:307][842]LogModuleManager: Shutting down and abandoning module PlacementMode (529)
[2018.05.02-12.27.43:307][842]LogModuleManager: Shutting down and abandoning module MaterialEditor (528)
[2018.05.02-12.27.43:403][842]LogModuleManager: Shutting down and abandoning module WmfMediaFactory (524)
[2018.05.02-12.27.43:403][842]LogModuleManager: Shutting down and abandoning module WmfMediaEditor (522)
[2018.05.02-12.27.43:403][842]LogModuleManager: Shutting down and abandoning module MediaPlayerEditor (520)
[2018.05.02-12.27.43:479][842]LogModuleManager: Shutting down and abandoning module OpenExrWrapper (518)
[2018.05.02-12.27.43:479][842]LogModuleManager: Shutting down and abandoning module ImgMediaFactory (516)
[2018.05.02-12.27.43:479][842]LogModuleManager: Shutting down and abandoning module ImgMediaEditor (514)
[2018.05.02-12.27.43:479][842]LogModuleManager: Shutting down and abandoning module AvfMediaFactory (512)
[2018.05.02-12.27.43:479][842]LogModuleManager: Shutting down and abandoning module AvfMediaEditor (510)
[2018.05.02-12.27.43:479][842]LogModuleManager: Shutting down and abandoning module AndroidMediaFactory (508)
[2018.05.02-12.27.43:479][842]LogModuleManager: Shutting down and abandoning module AndroidMediaEditor (506)
[2018.05.02-12.27.43:479][842]LogModuleManager: Shutting down and abandoning module CharacterAI (504)
[2018.05.02-12.27.43:480][842]LogModuleManager: Shutting down and abandoning module SmartSnapping (502)
[2018.05.02-12.27.43:480][842]LogModuleManager: Shutting down and abandoning module SessionServices (500)
[2018.05.02-12.27.43:480][842]LogModuleManager: Shutting down and abandoning module ViewportSnapping (498)
[2018.05.02-12.27.43:480][842]LogModuleManager: Shutting down and abandoning module ViewportInteraction (496)
[2018.05.02-12.27.43:480][842]LogModuleManager: Shutting down and abandoning module ClothPainter (494)
[2018.05.02-12.27.43:503][842]LogModuleManager: Shutting down and abandoning module SkeletalMeshEditor (493)
[2018.05.02-12.27.43:617][842]LogModuleManager: Shutting down and abandoning module LogVisualizer (490)
[2018.05.02-12.27.43:629][842]LogModuleManager: Shutting down and abandoning module IntroTutorials (488)
[2018.05.02-12.27.43:668][842]LogModuleManager: Shutting down and abandoning module GameProjectGeneration (487)
[2018.05.02-12.27.43:762][842]LogModuleManager: Shutting down and abandoning module IOSPlatformEditor (484)
[2018.05.02-12.27.43:763][842]LogModuleManager: Shutting down and abandoning module HTML5PlatformEditor (482)
[2018.05.02-12.27.43:763][842]LogModuleManager: Shutting down and abandoning module AndroidPlatformEditor (480)
[2018.05.02-12.27.43:763][842]LogModuleManager: Shutting down and abandoning module AndroidDeviceDetection (479)
[2018.05.02-12.27.44:375][842]LogModuleManager: Shutting down and abandoning module WindowsPlatformEditor (476)
[2018.05.02-12.27.44:375][842]LogModuleManager: Shutting down and abandoning module IOSRuntimeSettings (474)
[2018.05.02-12.27.44:375][842]LogModuleManager: Shutting down and abandoning module AndroidRuntimeSettings (472)
[2018.05.02-12.27.44:375][842]LogModuleManager: Shutting down and abandoning module InputBindingEditor (470)
[2018.05.02-12.27.44:414][842]LogModuleManager: Shutting down and abandoning module MergeActors (468)
[2018.05.02-12.27.44:448][842]LogModuleManager: Shutting down and abandoning module LocalizationDashboard (466)
[2018.05.02-12.27.44:482][842]LogModuleManager: Shutting down and abandoning module LocalizationService (465)
[2018.05.02-12.27.44:514][842]LogModuleManager: Shutting down and abandoning module HardwareTargeting (462)
[2018.05.02-12.27.44:514][842]LogModuleManager: Shutting down and abandoning module DeviceProfileEditor (460)
[2018.05.02-12.27.44:531][842]LogModuleManager: Shutting down and abandoning module UndoHistory (458)
[2018.05.02-12.27.44:531][842]LogModuleManager: Shutting down and abandoning module XmlParser (456)
[2018.05.02-12.27.44:531][842]LogModuleManager: Shutting down and abandoning module Blutility (454)
[2018.05.02-12.27.44:531][842]LogModuleManager: Shutting down and abandoning module ProjectSettingsViewer (452)
[2018.05.02-12.27.44:531][842]LogModuleManager: Shutting down and abandoning module ProjectTargetPlatformEditor (451)
[2018.05.02-12.27.44:531][842]LogModuleManager: Shutting down and abandoning module EditorSettingsViewer (448)
[2018.05.02-12.27.44:531][842]LogModuleManager: Shutting down and abandoning module SettingsEditor (446)
[2018.05.02-12.27.44:572][842]LogModuleManager: Shutting down and abandoning module ProjectLauncher (444)
[2018.05.02-12.27.44:592][842]LogModuleManager: Shutting down and abandoning module SessionFrontend (442)
[2018.05.02-12.27.44:596][842]LogModuleManager: Shutting down and abandoning module ProfilerClient (440)
[2018.05.02-12.27.44:623][842]LogModuleManager: Shutting down and abandoning module DeviceManager (438)
[2018.05.02-12.27.44:623][842]LogModuleManager: Shutting down and abandoning module TargetDeviceServices (437)
[2018.05.02-12.27.44:688][842]LogModuleManager: Shutting down and abandoning module AutomationController (434)
[2018.05.02-12.27.44:732][842]LogModuleManager: Shutting down and abandoning module AutomationWindow (432)
[2018.05.02-12.27.44:749][842]LogModuleManager: Shutting down and abandoning module Layers (430)
[2018.05.02-12.27.44:774][842]LogModuleManager: Shutting down and abandoning module ComponentVisualizers (428)
[2018.05.02-12.27.44:774][842]LogModuleManager: Shutting down and abandoning module DetailCustomizations (426)
[2018.05.02-12.27.44:791][842]LogModuleManager: Shutting down and abandoning module PackagesDialog (424)
[2018.05.02-12.27.44:793][842]LogModuleManager: Shutting down and abandoning module Persona (422)
[2018.05.02-12.27.44:818][842]LogModuleManager: Shutting down and abandoning module AdvancedPreviewScene (421)
[2018.05.02-12.27.44:818][842]LogModuleManager: Shutting down and abandoning module AnimGraph (419)
[2018.05.02-12.27.44:818][842]LogModuleManager: Shutting down and abandoning module Kismet (416)
[2018.05.02-12.27.44:846][842]LogModuleManager: Shutting down and abandoning module GraphEditor (414)
[2018.05.02-12.27.44:918][842]LogModuleManager: Shutting down and abandoning module ClassViewer (412)
[2018.05.02-12.27.44:918][842]LogModuleManager: Shutting down and abandoning module Toolbox (410)
[2018.05.02-12.27.44:918][842]LogModuleManager: Shutting down and abandoning module ModuleUI (408)
[2018.05.02-12.27.44:940][842]LogModuleManager: Shutting down and abandoning module MovieSceneTools (406)
[2018.05.02-12.27.44:971][842]LogModuleManager: Shutting down and abandoning module OutputLog (404)
[2018.05.02-12.27.45:001][842]LogModuleManager: Shutting down and abandoning module GammaUI (402)
[2018.05.02-12.27.45:012][842]LogModuleManager: Shutting down and abandoning module Documentation (400)
[2018.05.02-12.27.45:012][842]LogModuleManager: Shutting down and abandoning module MovieSceneTracks (398)
[2018.05.02-12.27.45:012][842]LogModuleManager: Shutting down and abandoning module MovieScene (396)
[2018.05.02-12.27.45:012][842]LogModuleManager: Shutting down and abandoning module StreamingPauseRendering (394)
[2018.05.02-12.27.45:012][842]LogModuleManager: Shutting down and abandoning module LauncherPlatform (392)
[2018.05.02-12.27.45:012][842]LogModuleManager: Shutting down and abandoning module AnalyticsET (390)
[2018.05.02-12.27.45:012][842]LogModuleManager: Shutting down and abandoning module PortalServices (388)
[2018.05.02-12.27.45:012][842]LogModuleManager: Shutting down and abandoning module PortalRpc (386)
[2018.05.02-12.27.45:012][842]LogModuleManager: Shutting down and abandoning module MessagingRpc (384)
[2018.05.02-12.27.45:012][842]LogModuleManager: Shutting down and abandoning module AIModule (382)
[2018.05.02-12.27.45:012][842]LogModuleManager: Shutting down and abandoning module GameplayDebugger (381)
[2018.05.02-12.27.45:019][842]LogModuleManager: Shutting down and abandoning module AITestSuite (379)
[2018.05.02-12.27.45:039][842]LogModuleManager: Shutting down and abandoning module DesktopPlatform (376)
[2018.05.02-12.27.45:045][842]LogModuleManager: Shutting down and abandoning module ProfilerService (374)
[2018.05.02-12.27.45:279][842]LogModuleManager: Shutting down and abandoning module TaskGraph (372)
[2018.05.02-12.27.45:365][842]LogModuleManager: Shutting down and abandoning module SteamVRController (370)
[2018.05.02-12.27.45:365][842]LogModuleManager: Shutting down and abandoning module ProceduralMeshComponentEditor (368)
[2018.05.02-12.27.45:365][842]LogModuleManager: Shutting down and abandoning module ProceduralMeshComponent (366)
[2018.05.02-12.27.45:395][842]LogModuleManager: Shutting down and abandoning module OculusInput (364)
[2018.05.02-12.27.45:395][842]LogModuleManager: Shutting down and abandoning module MobilePatchingUtils (362)
[2018.05.02-12.27.45:395][842]LogModuleManager: Shutting down and abandoning module CustomMeshComponent (360)
[2018.05.02-12.27.45:395][842]LogModuleManager: Shutting down and abandoning module CableComponent (358)
[2018.05.02-12.27.45:395][842]LogModuleManager: Shutting down and abandoning module AudioCapture (356)
[2018.05.02-12.27.45:395][842]LogModuleManager: Shutting down and abandoning module ArchVisCharacter (354)
[2018.05.02-12.27.45:395][842]LogModuleManager: Shutting down and abandoning module AndroidPermission (352)
[2018.05.02-12.27.45:395][842]LogModuleManager: Shutting down and abandoning module NUTUnrealEngine4 (348)
[2018.05.02-12.27.45:395][842]LogModuleManager: Shutting down and abandoning module NetcodeUnitTest (346)
[2018.05.02-12.27.45:436][842]LogModuleManager: Shutting down and abandoning module MediaCompositingEditor (344)
[2018.05.02-12.27.45:436][842]LogModuleManager: Shutting down and abandoning module MediaCompositing (342)
[2018.05.02-12.27.45:436][842]LogModuleManager: Shutting down and abandoning module LinearTimecode (340)
[2018.05.02-12.27.45:436][842]LogModuleManager: Shutting down and abandoning module ImgMedia (338)
[2018.05.02-12.27.45:465][842]LogModuleManager: Shutting down and abandoning module HTML5Networking (336)
[2018.05.02-12.27.45:465][842]LogModuleManager: Shutting down and abandoning module AlembicImporter (334)
[2018.05.02-12.27.45:497][842]LogModuleManager: Shutting down and abandoning module AlembicLibrary (333)
[2018.05.02-12.27.45:497][842]LogModuleManager: Shutting down and abandoning module GeometryCache (332)
[2018.05.02-12.27.45:497][842]LogModuleManager: Shutting down and abandoning module GeometryCacheEd (331)
[2018.05.02-12.27.45:497][842]LogModuleManager: Shutting down and abandoning module DatasmithContent (326)
[2018.05.02-12.27.45:497][842]LogModuleManager: Shutting down and abandoning module SpeedTreeImporter (324)
[2018.05.02-12.27.45:497][842]LogModuleManager: Shutting down and abandoning module PluginBrowser (322)
[2018.05.02-12.27.45:499][842]LogModuleManager: Shutting down and abandoning module MobileLauncherProfileWizard (320)
[2018.05.02-12.27.45:536][842]LogModuleManager: Shutting down and abandoning module CryptoKeysOpenSSL (318)
[2018.05.02-12.27.45:540][842]LogModuleManager: Shutting down and abandoning module CryptoKeys (316)
[2018.05.02-12.27.45:540][842]LogModuleManager: Shutting down and abandoning module VisualStudioSourceCodeAccess (314)
[2018.05.02-12.27.45:540][842]LogModuleManager: Shutting down and abandoning module VisualStudioCodeSourceCodeAccess (312)
[2018.05.02-12.27.45:540][842]LogModuleManager: Shutting down and abandoning module UObjectPlugin (310)
[2018.05.02-12.27.45:541][842]LogModuleManager: Shutting down and abandoning module SubversionSourceControl (308)
[2018.05.02-12.27.45:578][842]LogModuleManager: Shutting down and abandoning module PerforceSourceControl (306)
[2018.05.02-12.27.45:592][842]LogModuleManager: Shutting down and abandoning module GitSourceControl (304)
[2018.05.02-12.27.45:625][842]LogModuleManager: Shutting down and abandoning module SourceControl (303)
[2018.05.02-12.27.45:647][842]LogModuleManager: Shutting down and abandoning module CLionSourceCodeAccess (300)
[2018.05.02-12.27.45:647][842]LogModuleManager: Shutting down and abandoning module LightPropagationVolumeEditor (298)
[2018.05.02-12.27.45:647][842]LogModuleManager: Shutting down and abandoning module PaperTiledImporter (296)
[2018.05.02-12.27.45:647][842]LogModuleManager: Shutting down and abandoning module PaperSpriteSheetImporter (294)
[2018.05.02-12.27.45:647][842]LogModuleManager: Shutting down and abandoning module Paper2DEditor (292)
[2018.05.02-12.27.45:706][842]LogModuleManager: Shutting down and abandoning module MeshPaint (291)
[2018.05.02-12.27.45:728][842]LogModuleManager: Shutting down and abandoning module RuntimePhysXCooking (288)
[2018.05.02-12.27.45:728][842]LogModuleManager: Shutting down and abandoning module PhysXVehiclesEditor (286)
[2018.05.02-12.27.45:729][842]LogModuleManager: Shutting down and abandoning module PhysXVehicles (284)
[2018.05.02-12.27.45:729][842]LogModuleManager: Shutting down and abandoning module OculusEditor (282)
[2018.05.02-12.27.45:729][842]LogModuleManager: Shutting down and abandoning module LocationServicesBPLibrary (280)
[2018.05.02-12.27.45:729][842]LogModuleManager: Shutting down and abandoning module ImmediatePhysicsEditor (278)
[2018.05.02-12.27.45:729][842]LogModuleManager: Shutting down and abandoning module ImmediatePhysics (276)
[2018.05.02-12.27.45:748][842]LogModuleManager: Shutting down and abandoning module ActorSequence (274)
[2018.05.02-12.27.45:748][842]LogModuleManager: Shutting down and abandoning module UdpMessaging (272)
[2018.05.02-12.27.45:867][842]LogModuleManager: Shutting down and abandoning module TcpMessaging (270)
[2018.05.02-12.27.45:969][842]LogModuleManager: Shutting down and abandoning module GameplayTagsEditor (268)
[2018.05.02-12.27.45:981][842]LogModuleManager: Shutting down and abandoning module FacialAnimationEditor (266)
[2018.05.02-12.27.45:982][842]LogModuleManager: Shutting down and abandoning module FacialAnimation (264)
[2018.05.02-12.27.45:982][842]LogModuleManager: Shutting down and abandoning module DataValidation (262)
[2018.05.02-12.27.45:982][842]LogModuleManager: Shutting down and abandoning module AssetManagerEditor (260)
[2018.05.02-12.27.45:992][842]LogModuleManager: Shutting down and abandoning module LevelEditor (259)
[2018.05.02-12.27.46:016][842]LogModuleManager: Shutting down and abandoning module PixelInspectorModule (258)
[2018.05.02-12.27.46:040][842]LogModuleManager: Shutting down and abandoning module CommonMenuExtensions (256)
[2018.05.02-12.27.46:040][842]LogModuleManager: Shutting down and abandoning module MainFrame (254)
[2018.05.02-12.27.46:040][842]LogModuleManager: Shutting down and abandoning module HotReload (253)
[2018.05.02-12.27.46:070][842]LogModuleManager: Shutting down and abandoning module ContentBrowser (249)
[2018.05.02-12.27.46:071][842]LogModuleManager: Shutting down and abandoning module TreeMap (247)
[2018.05.02-12.27.46:079][842]LogModuleManager: Shutting down and abandoning module LightPropagationVolumeRuntime (244)
[2018.05.02-12.27.46:079][842]LogModuleManager: Shutting down and abandoning module LiveLinkEditor (242)
[2018.05.02-12.27.46:082][842]LogModuleManager: Shutting down and abandoning module LiveLink (240)
[2018.05.02-12.27.46:562][842]LogModuleManager: Shutting down and abandoning module Paper2D (238)
[2018.05.02-12.27.46:578][842]LogModuleManager: Shutting down and abandoning module WindowsMoviePlayer (236)
[2018.05.02-12.27.46:578][842]LogModuleManager: Shutting down and abandoning module WmfMedia (234)
[2018.05.02-12.27.46:607][842]LogModuleManager: Shutting down and abandoning module Media (233)
[2018.05.02-12.27.46:613][842]LogModuleManager: Shutting down and abandoning module PacketHandler (230)
[2018.05.02-12.27.46:613][842]LogModuleManager: Shutting down and abandoning module ClothingSystemEditor (228)
[2018.05.02-12.27.46:613][842]LogModuleManager: Shutting down and abandoning module ClothingSystemRuntime (226)
[2018.05.02-12.27.46:643][842]LogModuleManager: Shutting down and abandoning module MediaAssets (224)
[2018.05.02-12.27.46:643][842]LogModuleManager: Shutting down and abandoning module Overlay (222)
[2018.05.02-12.27.46:644][842]LogModuleManager: Shutting down and abandoning module OverlayEditor (221)
[2018.05.02-12.27.46:644][842]LogModuleManager: Shutting down and abandoning module VREditor (218)
[2018.05.02-12.27.46:662][842]LogModuleManager: Shutting down and abandoning module StringTableEditor (216)
[2018.05.02-12.27.46:662][842]LogModuleManager: Shutting down and abandoning module GameplayTasksEditor (214)
[2018.05.02-12.27.46:662][842]LogModuleManager: Shutting down and abandoning module BehaviorTreeEditor (212)
[2018.05.02-12.27.46:740][842]LogModuleManager: Shutting down and abandoning module FunctionalTesting (210)
[2018.05.02-12.27.46:751][842]LogModuleManager: Shutting down and abandoning module CollisionAnalyzer (208)
[2018.05.02-12.27.46:779][842]LogModuleManager: Shutting down and abandoning module WorkspaceMenuStructure (207)
[2018.05.02-12.27.46:779][842]LogModuleManager: Shutting down and abandoning module UMG (204)
[2018.05.02-12.27.46:802][842]LogModuleManager: Shutting down and abandoning module UMGEditor (203)
[2018.05.02-12.27.46:844][842]LogModuleManager: Shutting down and abandoning module Sequencer (202)
[2018.05.02-12.27.46:966][842]LogModuleManager: Shutting down and abandoning module MessageLog (199)
[2018.05.02-12.27.46:966][842]LogModuleManager: Shutting down and abandoning module SlateReflector (194)
[2018.05.02-12.27.47:016][842]LogModuleManager: Shutting down and abandoning module Slate (192)
[2018.05.02-12.27.47:016][842]LogModuleManager: Shutting down and abandoning module EditorStyle (190)
[2018.05.02-12.27.47:018][842]LogModuleManager: Shutting down and abandoning module MRMesh (188)
[2018.05.02-12.27.47:018][842]LogModuleManager: Shutting down and abandoning module SourceCodeAccess (186)
[2018.05.02-12.27.47:018][842]LogModuleManager: Shutting down and abandoning module HeadMountedDisplay (184)
[2018.05.02-12.27.47:018][842]LogModuleManager: Shutting down and abandoning module XAudio2 (182)
[2018.05.02-12.27.47:018][842]LogModuleManager: Shutting down and abandoning module Networking (180)
[2018.05.02-12.27.47:018][842]LogModuleManager: Shutting down and abandoning module Core (178)
[2018.05.02-12.27.47:018][842]LogModuleManager: Shutting down and abandoning module LevelSequence (176)
[2018.05.02-12.27.47:061][842]LogModuleManager: Shutting down and abandoning module KismetCompiler (174)
[2018.05.02-12.27.47:061][842]LogModuleManager: Shutting down and abandoning module MeshUtilities (172)
[2018.05.02-12.27.47:111][842]LogModuleManager: Shutting down and abandoning module MeshMergeUtilities (171)
[2018.05.02-12.27.47:111][842]LogModuleManager: Shutting down and abandoning module MeshReductionInterface (170)
[2018.05.02-12.27.47:111][842]LogModuleManager: Shutting down and abandoning module SimplygonSwarm (169)
[2018.05.02-12.27.47:147][842]LogModuleManager: Shutting down and abandoning module SimplygonMeshReduction (167)
[2018.05.02-12.27.47:157][842]LogModuleManager: Shutting down and abandoning module QuadricMeshReduction (165)
[2018.05.02-12.27.47:157][842]LogModuleManager: Shutting down and abandoning module MaterialBaking (161)
[2018.05.02-12.27.47:157][842]LogModuleManager: Shutting down and abandoning module DirectoryWatcher (157)
[2018.05.02-12.27.47:158][842]LogModuleManager: Shutting down and abandoning module DerivedDataCache (154)
[2018.05.02-12.27.47:243][842]LogDerivedDataCache: Shutdown
[2018.05.02-12.27.47:243][842]LogModuleManager: Shutting down and abandoning module XGEController (152)
[2018.05.02-12.27.47:243][842]LogXGEController: Cleaning working directory: C:/Users/Samy/AppData/Local/Temp/UnrealXGEWorkingDir/
[2018.05.02-12.27.47:244][842]LogModuleManager: Shutting down and abandoning module TargetPlatform (150)
[2018.05.02-12.27.47:244][842]LogModuleManager: Shutting down and abandoning module VulkanShaderFormat (149)
[2018.05.02-12.27.47:265][842]LogModuleManager: Shutting down and abandoning module ShaderFormatVectorVM (147)
[2018.05.02-12.27.47:269][842]LogModuleManager: Shutting down and abandoning module ShaderFormatOpenGL (145)
[2018.05.02-12.27.47:287][842]LogModuleManager: Shutting down and abandoning module ShaderFormatD3D (143)
[2018.05.02-12.27.47:287][842]LogModuleManager: Shutting down and abandoning module MetalShaderFormat (141)
[2018.05.02-12.27.47:302][842]LogModuleManager: Shutting down and abandoning module TextureFormatUncompressed (139)
[2018.05.02-12.27.47:302][842]LogModuleManager: Shutting down and abandoning module TextureFormatPVR (137)
[2018.05.02-12.27.47:302][842]LogModuleManager: Shutting down and abandoning module TextureFormatDXT (135)
[2018.05.02-12.27.47:302][842]LogModuleManager: Shutting down and abandoning module TextureFormatIntelISPCTexComp (133)
[2018.05.02-12.27.47:302][842]LogModuleManager: Shutting down and abandoning module TextureFormatASTC (131)
[2018.05.02-12.27.47:302][842]LogModuleManager: Shutting down and abandoning module ImageWrapper (130)
[2018.05.02-12.27.47:302][842]LogModuleManager: Shutting down and abandoning module TextureFormatAndroid (127)
[2018.05.02-12.27.47:302][842]LogModuleManager: Shutting down and abandoning module AudioFormatOpus (125)
[2018.05.02-12.27.47:302][842]LogModuleManager: Shutting down and abandoning module AudioFormatOgg (123)
[2018.05.02-12.27.47:302][842]LogModuleManager: Shutting down and abandoning module AudioFormatADPCM (121)
[2018.05.02-12.27.47:302][842]LogModuleManager: Shutting down and abandoning module LinuxTargetPlatform (119)
[2018.05.02-12.27.47:302][842]LogModuleManager: Shutting down and abandoning module LinuxServerTargetPlatform (117)
[2018.05.02-12.27.47:302][842]LogModuleManager: Shutting down and abandoning module LinuxNoEditorTargetPlatform (115)
[2018.05.02-12.27.47:302][842]LogModuleManager: Shutting down and abandoning module LinuxClientTargetPlatform (113)
[2018.05.02-12.27.47:302][842]LogModuleManager: Shutting down and abandoning module TVOSTargetPlatform (111)
[2018.05.02-12.27.47:302][842]LogModuleManager: Shutting down and abandoning module Messaging (109)
[2018.05.02-12.27.47:302][842]LogModuleManager: Shutting down and abandoning module IOSTargetPlatform (107)
[2018.05.02-12.27.47:302][842]LogModuleManager: Shutting down and abandoning module HTML5TargetPlatform (105)
[2018.05.02-12.27.47:302][842]LogModuleManager: Shutting down and abandoning module AndroidTargetPlatform (103)
[2018.05.02-12.27.47:302][842]LogModuleManager: Shutting down and abandoning module Android_PVRTCTargetPlatform (101)
[2018.05.02-12.27.47:302][842]LogModuleManager: Shutting down and abandoning module Android_MultiTargetPlatform (99)
[2018.05.02-12.27.47:302][842]LogModuleManager: Shutting down and abandoning module Android_ETC2TargetPlatform (97)
[2018.05.02-12.27.47:302][842]LogModuleManager: Shutting down and abandoning module Android_ETC1TargetPlatform (95)
[2018.05.02-12.27.47:302][842]LogModuleManager: Shutting down and abandoning module Android_ETC1aTargetPlatform (93)
[2018.05.02-12.27.47:302][842]LogModuleManager: Shutting down and abandoning module Android_DXTTargetPlatform (91)
[2018.05.02-12.27.47:302][842]LogModuleManager: Shutting down and abandoning module Android_ATCTargetPlatform (89)
[2018.05.02-12.27.47:302][842]LogModuleManager: Shutting down and abandoning module Android_ASTCTargetPlatform (87)
[2018.05.02-12.27.47:302][842]LogModuleManager: Shutting down and abandoning module WindowsTargetPlatform (85)
[2018.05.02-12.27.47:302][842]LogModuleManager: Shutting down and abandoning module WindowsServerTargetPlatform (83)
[2018.05.02-12.27.47:302][842]LogModuleManager: Shutting down and abandoning module WindowsNoEditorTargetPlatform (81)
[2018.05.02-12.27.47:302][842]LogModuleManager: Shutting down and abandoning module WindowsClientTargetPlatform (79)
[2018.05.02-12.27.47:303][842]LogModuleManager: Shutting down and abandoning module MacTargetPlatform (77)
[2018.05.02-12.27.47:303][842]LogModuleManager: Shutting down and abandoning module MacServerTargetPlatform (75)
[2018.05.02-12.27.47:303][842]LogModuleManager: Shutting down and abandoning module MacNoEditorTargetPlatform (73)
[2018.05.02-12.27.47:303][842]LogModuleManager: Shutting down and abandoning module MacClientTargetPlatform (71)
[2018.05.02-12.27.47:303][842]LogModuleManager: Shutting down and abandoning module AllDesktopTargetPlatform (69)
[2018.05.02-12.27.47:303][842]LogModuleManager: Shutting down and abandoning module InputCore (66)
[2018.05.02-12.27.47:303][842]LogModuleManager: Shutting down and abandoning module Settings (64)
[2018.05.02-12.27.47:303][842]LogModuleManager: Shutting down and abandoning module PhysXCooking (62)
[2018.05.02-12.27.47:303][842]LogModuleManager: Shutting down and abandoning module SteamVR (60)
[2018.05.02-12.27.47:303][842]LogModuleManager: Shutting down and abandoning module OculusHMD (58)
[2018.05.02-12.27.47:330][842]LogModuleManager: Shutting down and abandoning module ExampleDeviceProfileSelector (56)
[2018.05.02-12.27.47:330][842]LogModuleManager: Shutting down and abandoning module AppleARKit (54)
[2018.05.02-12.27.47:330][842]LogModuleManager: Shutting down and abandoning module AugmentedReality (51)
[2018.05.02-12.27.47:330][842]LogModuleManager: Shutting down and abandoning module OnlineBlueprintSupport (48)
[2018.05.02-12.27.47:330][842]LogModuleManager: Shutting down and abandoning module OnlineSubsystem (44)
[2018.05.02-12.27.47:346][842]LogModuleManager: Shutting down and abandoning module XMPP (43)
[2018.05.02-12.27.47:371][842]LogModuleManager: Shutting down and abandoning module HTTP (41)
[2018.05.02-12.27.47:399][842]LogHttp: Display: Http module shutting down, but needs to wait on 1 outstanding Http requests:
[2018.05.02-12.27.47:399][842]LogHttp: Display: 	verb=[POST] url=[https://datarouter.ol.epicgames.com/datarouter/api/v1/public/data?SessionID=%7B0C12A57F-457B-A757-FBF4-F490107450D7%7D&AppID=UEEditor.Rocket.Release&AppVersion=4.19.1-3989454%2B%2B%2BUE4%2BRelease-4.19&UserID=b033bdc1405dbc4bf9aef69dca1c7eb8%7Cdc463975acf14fd0a815b8bebfd85859%7Ca97a2bc6-b817-4776-b521-9f4b25ed7a90&AppEnvironment=datacollector-binary&UploadType=eteventstream] status=Processing
[2018.05.02-12.27.47:419][842]LogModuleManager: Shutting down and abandoning module SSL (40)
[2018.05.02-12.27.47:460][842]LogModuleManager: Shutting down and abandoning module AnimationModifiers (36)
[2018.05.02-12.27.47:484][842]LogModuleManager: Shutting down and abandoning module PropertyEditor (35)
[2018.05.02-12.27.47:512][842]LogModuleManager: Shutting down and abandoning module AudioEditor (32)
[2018.05.02-12.27.47:537][842]LogModuleManager: Shutting down and abandoning module TextureCompressor (30)
[2018.05.02-12.27.47:537][842]LogModuleManager: Shutting down and abandoning module ShaderCore (28)
[2018.05.02-12.27.47:537][842]LogModuleManager: Shutting down and abandoning module Landscape (26)
[2018.05.02-12.27.47:537][842]LogModuleManager: Shutting down and abandoning module SlateRHIRenderer (24)
[2018.05.02-12.27.47:568][842]LogModuleManager: Shutting down and abandoning module OpenGLDrv (22)
[2018.05.02-12.27.47:595][842]LogModuleManager: Shutting down and abandoning module D3D11RHI (20)
[2018.05.02-12.27.47:595][842]LogModuleManager: Shutting down and abandoning module AnimGraphRuntime (18)
[2018.05.02-12.27.47:610][842]LogModuleManager: Shutting down and abandoning module Renderer (16)
[2018.05.02-12.27.47:610][842]LogModuleManager: Shutting down and abandoning module Engine (14)
[2018.05.02-12.27.47:610][842]LogModuleManager: Shutting down and abandoning module CoreUObject (12)
[2018.05.02-12.27.47:610][842]LogModuleManager: Shutting down and abandoning module NetworkFile (10)
[2018.05.02-12.27.47:610][842]LogModuleManager: Shutting down and abandoning module CookedIterativeFile (8)
[2018.05.02-12.27.47:610][842]LogModuleManager: Shutting down and abandoning module StreamingFile (6)
[2018.05.02-12.27.47:610][842]LogModuleManager: Shutting down and abandoning module SandboxFile (4)
[2018.05.02-12.27.47:610][842]LogModuleManager: Shutting down and abandoning module PakFile (2)
[2018.05.02-12.27.47:642][842]LogExit: Exiting.
[2018.05.02-12.27.47:691][842]Log file closed, 05/02/18 15:27:47
