Log file open, 05/16/18 21:14:52
LogWindows: Failed to load 'aqProf.dll' (GetLastError=126)
LogWindows: File 'aqProf.dll' does not exist
LogWindows: Failed to load 'VtuneApi.dll' (GetLastError=126)
LogWindows: File 'VtuneApi.dll' does not exist
LogWindows: Failed to load 'VtuneApi32e.dll' (GetLastError=126)
LogWindows: File 'VtuneApi32e.dll' does not exist
LogInit: Display: Running engine for game: Cameleonul
LogPlatformFile: Not using cached read wrapper
LogInit: Display: RandInit(-1036268306) SRandInit(-1036268306).
LogInit: Read version file with build ID '3944462'
LogInit: Overriding engine version to CL 3989454, compatible CL 3944462
LogInit: Registered custom module enumerator with build ID '3944462'
LogTaskGraph: Started task graph with 5 named threads and 23 total threads with 3 sets of task threads.
LogStats: Stats thread started at 7.958118
LogD3D11RHI: Aftermath initialized
LogICUInternationalization: Display: ICU TimeZone Detection - Raw Offset: +2:00, Platform Override: ''
LogModuleManager: Display: Found up-to-date module file ../../../Engine/Plugins/2D/Paper2D/Binaries/Win64/UE4Editor-Paper2D.dll (API version 3944462).
LogModuleManager: Display: Found up-to-date module file ../../../Engine/Plugins/2D/Paper2D/Binaries/Win64/UE4Editor-Paper2DEditor.dll (API version 3944462).
LogModuleManager: Display: Found up-to-date module file ../../../Engine/Plugins/2D/Paper2D/Binaries/Win64/UE4Editor-PaperSpriteSheetImporter.dll (API version 3944462).
LogModuleManager: Display: Found up-to-date module file ../../../Engine/Plugins/2D/Paper2D/Binaries/Win64/UE4Editor-PaperTiledImporter.dll (API version 3944462).
LogModuleManager: Display: Found up-to-date module file ../../../Engine/Plugins/2D/Paper2D/Binaries/Win64/UE4Editor-SmartSnapping.dll (API version 3944462).
LogModuleManager: Display: Found up-to-date module file ../../../Engine/Plugins/Blendables/LightPropagationVolume/Binaries/Win64/UE4Editor-LightPropagationVolumeRuntime.dll (API version 3944462).
LogModuleManager: Display: Found up-to-date module file ../../../Engine/Plugins/Blendables/LightPropagationVolume/Binaries/Win64/UE4Editor-LightPropagationVolumeEditor.dll (API version 3944462).
LogModuleManager: Display: Found up-to-date module file ../../../Engine/Plugins/Developer/CLionSourceCodeAccess/Binaries/Win64/UE4Editor-CLionSourceCodeAccess.dll (API version 3944462).
LogModuleManager: Display: Found up-to-date module file ../../../Engine/Plugins/Developer/GitSourceControl/Binaries/Win64/UE4Editor-GitSourceControl.dll (API version 3944462).
LogModuleManager: Display: Found up-to-date module file ../../../Engine/Plugins/Developer/PerforceSourceControl/Binaries/Win64/UE4Editor-PerforceSourceControl.dll (API version 3944462).
LogModuleManager: Display: Found up-to-date module file ../../../Engine/Plugins/Developer/SubversionSourceControl/Binaries/Win64/UE4Editor-SubversionSourceControl.dll (API version 3944462).
LogModuleManager: Display: Found up-to-date module file ../../../Engine/Plugins/Developer/UObjectPlugin/Binaries/Win64/UE4Editor-UObjectPlugin.dll (API version 3944462).
LogModuleManager: Display: Found up-to-date module file ../../../Engine/Plugins/Developer/VisualStudioCodeSourceCodeAccess/Binaries/Win64/UE4Editor-VisualStudioCodeSourceCodeAccess.dll (API version 3944462).
LogModuleManager: Display: Found up-to-date module file ../../../Engine/Plugins/Developer/VisualStudioSourceCodeAccess/Binaries/Win64/UE4Editor-VisualStudioSourceCodeAccess.dll (API version 3944462).
LogModuleManager: Display: Found up-to-date module file ../../../Engine/Plugins/Editor/AssetManagerEditor/Binaries/Win64/UE4Editor-AssetManagerEditor.dll (API version 3944462).
LogModuleManager: Display: Found up-to-date module file ../../../Engine/Plugins/Editor/CryptoKeys/Binaries/Win64/UE4Editor-CryptoKeys.dll (API version 3944462).
LogModuleManager: Display: Found up-to-date module file ../../../Engine/Plugins/Editor/CryptoKeys/Binaries/Win64/UE4Editor-CryptoKeysOpenSSL.dll (API version 3944462).
LogModuleManager: Display: Found up-to-date module file ../../../Engine/Plugins/Editor/DataValidation/Binaries/Win64/UE4Editor-DataValidation.dll (API version 3944462).
LogModuleManager: Display: Found up-to-date module file ../../../Engine/Plugins/Editor/FacialAnimation/Binaries/Win64/UE4Editor-FacialAnimation.dll (API version 3944462).
LogModuleManager: Display: Found up-to-date module file ../../../Engine/Plugins/Editor/FacialAnimation/Binaries/Win64/UE4Editor-FacialAnimationEditor.dll (API version 3944462).
LogModuleManager: Display: Found up-to-date module file ../../../Engine/Plugins/Editor/GameplayTagsEditor/Binaries/Win64/UE4Editor-GameplayTagsEditor.dll (API version 3944462).
LogModuleManager: Display: Found up-to-date module file ../../../Engine/Plugins/Editor/MobileLauncherProfileWizard/Binaries/Win64/UE4Editor-MobileLauncherProfileWizard.dll (API version 3944462).
LogModuleManager: Display: Found up-to-date module file ../../../Engine/Plugins/Editor/PluginBrowser/Binaries/Win64/UE4Editor-PluginBrowser.dll (API version 3944462).
LogModuleManager: Display: Found up-to-date module file ../../../Engine/Plugins/Editor/SpeedTreeImporter/Binaries/Win64/UE4Editor-SpeedTreeImporter.dll (API version 3944462).
LogModuleManager: Display: Found up-to-date module file ../../../Engine/Plugins/Enterprise/DatasmithContent/Binaries/Win64/UE4Editor-DatasmithContent.dll (API version 3944462).
LogModuleManager: Display: Found up-to-date module file ../../../Engine/Plugins/Experimental/AlembicImporter/Binaries/Win64/UE4Editor-AlembicImporter.dll (API version 3944462).
LogModuleManager: Display: Found up-to-date module file ../../../Engine/Plugins/Experimental/AlembicImporter/Binaries/Win64/UE4Editor-AlembicLibrary.dll (API version 3944462).
LogModuleManager: Display: Found up-to-date module file ../../../Engine/Plugins/Experimental/CharacterAI/Binaries/Win64/UE4Editor-CharacterAI.dll (API version 3944462).
LogModuleManager: Display: Found up-to-date module file ../../../Engine/Plugins/Experimental/HTML5Networking/Binaries/Win64/UE4Editor-HTML5Networking.dll (API version 3944462).
LogModuleManager: Display: Found up-to-date module file ../../../Engine/Plugins/Media/AndroidMedia/Binaries/Win64/UE4Editor-AndroidMediaEditor.dll (API version 3944462).
LogModuleManager: Display: Found up-to-date module file ../../../Engine/Plugins/Media/AndroidMedia/Binaries/Win64/UE4Editor-AndroidMediaFactory.dll (API version 3944462).
LogModuleManager: Display: Found up-to-date module file ../../../Engine/Plugins/Media/AvfMedia/Binaries/Win64/UE4Editor-AvfMediaEditor.dll (API version 3944462).
LogModuleManager: Display: Found up-to-date module file ../../../Engine/Plugins/Media/AvfMedia/Binaries/Win64/UE4Editor-AvfMediaFactory.dll (API version 3944462).
LogModuleManager: Display: Found up-to-date module file ../../../Engine/Plugins/Media/AvfMedia/Binaries/Win64/UE4Editor-AvfMediaFactory.dll (API version 3944462).
LogModuleManager: Display: Found up-to-date module file ../../../Engine/Plugins/Media/ImgMedia/Binaries/Win64/UE4Editor-ImgMedia.dll (API version 3944462).
LogModuleManager: Display: Found up-to-date module file ../../../Engine/Plugins/Media/ImgMedia/Binaries/Win64/UE4Editor-ImgMediaEditor.dll (API version 3944462).
LogModuleManager: Display: Found up-to-date module file ../../../Engine/Plugins/Media/ImgMedia/Binaries/Win64/UE4Editor-ImgMediaFactory.dll (API version 3944462).
LogModuleManager: Display: Found up-to-date module file ../../../Engine/Plugins/Media/ImgMedia/Binaries/Win64/UE4Editor-ImgMediaFactory.dll (API version 3944462).
LogModuleManager: Display: Found up-to-date module file ../../../Engine/Plugins/Media/ImgMedia/Binaries/Win64/UE4Editor-OpenExrWrapper.dll (API version 3944462).
LogModuleManager: Display: Found up-to-date module file ../../../Engine/Plugins/Media/LinearTimecode/Binaries/Win64/UE4Editor-LinearTimecode.dll (API version 3944462).
LogModuleManager: Display: Found up-to-date module file ../../../Engine/Plugins/Media/MediaCompositing/Binaries/Win64/UE4Editor-MediaCompositing.dll (API version 3944462).
LogModuleManager: Display: Found up-to-date module file ../../../Engine/Plugins/Media/MediaCompositing/Binaries/Win64/UE4Editor-MediaCompositingEditor.dll (API version 3944462).
LogModuleManager: Display: Found up-to-date module file ../../../Engine/Plugins/Media/MediaPlayerEditor/Binaries/Win64/UE4Editor-MediaPlayerEditor.dll (API version 3944462).
LogModuleManager: Display: Found up-to-date module file ../../../Engine/Plugins/Media/WmfMedia/Binaries/Win64/UE4Editor-WmfMedia.dll (API version 3944462).
LogModuleManager: Display: Found up-to-date module file ../../../Engine/Plugins/Media/WmfMedia/Binaries/Win64/UE4Editor-WmfMediaEditor.dll (API version 3944462).
LogModuleManager: Display: Found up-to-date module file ../../../Engine/Plugins/Media/WmfMedia/Binaries/Win64/UE4Editor-WmfMediaFactory.dll (API version 3944462).
LogModuleManager: Display: Found up-to-date module file ../../../Engine/Plugins/Media/WmfMedia/Binaries/Win64/UE4Editor-WmfMediaFactory.dll (API version 3944462).
LogModuleManager: Display: Found up-to-date module file ../../../Engine/Plugins/Messaging/TcpMessaging/Binaries/Win64/UE4Editor-TcpMessaging.dll (API version 3944462).
LogModuleManager: Display: Found up-to-date module file ../../../Engine/Plugins/Messaging/UdpMessaging/Binaries/Win64/UE4Editor-UdpMessaging.dll (API version 3944462).
LogModuleManager: Display: Found up-to-date module file ../../../Engine/Plugins/MovieScene/ActorSequence/Binaries/Win64/UE4Editor-ActorSequence.dll (API version 3944462).
LogModuleManager: Display: Found up-to-date module file ../../../Engine/Plugins/MovieScene/LevelSequenceEditor/Binaries/Win64/UE4Editor-LevelSequenceEditor.dll (API version 3944462).
LogModuleManager: Display: Found up-to-date module file ../../../Engine/Plugins/MovieScene/MatineeToLevelSequence/Binaries/Win64/UE4Editor-MatineeToLevelSequence.dll (API version 3944462).
LogModuleManager: Display: Found up-to-date module file ../../../Engine/Plugins/NetcodeUnitTest/NetcodeUnitTest/Binaries/Win64/UE4Editor-NetcodeUnitTest.dll (API version 3944462).
LogModuleManager: Display: Found up-to-date module file ../../../Engine/Plugins/NetcodeUnitTest/NUTUnrealEngine4/Binaries/Win64/UE4Editor-NUTUnrealEngine4.dll (API version 3944462).
LogModuleManager: Display: Found up-to-date module file ../../../Engine/Plugins/Online/OnlineSubsystem/Binaries/Win64/UE4Editor-OnlineSubsystem.dll (API version 3944462).
LogModuleManager: Display: Found up-to-date module file ../../../Engine/Plugins/Runtime/AndroidPermission/Binaries/Win64/UE4Editor-AndroidPermission.dll (API version 3944462).
LogModuleManager: Display: Found up-to-date module file ../../../Engine/Plugins/Online/OnlineSubsystemNull/Binaries/Win64/UE4Editor-OnlineSubsystemNull.dll (API version 3944462).
LogModuleManager: Display: Found up-to-date module file ../../../Engine/Plugins/Online/OnlineSubsystemUtils/Binaries/Win64/UE4Editor-OnlineSubsystemUtils.dll (API version 3944462).
LogModuleManager: Display: Found up-to-date module file ../../../Engine/Plugins/Online/OnlineSubsystemUtils/Binaries/Win64/UE4Editor-OnlineBlueprintSupport.dll (API version 3944462).
LogModuleManager: Display: Found up-to-date module file ../../../Engine/Plugins/Runtime/AndroidDeviceProfileSelector/Binaries/Win64/UE4Editor-AndroidDeviceProfileSelector.dll (API version 3944462).
LogModuleManager: Display: Found up-to-date module file ../../../Engine/Plugins/Runtime/AppleARKit/Binaries/Win64/UE4Editor-AppleARKit.dll (API version 3944462).
LogModuleManager: Display: Found up-to-date module file ../../../Engine/Plugins/Runtime/ProceduralMeshComponent/Binaries/Win64/UE4Editor-ProceduralMeshComponent.dll (API version 3944462).
LogModuleManager: Display: Found up-to-date module file ../../../Engine/Plugins/Runtime/ProceduralMeshComponent/Binaries/Win64/UE4Editor-ProceduralMeshComponentEditor.dll (API version 3944462).
LogModuleManager: Display: Found up-to-date module file ../../../Engine/Plugins/Animation/LiveLink/Binaries/Win64/UE4Editor-LiveLink.dll (API version 3944462).
LogModuleManager: Display: Found up-to-date module file ../../../Engine/Plugins/Animation/LiveLink/Binaries/Win64/UE4Editor-LiveLinkEditor.dll (API version 3944462).
LogModuleManager: Display: Found up-to-date module file ../../../Engine/Plugins/Runtime/ArchVisCharacter/Binaries/Win64/UE4Editor-ArchVisCharacter.dll (API version 3944462).
LogModuleManager: Display: Found up-to-date module file ../../../Engine/Plugins/Runtime/AudioCapture/Binaries/Win64/UE4Editor-AudioCapture.dll (API version 3944462).
LogModuleManager: Display: Found up-to-date module file ../../../Engine/Plugins/Runtime/AudioCapture/Binaries/Win64/UE4Editor-AudioCaptureEditor.dll (API version 3944462).
LogModuleManager: Display: Found up-to-date module file ../../../Engine/Plugins/Runtime/CableComponent/Binaries/Win64/UE4Editor-CableComponent.dll (API version 3944462).
LogModuleManager: Display: Found up-to-date module file ../../../Engine/Plugins/Runtime/CustomMeshComponent/Binaries/Win64/UE4Editor-CustomMeshComponent.dll (API version 3944462).
LogModuleManager: Display: Found up-to-date module file ../../../Engine/Plugins/Runtime/ExampleDeviceProfileSelector/Binaries/Win64/UE4Editor-ExampleDeviceProfileSelector.dll (API version 3944462).
LogModuleManager: Display: Found up-to-date module file ../../../Engine/Plugins/Runtime/ImmediatePhysics/Binaries/Win64/UE4Editor-ImmediatePhysics.dll (API version 3944462).
LogModuleManager: Display: Found up-to-date module file ../../../Engine/Plugins/Runtime/ImmediatePhysics/Binaries/Win64/UE4Editor-ImmediatePhysicsEditor.dll (API version 3944462).
LogModuleManager: Display: Found up-to-date module file ../../../Engine/Plugins/Runtime/LocationServicesBPLibrary/Binaries/Win64/UE4Editor-LocationServicesBPLibrary.dll (API version 3944462).
LogModuleManager: Display: Found up-to-date module file ../../../Engine/Plugins/Runtime/MobilePatchingUtils/Binaries/Win64/UE4Editor-MobilePatchingUtils.dll (API version 3944462).
LogModuleManager: Display: Found up-to-date module file ../../../Engine/Plugins/Runtime/Oculus/OculusVR/Binaries/Win64/UE4Editor-OculusHMD.dll (API version 3944462).
LogModuleManager: Display: Found up-to-date module file ../../../Engine/Plugins/Runtime/Oculus/OculusVR/Binaries/Win64/UE4Editor-OculusInput.dll (API version 3944462).
LogModuleManager: Display: Found up-to-date module file ../../../Engine/Plugins/Runtime/Oculus/OculusVR/Binaries/Win64/UE4Editor-OculusEditor.dll (API version 3944462).
LogModuleManager: Display: Found up-to-date module file ../../../Engine/Plugins/Runtime/PhysXVehicles/Binaries/Win64/UE4Editor-PhysXVehicles.dll (API version 3944462).
LogModuleManager: Display: Found up-to-date module file ../../../Engine/Plugins/Runtime/PhysXVehicles/Binaries/Win64/UE4Editor-PhysXVehiclesEditor.dll (API version 3944462).
LogModuleManager: Display: Found up-to-date module file ../../../Engine/Plugins/Runtime/RuntimePhysXCooking/Binaries/Win64/UE4Editor-RuntimePhysXCooking.dll (API version 3944462).
LogModuleManager: Display: Found up-to-date module file ../../../Engine/Plugins/Runtime/Steam/SteamVR/Binaries/Win64/UE4Editor-SteamVR.dll (API version 3944462).
LogModuleManager: Display: Found up-to-date module file ../../../Engine/Plugins/Runtime/Steam/SteamVR/Binaries/Win64/UE4Editor-SteamVRController.dll (API version 3944462).
LogModuleManager: Display: Found up-to-date module file ../../../Engine/Plugins/Runtime/WindowsMoviePlayer/Binaries/Win64/UE4Editor-WindowsMoviePlayer.dll (API version 3944462).
LogPluginManager: Mounting plugin Paper2D
LogPluginManager: Mounting plugin LiveLink
LogPluginManager: Mounting plugin LightPropagationVolume
LogPluginManager: Mounting plugin CLionSourceCodeAccess
LogPluginManager: Mounting plugin CodeLiteSourceCodeAccess
LogPluginManager: Mounting plugin GitSourceControl
LogPluginManager: Mounting plugin KDevelopSourceCodeAccess
LogPluginManager: Mounting plugin NullSourceCodeAccess
LogPluginManager: Mounting plugin PerforceSourceControl
LogPluginManager: Mounting plugin SubversionSourceControl
LogPluginManager: Mounting plugin UObjectPlugin
LogPluginManager: Mounting plugin VisualStudioCodeSourceCodeAccess
LogPluginManager: Mounting plugin VisualStudioSourceCodeAccess
LogPluginManager: Mounting plugin XCodeSourceCodeAccess
LogPluginManager: Mounting plugin AssetManagerEditor
LogPluginManager: Mounting plugin CryptoKeys
LogPluginManager: Mounting plugin DataValidation
LogPluginManager: Mounting plugin FacialAnimation
LogPluginManager: Mounting plugin GameplayTagsEditor
LogPluginManager: Mounting plugin MobileLauncherProfileWizard
LogPluginManager: Mounting plugin PluginBrowser
LogPluginManager: Mounting plugin SpeedTreeImporter
LogPluginManager: Mounting plugin DatasmithContent
LogPluginManager: Mounting plugin AlembicImporter
LogPluginManager: Mounting plugin CharacterAI
LogPluginManager: Mounting plugin HTML5Networking
LogPluginManager: Mounting plugin AndroidMedia
LogPluginManager: Mounting plugin AvfMedia
LogPluginManager: Mounting plugin ImgMedia
LogPluginManager: Mounting plugin LinearTimecode
LogPluginManager: Mounting plugin MediaCompositing
LogPluginManager: Mounting plugin MediaPlayerEditor
LogPluginManager: Mounting plugin WmfMedia
LogPluginManager: Mounting plugin TcpMessaging
LogPluginManager: Mounting plugin UdpMessaging
LogPluginManager: Mounting plugin ActorSequence
LogPluginManager: Mounting plugin LevelSequenceEditor
LogPluginManager: Mounting plugin MatineeToLevelSequence
LogPluginManager: Mounting plugin NetcodeUnitTest
LogPluginManager: Mounting plugin NUTUnrealEngine4
LogPluginManager: Mounting plugin OnlineSubsystemGooglePlay
LogPluginManager: Mounting plugin OnlineSubsystemIOS
LogPluginManager: Mounting plugin OnlineSubsystem
LogPluginManager: Mounting plugin OnlineSubsystemNull
LogPluginManager: Mounting plugin OnlineSubsystemUtils
LogPluginManager: Mounting plugin AndroidDeviceProfileSelector
LogPluginManager: Mounting plugin AndroidMoviePlayer
LogPluginManager: Mounting plugin AndroidPermission
LogPluginManager: Mounting plugin AppleARKit
LogPluginManager: Mounting plugin AppleMoviePlayer
LogPluginManager: Mounting plugin ArchVisCharacter
LogPluginManager: Mounting plugin AudioCapture
LogPluginManager: Mounting plugin CableComponent
LogPluginManager: Mounting plugin CustomMeshComponent
LogPluginManager: Mounting plugin ExampleDeviceProfileSelector
LogPluginManager: Mounting plugin GoogleCloudMessaging
LogPluginManager: Mounting plugin ImmediatePhysics
LogPluginManager: Mounting plugin IOSDeviceProfileSelector
LogPluginManager: Mounting plugin LinuxDeviceProfileSelector
LogPluginManager: Mounting plugin LocationServicesBPLibrary
LogPluginManager: Mounting plugin MobilePatchingUtils
LogPluginManager: Mounting plugin OculusVR
LogPluginManager: Plugin shader directory ../../../Engine/Plugins/Runtime/Oculus/OculusVR/Shaders found
LogPluginManager: Mapping shader source directory ../../../Engine/Plugins/Runtime/Oculus/OculusVR/Shaders to virtual directory /Plugin/OculusVR
LogPluginManager: Mounting plugin PhysXVehicles
LogPluginManager: Mounting plugin ProceduralMeshComponent
LogPluginManager: Mounting plugin RuntimePhysXCooking
LogPluginManager: Mounting plugin SteamVR
LogPluginManager: Mounting plugin WindowsMoviePlayer
LogStreaming: Display: Took  4.299s to configure plugins.
LogInit: Using libcurl 7.47.1
LogInit:  - built for x86_64-pc-win32
LogInit:  - supports SSL with OpenSSL/1.0.2g
LogInit:  - supports HTTP deflate (compression) using libz 1.2.8
LogInit:  - other features:
LogInit:      CURL_VERSION_SSL
LogInit:      CURL_VERSION_LIBZ
LogInit:      CURL_VERSION_IPV6
LogInit:      CURL_VERSION_ASYNCHDNS
LogInit:      CURL_VERSION_LARGEFILE
LogInit:      CURL_VERSION_IDN
LogInit:  CurlRequestOptions (configurable via config and command line):
LogInit:  - bVerifyPeer = false  - Libcurl will NOT verify peer certificate
LogInit:  - bUseHttpProxy = false  - Libcurl will NOT use HTTP proxy
LogInit:  - bDontReuseConnections = false  - Libcurl will reuse connections
LogInit:  - CertBundlePath = nullptr  - Libcurl will use whatever was configured at build time.
LogInit:  - MaxHostConnections = 16  - Libcurl will limit the number of connections to a host
LogInit:  - LocalHostAddr = Default
LogInit: WinSock: version 1.1 (2.2), MaxSocks=32767, MaxUdp=65467
LogInit: WinSock: I am DESKTOP-KGKR5TQ (192.168.56.1:0)
LogInit: Build: ++UE4+Release-4.19-CL-3989454
LogInit: Engine Version: 4.19.1-3989454+++UE4+Release-4.19
LogInit: Compatible Engine Version: 4.19.0-3944462+++UE4+Release-4.19
LogInit: Net CL: 3944462
LogDevObjectVersion: Number of dev versions registered: 18
LogDevObjectVersion:   Dev-Blueprints (B0D832E4-1F89-4F0D-ACCF-7EB736FD4AA2): 10
LogDevObjectVersion:   Dev-Build (E1C64328-A22C-4D53-A36C-8E866417BD8C): 0
LogDevObjectVersion:   Dev-Core (375EC13C-06E4-48FB-B500-84F0262A717E): 2
LogDevObjectVersion:   Dev-Editor (E4B068ED-F494-42E9-A231-DA0B2E46BB41): 23
LogDevObjectVersion:   Dev-Framework (CFFC743F-43B0-4480-9391-14DF171D2073): 33
LogDevObjectVersion:   Dev-Mobile (B02B49B5-BB20-44E9-A304-32B752E40360): 2
LogDevObjectVersion:   Dev-Networking (A4E4105C-59A1-49B5-A7C5-40C4547EDFEE): 0
LogDevObjectVersion:   Dev-Online (39C831C9-5AE6-47DC-9A44-9C173E1C8E7C): 0
LogDevObjectVersion:   Dev-Physics (78F01B33-EBEA-4F98-B9B4-84EACCB95AA2): 0
LogDevObjectVersion:   Dev-Platform (6631380F-2D4D-43E0-8009-CF276956A95A): 0
LogDevObjectVersion:   Dev-Rendering (12F88B9F-8875-4AFC-A67C-D90C383ABD29): 25
LogDevObjectVersion:   Dev-Sequencer (7B5AE74C-D270-4C10-A958-57980B212A5A): 6
LogDevObjectVersion:   Dev-VR (D7296918-1DD6-4BDD-9DE2-64A83CC13884): 1
LogDevObjectVersion:   Dev-LoadTimes (C2A15278-BFE7-4AFE-6C17-90FF531DF755): 1
LogDevObjectVersion:   Private-Geometry (6EACA3D4-40EC-4CC1-B786-8BED09428FC5): 2
LogDevObjectVersion:   Dev-AnimPhys (29E575DD-E0A3-4627-9D10-D276232CDCEA): 16
LogDevObjectVersion:   Dev-ReflectionCapture (6B266CEC-1EC7-4B8F-A30B-E4D90942FC07): 1
LogDevObjectVersion:   Dev-Automation (0DF73D61-A23F-47EA-B727-89E90C41499A): 1
LogInit: Compiled (64-bit): Apr  6 2018 12:26:04
LogInit: Compiled with Visual C++: 19.00.24215.01
LogInit: Build Configuration: Development
LogInit: Branch Name: ++UE4+Release-4.19
LogInit: Command Line:  
LogInit: Base Directory: C:/Program Files/Epic Games/UE_4.19/Engine/Binaries/Win64/
LogInit: Installed Engine Build: 1
LogStreaming: Display: Took  0.005s to delete old logs.
LogInit: Presizing for max 8388607 objects, including 0 objects not considered by GC, pre-allocating 0 bytes for permanent pool.
LogInit: Object subsystem initialized
[2018.05.16-18.14.59:094][  0]LogInit: Selected Device Profile: [Windows]
[2018.05.16-18.14.59:094][  0]LogInit: Applying CVar settings loaded from the selected device profile: [Windows]
[2018.05.16-18.15.00:293][  0]LogInit: Computer: DESKTOP-KGKR5TQ
[2018.05.16-18.15.00:293][  0]LogInit: User: Samy
[2018.05.16-18.15.00:293][  0]LogInit: CPU Page size=4096, Cores=4
[2018.05.16-18.15.00:293][  0]LogInit: High frequency timer resolution =2.742189 MHz
[2018.05.16-18.15.00:339][  0]LogMemory: Memory total: Physical=7.9GB (8GB approx)
[2018.05.16-18.15.00:339][  0]LogMemory: Platform Memory Stats for Windows
[2018.05.16-18.15.00:339][  0]LogMemory: Process Physical Memory: 276.63 MB used, 276.63 MB peak
[2018.05.16-18.15.00:339][  0]LogMemory: Process Virtual Memory: 267.01 MB used, 267.01 MB peak
[2018.05.16-18.15.00:339][  0]LogMemory: Physical Memory: 7118.29 MB used,  958.54 MB free, 8076.83 MB total
[2018.05.16-18.15.00:339][  0]LogMemory: Virtual Memory: 699.88 MB used,  958.54 MB free, 134217728.00 MB total
[2018.05.16-18.15.04:666][  0]LogInit: Using OS detected language (ro-RO).
[2018.05.16-18.15.04:666][  0]LogInit: Using OS detected locale (ro-RO).
[2018.05.16-18.15.05:731][  0]LogTextLocalizationManager: No localization for 'ro-RO' exists, so 'en' will be used for the language.
[2018.05.16-18.15.09:759][  0]LogStreaming: Display: Took  5.015s to EndInitTextLocalization.
[2018.05.16-18.15.09:862][  0]LogInit: Setting process to per monitor DPI aware
[2018.05.16-18.15.11:523][  0]LogSlate: New Slate User Created.  User Index 0, Is Virtual User: 0
[2018.05.16-18.15.11:523][  0]LogSlate: Slate User Registered.  User Index 0, Is Virtual User: 0
[2018.05.16-18.15.17:353][  0]LogD3D11RHI: D3D11 adapters:
[2018.05.16-18.15.18:796][  0]LogD3D11RHI:    0. 'NVIDIA GeForce GTX 1050' (Feature Level 11_0)
[2018.05.16-18.15.18:796][  0]LogD3D11RHI:       4021/0/4038 MB DedicatedVideo/DedicatedSystem/SharedSystem, Outputs:1, VendorId:0x10de
[2018.05.16-18.15.18:857][  0]LogD3D11RHI:    1. 'Intel(R) HD Graphics 630' (Feature Level 11_0)
[2018.05.16-18.15.18:857][  0]LogD3D11RHI:       128/0/4038 MB DedicatedVideo/DedicatedSystem/SharedSystem, Outputs:0, VendorId:0x8086
[2018.05.16-18.15.18:883][  0]LogD3D11RHI:    2. 'Microsoft Basic Render Driver' (Feature Level 11_0)
[2018.05.16-18.15.18:883][  0]LogD3D11RHI:       0/0/4038 MB DedicatedVideo/DedicatedSystem/SharedSystem, Outputs:0, VendorId:0x1414
[2018.05.16-18.15.18:883][  0]LogD3D11RHI: Chosen D3D11 Adapter: 0
[2018.05.16-18.15.18:906][  0]LogD3D11RHI: Creating new Direct3DDevice
[2018.05.16-18.15.18:906][  0]LogD3D11RHI:     GPU DeviceId: 0x1c8d (for the marketing name, search the web for "GPU Device Id")
[2018.05.16-18.15.18:906][  0]LogWindows: EnumDisplayDevices:
[2018.05.16-18.15.18:906][  0]LogWindows:    0. 'Intel(R) HD Graphics 630' (P:1 D:1)
[2018.05.16-18.15.18:906][  0]LogWindows:    1. 'Intel(R) HD Graphics 630' (P:0 D:0)
[2018.05.16-18.15.18:906][  0]LogWindows:    2. 'Intel(R) HD Graphics 630' (P:0 D:0)
[2018.05.16-18.15.18:906][  0]LogWindows: DebugString: GetVideoDriverDetailsInvalid PrimaryIsNotTheChoosenAdapter GetVideoDriverDetailsInvalid PrimaryIsNotTheChoosenAdapter GetVideoDriverDetailsInvalid PrimaryIsNotTheChoosenAdapter FoundDriverCount:0 
[2018.05.16-18.15.18:906][  0]LogD3D11RHI:     Adapter Name: NVIDIA GeForce GTX 1050
[2018.05.16-18.15.18:906][  0]LogD3D11RHI:   Driver Version: Unknown (internal:Unknown, unified:Unknown)
[2018.05.16-18.15.18:906][  0]LogD3D11RHI:      Driver Date: Unknown
[2018.05.16-18.15.18:907][  0]LogRHI: Texture pool is 2814 MB (70% of 4021 MB)
[2018.05.16-18.15.19:025][  0]LogD3D11RHI: [Aftermath] Aftermath enabled and primed
[2018.05.16-18.15.19:025][  0]LogD3D11RHI: [Aftermath] Aftermath enabled and primed
[2018.05.16-18.15.19:025][  0]LogD3D11RHI: Async texture creation enabled
[2018.05.16-18.15.19:648][  0]LogD3D11RHI: GPU Timing Frequency: 1000.000000 (Debug: 2 2)
[2018.05.16-18.15.19:808][  0]LogShaderCompilers: Guid format shader working directory is -20 characters bigger than the processId version (../../../../../../Users/Samy/Documents/GitHub/Game-2D-Color-Rush/Intermediate/Shaders/WorkingDirectory/23064/).
[2018.05.16-18.15.19:816][  0]LogShaderCompilers: Cleaned the shader compiler working directory 'C:/Users/Samy/AppData/Local/Temp/UnrealShaderWorkingDir/A1B48C1F4C6033AD510F9E9E6C8D86FA/'.
[2018.05.16-18.15.23:398][  0]LogTemp: Display: Loaded TP AllDesktopTargetPlatform
[2018.05.16-18.15.23:411][  0]LogTemp: Display: Loaded TP MacClientTargetPlatform
[2018.05.16-18.15.23:423][  0]LogTemp: Display: Loaded TP MacNoEditorTargetPlatform
[2018.05.16-18.15.23:434][  0]LogTemp: Display: Loaded TP MacServerTargetPlatform
[2018.05.16-18.15.23:508][  0]LogTemp: Display: Loaded TP MacTargetPlatform
[2018.05.16-18.15.23:520][  0]LogTemp: Display: Loaded TP WindowsClientTargetPlatform
[2018.05.16-18.15.23:531][  0]LogTemp: Display: Loaded TP WindowsNoEditorTargetPlatform
[2018.05.16-18.15.23:545][  0]LogTemp: Display: Loaded TP WindowsServerTargetPlatform
[2018.05.16-18.15.23:582][  0]LogTemp: Display: Loaded TP WindowsTargetPlatform
[2018.05.16-18.15.23:594][  0]LogTemp: Display: Loaded TP Android_ASTCTargetPlatform
[2018.05.16-18.15.23:604][  0]LogTemp: Display: Loaded TP Android_ATCTargetPlatform
[2018.05.16-18.15.23:615][  0]LogTemp: Display: Loaded TP Android_DXTTargetPlatform
[2018.05.16-18.15.23:626][  0]LogTemp: Display: Loaded TP Android_ETC1aTargetPlatform
[2018.05.16-18.15.23:636][  0]LogTemp: Display: Loaded TP Android_ETC1TargetPlatform
[2018.05.16-18.15.23:648][  0]LogTemp: Display: Loaded TP Android_ETC2TargetPlatform
[2018.05.16-18.15.23:670][  0]LogTemp: Display: Loaded TP Android_MultiTargetPlatform
[2018.05.16-18.15.23:670][  0]LogTemp: Display: Loaded TP Android_PVRTCTargetPlatform
[2018.05.16-18.15.23:791][  0]LogTemp: Display: Loaded TP AndroidTargetPlatform
[2018.05.16-18.15.23:796][  0]LogTemp: Display: Loaded TP HTML5TargetPlatform
[2018.05.16-18.15.23:969][  0]LogTemp: Display: Loaded TP IOSTargetPlatform
[2018.05.16-18.15.23:999][  0]LogTemp: Display: Loaded TP TVOSTargetPlatform
[2018.05.16-18.15.24:012][  0]LogTemp: Display: Loaded TP LinuxClientTargetPlatform
[2018.05.16-18.15.24:023][  0]LogTemp: Display: Loaded TP LinuxNoEditorTargetPlatform
[2018.05.16-18.15.24:034][  0]LogTemp: Display: Loaded TP LinuxServerTargetPlatform
[2018.05.16-18.15.24:220][  0]LogTemp: Display: Loaded TP LinuxTargetPlatform
[2018.05.16-18.15.24:220][  0]LogTargetPlatformManager: Display: Building Assets For Windows
[2018.05.16-18.15.25:892][  0]LogXGEController: Cleaning working directory: C:/Users/Samy/AppData/Local/Temp/UnrealXGEWorkingDir/
[2018.05.16-18.15.25:892][  0]LogXGEController: Cannot use XGE Controller as Incredibuild is not installed on this machine.
[2018.05.16-18.15.25:921][  0]LogShaderCompilers: Cannot use XGE Shader Compiler as Incredibuild is not installed on this machine.
[2018.05.16-18.15.25:921][  0]LogShaderCompilers: Display: Using Local Shader Compiler.
[2018.05.16-18.15.33:038][  0]LogDerivedDataCache: Display: Max Cache Size: 512 MB
[2018.05.16-18.15.34:152][  0]LogDerivedDataCache: Loaded boot cache 1.11s 87MB C:/Users/Samy/AppData/Local/UnrealEngine/4.19/DerivedDataCache/Boot.ddc.
[2018.05.16-18.15.34:152][  0]LogDerivedDataCache: Display: Loaded Boot cache: C:/Users/Samy/AppData/Local/UnrealEngine/4.19/DerivedDataCache/Boot.ddc
[2018.05.16-18.15.34:152][  0]LogDerivedDataCache: FDerivedDataBackendGraph:  Pak pak cache file ../../../../../../Users/Samy/Documents/GitHub/Game-2D-Color-Rush/DerivedDataCache/DDC.ddp not found, will not use a pak cache.
[2018.05.16-18.15.34:152][  0]LogDerivedDataCache: Unable to find inner node Pak for hierarchical cache Hierarchy.
[2018.05.16-18.15.34:152][  0]LogDerivedDataCache: FDerivedDataBackendGraph:  CompressedPak pak cache file ../../../../../../Users/Samy/Documents/GitHub/Game-2D-Color-Rush/DerivedDataCache/Compressed.ddp not found, will not use a pak cache.
[2018.05.16-18.15.34:152][  0]LogDerivedDataCache: Unable to find inner node CompressedPak for hierarchical cache Hierarchy.
[2018.05.16-18.15.34:289][  0]LogDerivedDataCache: Display: Pak cache opened for reading ../../../Engine/DerivedDataCache/Compressed.ddp.
[2018.05.16-18.15.34:354][  0]LogDerivedDataCache: Using Local data cache path C:/Users/Samy/AppData/Local/UnrealEngine/Common/DerivedDataCache: Writable
[2018.05.16-18.15.34:528][  0]LogMaterial: Verifying Global Shaders for PCD3D_SM5
[2018.05.16-18.15.34:763][  0]LogSlate: Using Freetype 2.6.0
[2018.05.16-18.15.34:861][  0]LogSlate: SlateFontCache - WITH_FREETYPE: 1, WITH_HARFBUZZ: 1
[2018.05.16-18.15.34:861][  0]LogSlate: SlateFontCache - WITH_FREETYPE: 1, WITH_HARFBUZZ: 1
[2018.05.16-18.15.52:111][  0]LogAssetRegistry: FAssetRegistry took 0.0379 seconds to start up
[2018.05.16-18.15.59:922][  0]LogInit: Selected Device Profile: [Windows]
[2018.05.16-18.16.05:031][  0]LogSimplygon: Simplygon DLL not present - disabling.
[2018.05.16-18.16.05:145][  0]LogMeshReduction: Using SimplygonSwarm for distributed automatic mesh merging
[2018.05.16-18.16.05:146][  0]LogMeshReduction: Using QuadricMeshReduction for automatic static mesh reduction
[2018.05.16-18.16.05:146][  0]LogMeshReduction: No automatic skeletal mesh reduction module available
[2018.05.16-18.16.05:146][  0]LogMeshReduction: No automatic mesh merging module available
[2018.05.16-18.16.05:146][  0]LogMeshMerging: No automatic mesh merging module available
[2018.05.16-18.16.08:844][  0]LogNetVersion: Cameleonul , NetCL: 3944462, EngineNetVer: 2, GameNetVer: 0 (Checksum: 719565523)
[2018.05.16-18.16.19:377][  0]LogPackageLocalizationCache: Processed 9 localized package path(s) for 1 prioritized culture(s) in 0.536017 seconds
[2018.05.16-18.16.19:509][  0]LogUObjectArray: 36728 objects as part of root set at end of initial load.
[2018.05.16-18.16.19:509][  0]LogUObjectAllocator: 7314304 out of 0 bytes used by permanent object pool.
[2018.05.16-18.16.19:509][  0]LogUObjectArray: CloseDisregardForGC: 0/0 objects in disregard for GC pool
[2018.05.16-18.17.13:790][  0]LogTcpMessaging: Initializing TcpMessaging bridge
[2018.05.16-18.17.13:864][  0]LogUdpMessaging: Initializing bridge on interface 0.0.0.0:0 to multicast group 230.0.0.1:6666.
[2018.05.16-18.17.15:889][  0]SourceControl: Source control is disabled
[2018.05.16-18.17.15:902][  0]SourceControl: Source control is disabled
[2018.05.16-18.17.16:004][  0]SourceControl: Source control is disabled
[2018.05.16-18.17.16:046][  0]SourceControl: Source control is disabled
[2018.05.16-18.17.18:122][  0]LogAndroidPermission: UAndroidPermissionCallbackProxy::GetInstance
[2018.05.16-18.17.18:919][  0]LogOcInput: OculusInput pre-init called
[2018.05.16-18.17.20:148][  0]LogEngine: Initializing Engine...
[2018.05.16-18.17.20:305][  0]LogHMD: Failed to initialize OpenVR with code 110
[2018.05.16-18.17.20:372][  0]LogStats: UGameplayTagsManager::ConstructGameplayTagTree: Construct from data asset -  0.000 s
[2018.05.16-18.17.20:375][  0]LogStats: UGameplayTagsManager::ConstructGameplayTagTree: GameplayTagTreeChangedEvent.Broadcast -  0.001 s
[2018.05.16-18.17.22:713][  0]LogAIModule: Creating AISystem for world Untitled
[2018.05.16-18.17.23:096][  0]LogInit: XAudio2 using 'Speakers (Realtek High Definition Audio)' : 2 channels at 48 kHz using 32 bits per sample (channel mask 0x3)
[2018.05.16-18.17.23:821][  0]LogInit: FAudioDevice initialized.
[2018.05.16-18.17.26:325][  0]LogDerivedDataCache: Saved boot cache 2.41s 87MB C:/Users/Samy/AppData/Local/UnrealEngine/4.19/DerivedDataCache/Boot.ddc.
[2018.05.16-18.17.26:393][  0]LogInit: Texture streaming: Enabled
[2018.05.16-18.17.27:730][  0]LogEngineSessionManager: EngineSessionManager initialized
[2018.05.16-18.17.28:147][  0]LogInit: Transaction tracking system initialized
[2018.05.16-18.17.28:989][  0]BlueprintLog: New page: Editor Load
[2018.05.16-18.17.31:275][  0]LocalizationService: Localization service is disabled
[2018.05.16-18.17.32:795][  0]LogConsoleResponse: Display: 
[2018.05.16-18.17.37:506][  0]LogCook: Display: Max memory allowance for cook 16384mb min free memory 0mb
[2018.05.16-18.17.37:506][  0]LogCook: Display: Mobile HDR setting 1
[2018.05.16-18.17.37:506][  0]LogGameplayTags: Display: UGameplayTagsManager::DoneAddingNativeTags. DelegateIsBound: 0
[2018.05.16-18.17.37:506][  0]LogStats: UGameplayTagsManager::ConstructGameplayTagTree: Construct from data asset -  0.000 s
[2018.05.16-18.17.37:506][  0]LogStats: UGameplayTagsManager::ConstructGameplayTagTree: GameplayTagTreeChangedEvent.Broadcast -  0.000 s
[2018.05.16-18.17.39:235][  0]LogFileCache: Scanning file cache for directory 'C:/Users/Samy/Documents/GitHub/Game-2D-Color-Rush/Content/' took 0.27s
[2018.05.16-18.17.42:308][  0]SourceControl: Source control is disabled
[2018.05.16-18.17.42:350][  0]Cmd: MAP LOAD FILE="../../../../../../Users/Samy/Documents/GitHub/Game-2D-Color-Rush/Content/SideScrollerBP/Maps/SideScrollerExampleMap.umap" TEMPLATE=0 SHOWPROGRESS=1 FEATURELEVEL=3
[2018.05.16-18.17.42:362][  0]LogEditorServer: Warning: Can't find file '../../../../../../Users/Samy/Documents/GitHub/Game-2D-Color-Rush/Content/SideScrollerBP/Maps/SideScrollerExampleMap.umap'
[2018.05.16-18.17.42:400][  0]Cmd: MAP CHECKDEP NOCLEARLOG
[2018.05.16-18.17.42:828][  0]MapCheck: Map check complete: 0 Error(s), 0 Warning(s), took 428,252ms to complete.
[2018.05.16-18.17.42:829][  0]LogFileHelpers: Loading map 'SideScrollerExampleMap' took 0.490
[2018.05.16-18.17.45:314][  0]LogCollectionManager: Loaded 0 collections in 0.003962 seconds
[2018.05.16-18.17.45:530][  0]LogFileCache: Scanning file cache for directory 'C:/Users/Samy/Documents/GitHub/Game-2D-Color-Rush/Saved/Collections/' took 0.01s
[2018.05.16-18.17.45:530][  0]LogFileCache: Scanning file cache for directory 'C:/Users/Samy/Documents/GitHub/Game-2D-Color-Rush/Content/Developers/Samy/Collections/' took 0.01s
[2018.05.16-18.17.45:530][  0]LogFileCache: Scanning file cache for directory 'C:/Users/Samy/Documents/GitHub/Game-2D-Color-Rush/Content/Collections/' took 0.01s
[2018.05.16-18.17.45:530][  0]LogCollectionManager: Rebuilt the GUID cache for 0 collections in 0.000001 seconds
[2018.05.16-18.17.45:571][  0]LogContentBrowser: Native class hierarchy populated in 0.0355 seconds. Added 2452 classes and 558 folders.
[2018.05.16-18.17.45:690][  0]LogContentBrowser: Native class hierarchy updated for 'WidgetCarousel' in 0.0003 seconds. Added 0 classes and 0 folders.
[2018.05.16-18.17.48:019][  0]LogContentBrowser: Native class hierarchy updated for 'AddContentDialog' in 0.0007 seconds. Added 0 classes and 0 folders.
[2018.05.16-18.17.50:302][  0]LogSlate: Took 0.193651 seconds to synchronously load lazily loaded font '../../../Engine/Content/Slate/Fonts/Roboto-Regular.ttf' (155K)
[2018.05.16-18.17.50:352][  0]LogSlate: Took 0.046235 seconds to synchronously load lazily loaded font '../../../Engine/Content/Slate/Fonts/Roboto-Bold.ttf' (160K)
[2018.05.16-18.17.50:509][  0]LogSlate: Took 0.116187 seconds to synchronously load lazily loaded font '../../../Engine/Content/Editor/Slate/Fonts/FontAwesome.ttf' (139K)
[2018.05.16-18.17.51:852][  0]LogRenderer: Reallocating scene render targets to support 1252x600 Format 10 NumSamples 1 (Frame:1).
[2018.05.16-18.17.53:291][  0]LogContentBrowser: Native class hierarchy updated for 'HierarchicalLODOutliner' in 0.0002 seconds. Added 0 classes and 0 folders.
[2018.05.16-18.17.53:291][  0]LogLoad: (Engine Initialization) Total time: 209.47 seconds
[2018.05.16-18.17.53:291][  0]LogLoad: (Engine Initialization) Total Blueprint compile time: 0.00 seconds
[2018.05.16-18.17.54:226][  0]LogContentStreaming: Texture pool size now 3000 MB
[2018.05.16-18.17.54:651][  0]LogSlate: Took 0.008890 seconds to synchronously load lazily loaded font '../../../Engine/Content/Slate/Fonts/Roboto-Light.ttf' (167K)
[2018.05.16-18.17.55:492][  3]LogAssetRegistry: Asset discovery search completed in 123.4078 seconds
[2018.05.16-18.17.55:494][  3]LogCollectionManager: Rebuilt the object cache for 0 collections in 0.000000 seconds (found 0 objects)
[2018.05.16-18.17.55:494][  3]LogCollectionManager: Fixed up redirectors for 0 collections in 0.000056 seconds (updated 0 objects)
[2018.05.16-18.18.00:062][ 14]LogFileCache: Retrieving MD5 hashes for directory 'C:/Users/Samy/Documents/GitHub/Game-2D-Color-Rush/Content/' took 6.14s
[2018.05.16-18.18.19:131][ 70]LogSlate: FSceneViewport::OnFocusLost() reason 0
[2018.05.16-18.18.32:856][695]LogSlate: Took 0.013432 seconds to synchronously load lazily loaded font '../../../Engine/Content/Slate/Fonts/Roboto-Light.ttf' (167K)
[2018.05.16-18.18.33:651][695]LogBlueprint: Error: [Compiler AnimBP] Play (None)  references an unknown sequence
[2018.05.16-18.18.33:652][695]LogBlueprint: Error: [Compiler AnimBP] Missing allocated node for AnimGraphNode_SequencePlayer_10 while searching for node links - likely due to the node having outstanding errors.
[2018.05.16-18.18.33:896][695]LogBlueprint: Warning: [Compiler AnimBP] [0250,07] Compile of AnimBP failed. 2 Fatal Issue(s) 0 Warning(s) [in 689 ms] (/Game/SideScrollerBP/AnimBP.AnimBP)
[2018.05.16-18.18.36:693][695]LogTexture: Display: Building textures: 1 (BGRA8, 1121X147)
[2018.05.16-18.18.38:675][695]LogAIModule: Creating AISystem for world MainMenu_Map
[2018.05.16-18.18.40:310][695]Cmd: MAP LOAD FILE="../../../../../../Users/Samy/Documents/GitHub/Game-2D-Color-Rush/Content/SideScrollerBP/Maps/MainMenu_Map.umap" TEMPLATE=0 SHOWPROGRESS=1 FEATURELEVEL=3
[2018.05.16-18.18.40:312][695]LightingResults: New page: Lighting Build
[2018.05.16-18.18.40:332][695]LogContentBrowser: Native class hierarchy updated for 'StatsViewer' in 0.0002 seconds. Added 5 classes and 0 folders.
[2018.05.16-18.18.40:335][695]LoadErrors: New page: Loading map: MainMenu_Map.umap
[2018.05.16-18.18.40:415][695]MapCheck: New page: Map Check
[2018.05.16-18.18.40:415][695]LightingResults: New page: Lighting Build
[2018.05.16-18.18.41:278][695]LogEditorServer: Finished looking for orphan Actors (0.000 secs)
[2018.05.16-18.18.41:542][695]Cmd: MAP CHECKDEP NOCLEARLOG
[2018.05.16-18.18.41:589][695]MapCheck: Map check complete: 0 Error(s), 0 Warning(s), took 47,23ms to complete.
[2018.05.16-18.18.41:589][695]LogFileHelpers: Loading map 'MainMenu_Map' took 1.307
[2018.05.16-18.42.35:012][366]LogBlueprintUserMessages: Early PlayInEditor Detection: Level '/Game/SideScrollerBP/Maps/MainMenu_Map.MainMenu_Map:PersistentLevel' has LevelScriptBlueprint '/Game/SideScrollerBP/Maps/MainMenu_Map.MainMenu_Map:PersistentLevel.MainMenu_Map' with GeneratedClass '/Game/SideScrollerBP/Maps/MainMenu_Map.MainMenu_Map_C' with ClassGeneratedBy '/Game/SideScrollerBP/Maps/MainMenu_Map.MainMenu_Map:PersistentLevel.MainMenu_Map'
[2018.05.16-18.42.35:083][366]LogPlayLevel: PlayLevel: No blueprints needed recompiling
[2018.05.16-18.42.37:759][366]LogSlate: Window 'Message' being destroyed
[2018.05.16-18.42.37:872][366]PIE: New page: PIE session: MainMenu_Map (17 mai 2018, 00:42:37)
[2018.05.16-18.42.37:896][366]LogPlayLevel: Creating play world package: /Game/SideScrollerBP/Maps/UEDPIE_0_MainMenu_Map
[2018.05.16-18.42.38:104][366]LogPlayLevel: PIE: StaticDuplicateObject took: (0.208018s)
[2018.05.16-18.42.38:105][366]LogAIModule: Creating AISystem for world MainMenu_Map
[2018.05.16-18.42.38:114][366]LogPlayLevel: PIE: World Init took: (0.010015s)
[2018.05.16-18.42.38:114][366]LogPlayLevel: PIE: Created PIE world by copying editor world from /Game/SideScrollerBP/Maps/MainMenu_Map.MainMenu_Map to /Game/SideScrollerBP/Maps/UEDPIE_0_MainMenu_Map.MainMenu_Map (0.218307s)
[2018.05.16-18.42.38:175][366]LogInit: XAudio2 using 'Speakers (Realtek High Definition Audio)' : 2 channels at 48 kHz using 32 bits per sample (channel mask 0x3)
[2018.05.16-18.42.38:522][366]LogInit: FAudioDevice initialized.
[2018.05.16-18.42.38:711][366]LogLoad: Game class is 'SideScrollerGameMode_C'
[2018.05.16-18.42.38:952][366]LogWorld: Bringing World /Game/SideScrollerBP/Maps/UEDPIE_0_MainMenu_Map.MainMenu_Map up for play (max tick rate 60) at 2018.05.16-21.42.38
[2018.05.16-18.42.39:058][366]LogWorld: Bringing up level for play took: 0.148729
[2018.05.16-18.42.39:275][366]LogContentBrowser: Native class hierarchy updated for 'MovieSceneCapture' in 0.0005 seconds. Added 11 classes and 0 folders.
[2018.05.16-18.42.39:404][366]PIE: Play in editor start time for /Game/SideScrollerBP/Maps/UEDPIE_0_MainMenu_Map 3,576
[2018.05.16-18.42.39:404][366]LogBlueprintUserMessages: Late PlayInEditor Detection: Level '/Game/SideScrollerBP/Maps/MainMenu_Map.MainMenu_Map:PersistentLevel' has LevelScriptBlueprint '/Game/SideScrollerBP/Maps/MainMenu_Map.MainMenu_Map:PersistentLevel.MainMenu_Map' with GeneratedClass '/Game/SideScrollerBP/Maps/MainMenu_Map.MainMenu_Map_C' with ClassGeneratedBy '/Game/SideScrollerBP/Maps/MainMenu_Map.MainMenu_Map:PersistentLevel.MainMenu_Map'
[2018.05.16-18.42.39:668][366]LogRenderer: Reallocating scene render targets to support 1292x756 Format 10 NumSamples 1 (Frame:1).
[2018.05.16-18.42.43:215][552]LogNet: Browse: /Game/SideScrollerBP/Maps/Level1
[2018.05.16-18.42.43:240][552]LogLoad: LoadMap: /Game/SideScrollerBP/Maps/Level1
[2018.05.16-18.42.45:603][552]LogMaterial: Uniform references updated for custom material expression Custom.
[2018.05.16-18.42.45:913][552]LogMaterial: Missing cached shader map for material M_smoke_subUV, compiling. 
[2018.05.16-18.42.46:787][552]LogShaderCompilers: Display: Shaders left to compile 87
[2018.05.16-18.42.46:787][552]LogShaderCompilers: Display: Shaders left to compile 77
[2018.05.16-18.42.46:787][552]LogShaderCompilers: Display: Shaders left to compile 67
[2018.05.16-18.42.46:787][552]LogShaderCompilers: Display: Shaders left to compile 57
[2018.05.16-18.42.47:006][552]LogSkeletalMesh: Skeletal Mesh found in DDC [147.216324ms] /Game/SideScrollerBP/model_game_v6.model_game_v6
[2018.05.16-18.42.53:004][552]LogAIModule: Creating AISystem for world Level1
[2018.05.16-18.42.53:005][552]LogLoad: Game class is 'MainMenuMode_C'
[2018.05.16-18.42.53:299][552]LogWorld: Bringing World /Game/SideScrollerBP/Maps/UEDPIE_0_Level1.Level1 up for play (max tick rate 60) at 2018.05.16-21.42.53
[2018.05.16-18.42.53:374][552]LogWorld: Bringing up level for play took: 0.368129
[2018.05.16-18.42.53:375][552]LogGameMode: FindPlayerStart: PATHS NOT DEFINED or NO PLAYERSTART with positive rating
[2018.05.16-18.42.53:437][552]LogLoad: Took 10.196990 seconds to LoadMap(/Game/SideScrollerBP/Maps/Level1)
[2018.05.16-18.42.56:685][652]Cmd: RestartLevel
[2018.05.16-18.42.57:067][653]LogNet: Browse: /Game/SideScrollerBP/Maps/Level1?restart
[2018.05.16-18.42.57:069][653]LogLoad: LoadMap: /Game/SideScrollerBP/Maps/Level1
[2018.05.16-18.42.57:087][653]LogShaderCompilers: Display: Shaders left to compile 47
[2018.05.16-18.42.57:584][653]LogShaderCompilers: Display: Shaders left to compile 37
[2018.05.16-18.42.57:663][653]LogAIModule: Creating AISystem for world Level1
[2018.05.16-18.42.57:664][653]LogLoad: Game class is 'MainMenuMode_C'
[2018.05.16-18.42.57:705][653]LogWorld: Bringing World /Game/SideScrollerBP/Maps/UEDPIE_0_Level1.Level1 up for play (max tick rate 60) at 2018.05.16-21.42.57
[2018.05.16-18.42.57:713][653]LogWorld: Bringing up level for play took: 0.048454
[2018.05.16-18.42.57:714][653]LogGameMode: FindPlayerStart: PATHS NOT DEFINED or NO PLAYERSTART with positive rating
[2018.05.16-18.42.57:715][653]LogLoad: Took 0.646248 seconds to LoadMap(/Game/SideScrollerBP/Maps/Level1)
[2018.05.16-18.42.58:089][664]LogShaderCompilers: Display: Shaders left to compile 27
[2018.05.16-18.42.58:933][699]LogShaderCompilers: Display: Shaders left to compile 17
[2018.05.16-18.43.03:908][967]LogShaderCompilers: Display: Shaders left to compile 7
[2018.05.16-18.43.06:904][123]Cmd: RestartLevel
[2018.05.16-18.43.06:940][124]LogNet: Browse: /Game/SideScrollerBP/Maps/Level1?restart
[2018.05.16-18.43.06:953][124]LogLoad: LoadMap: /Game/SideScrollerBP/Maps/Level1
[2018.05.16-18.43.07:111][124]LogAIModule: Creating AISystem for world Level1
[2018.05.16-18.43.07:112][124]LogLoad: Game class is 'MainMenuMode_C'
[2018.05.16-18.43.07:136][124]LogWorld: Bringing World /Game/SideScrollerBP/Maps/UEDPIE_0_Level1.Level1 up for play (max tick rate 60) at 2018.05.16-21.43.07
[2018.05.16-18.43.07:141][124]LogWorld: Bringing up level for play took: 0.027438
[2018.05.16-18.43.07:141][124]LogGameMode: FindPlayerStart: PATHS NOT DEFINED or NO PLAYERSTART with positive rating
[2018.05.16-18.43.07:141][124]LogLoad: Took 0.188079 seconds to LoadMap(/Game/SideScrollerBP/Maps/Level1)
[2018.05.16-18.43.41:646][616]LogSlate: FSceneViewport::OnFocusLost() reason 0
[2018.05.16-18.43.46:824][720]LogSlate: Window 'Cameleonul Game Preview Standalone (64-bit/PCD3D_SM5)' being destroyed
[2018.05.16-18.43.46:976][720]LogBlueprintUserMessages: Early EndPlayMap Detection: Level '/Game/SideScrollerBP/Maps/MainMenu_Map.MainMenu_Map:PersistentLevel' has LevelScriptBlueprint '/Game/SideScrollerBP/Maps/MainMenu_Map.MainMenu_Map:PersistentLevel.MainMenu_Map' with GeneratedClass '/Game/SideScrollerBP/Maps/MainMenu_Map.MainMenu_Map_C' with ClassGeneratedBy '/Game/SideScrollerBP/Maps/MainMenu_Map.MainMenu_Map:PersistentLevel.MainMenu_Map'
[2018.05.16-18.43.47:175][720]LogBlueprintUserMessages: Late EndPlayMap Detection: Level '/Game/SideScrollerBP/Maps/MainMenu_Map.MainMenu_Map:PersistentLevel' has LevelScriptBlueprint '/Game/SideScrollerBP/Maps/MainMenu_Map.MainMenu_Map:PersistentLevel.MainMenu_Map' with GeneratedClass '/Game/SideScrollerBP/Maps/MainMenu_Map.MainMenu_Map_C' with ClassGeneratedBy '/Game/SideScrollerBP/Maps/MainMenu_Map.MainMenu_Map:PersistentLevel.MainMenu_Map'
[2018.05.16-18.43.50:626][824]LogAIModule: Creating AISystem for world Level2
[2018.05.16-18.43.50:657][824]Cmd: MAP LOAD FILE="../../../../../../Users/Samy/Documents/GitHub/Game-2D-Color-Rush/Content/SideScrollerBP/Maps/Level2.umap" TEMPLATE=0 SHOWPROGRESS=1 FEATURELEVEL=3
[2018.05.16-18.43.50:657][824]LightingResults: New page: Lighting Build
[2018.05.16-18.43.50:658][824]LoadErrors: New page: Loading map: Level2.umap
[2018.05.16-18.43.50:658][824]MapCheck: New page: Map Check
[2018.05.16-18.43.50:658][824]LightingResults: New page: Lighting Build
[2018.05.16-18.43.50:836][824]LogEditorServer: Finished looking for orphan Actors (0.000 secs)
[2018.05.16-18.43.50:911][824]Cmd: MAP CHECKDEP NOCLEARLOG
[2018.05.16-18.43.50:990][824]MapCheck: Map check complete: 0 Error(s), 0 Warning(s), took 79,083ms to complete.
[2018.05.16-18.43.50:990][824]LogFileHelpers: Loading map 'Level2' took 0.334
[2018.05.16-18.43.56:248][129]LogBlueprintUserMessages: Early PlayInEditor Detection: Level '/Game/SideScrollerBP/Maps/Level2.Level2:PersistentLevel' has LevelScriptBlueprint '/Game/SideScrollerBP/Maps/Level2.Level2:PersistentLevel.Level2' with GeneratedClass '/Game/SideScrollerBP/Maps/Level2.Level2_C' with ClassGeneratedBy '/Game/SideScrollerBP/Maps/Level2.Level2:PersistentLevel.Level2'
[2018.05.16-18.43.56:248][129]LogPlayLevel: PlayLevel: No blueprints needed recompiling
[2018.05.16-18.43.56:249][129]PIE: New page: PIE session: Level2 (17 mai 2018, 00:43:56)
[2018.05.16-18.43.56:249][129]LogPlayLevel: Creating play world package: /Game/SideScrollerBP/Maps/UEDPIE_0_Level2
[2018.05.16-18.43.56:259][129]LogPlayLevel: PIE: StaticDuplicateObject took: (0.010558s)
[2018.05.16-18.43.56:260][129]LogAIModule: Creating AISystem for world Level2
[2018.05.16-18.43.56:260][129]LogPlayLevel: PIE: World Init took: (0.000753s)
[2018.05.16-18.43.56:260][129]LogPlayLevel: PIE: Created PIE world by copying editor world from /Game/SideScrollerBP/Maps/Level2.Level2 to /Game/SideScrollerBP/Maps/UEDPIE_0_Level2.Level2 (0.011463s)
[2018.05.16-18.43.56:273][129]LogInit: XAudio2 using 'Speakers (Realtek High Definition Audio)' : 2 channels at 48 kHz using 32 bits per sample (channel mask 0x3)
[2018.05.16-18.43.57:210][129]LogInit: FAudioDevice initialized.
[2018.05.16-18.43.57:255][129]LogLoad: Game class is 'MainMenuMode_C'
[2018.05.16-18.43.57:261][129]LogWorld: Bringing World /Game/SideScrollerBP/Maps/UEDPIE_0_Level2.Level2 up for play (max tick rate 60) at 2018.05.16-21.43.57
[2018.05.16-18.43.57:266][129]LogWorld: Bringing up level for play took: 0.010004
[2018.05.16-18.43.57:269][129]PIE: Play in editor start time for /Game/SideScrollerBP/Maps/UEDPIE_0_Level2 1,442
[2018.05.16-18.43.57:270][129]LogBlueprintUserMessages: Late PlayInEditor Detection: Level '/Game/SideScrollerBP/Maps/Level2.Level2:PersistentLevel' has LevelScriptBlueprint '/Game/SideScrollerBP/Maps/Level2.Level2:PersistentLevel.Level2' with GeneratedClass '/Game/SideScrollerBP/Maps/Level2.Level2_C' with ClassGeneratedBy '/Game/SideScrollerBP/Maps/Level2.Level2:PersistentLevel.Level2'
[2018.05.16-18.44.04:519][555]Cmd: RestartLevel
[2018.05.16-18.44.04:536][556]LogNet: Browse: /Game/SideScrollerBP/Maps/Level2?restart
[2018.05.16-18.44.04:536][556]LogLoad: LoadMap: /Game/SideScrollerBP/Maps/Level2
[2018.05.16-18.44.04:551][556]LogPlayLevel: Creating play world package: /Game/SideScrollerBP/Maps/UEDPIE_0_Level2
[2018.05.16-18.44.04:561][556]LogPlayLevel: PIE: StaticDuplicateObject took: (0.009637s)
[2018.05.16-18.44.04:561][556]LogAIModule: Creating AISystem for world Level2
[2018.05.16-18.44.04:561][556]LogPlayLevel: PIE: World Init took: (0.000517s)
[2018.05.16-18.44.04:561][556]LogPlayLevel: PIE: Created PIE world by copying editor world from /Game/SideScrollerBP/Maps/Level2.Level2 to /Game/SideScrollerBP/Maps/UEDPIE_0_Level2.Level2 (0.010338s)
[2018.05.16-18.44.04:561][556]LogLoad: Game class is 'MainMenuMode_C'
[2018.05.16-18.44.04:567][556]LogWorld: Bringing World /Game/SideScrollerBP/Maps/UEDPIE_0_Level2.Level2 up for play (max tick rate 60) at 2018.05.16-21.44.04
[2018.05.16-18.44.04:571][556]LogWorld: Bringing up level for play took: 0.008294
[2018.05.16-18.44.04:571][556]LogGameMode: FindPlayerStart: PATHS NOT DEFINED or NO PLAYERSTART with positive rating
[2018.05.16-18.44.04:572][556]LogLoad: Took 0.035759 seconds to LoadMap(/Game/SideScrollerBP/Maps/UEDPIE_0_Level2)
[2018.05.16-18.44.05:995][641]LogBlueprintUserMessages: Early EndPlayMap Detection: Level '/Game/SideScrollerBP/Maps/Level2.Level2:PersistentLevel' has LevelScriptBlueprint '/Game/SideScrollerBP/Maps/Level2.Level2:PersistentLevel.Level2' with GeneratedClass '/Game/SideScrollerBP/Maps/Level2.Level2_C' with ClassGeneratedBy '/Game/SideScrollerBP/Maps/Level2.Level2:PersistentLevel.Level2'
[2018.05.16-18.44.06:026][641]LogSlate: Window 'Cameleonul Game Preview Standalone (64-bit/PCD3D_SM5)' being destroyed
[2018.05.16-18.44.06:067][641]LogBlueprintUserMessages: Late EndPlayMap Detection: Level '/Game/SideScrollerBP/Maps/Level2.Level2:PersistentLevel' has LevelScriptBlueprint '/Game/SideScrollerBP/Maps/Level2.Level2:PersistentLevel.Level2' with GeneratedClass '/Game/SideScrollerBP/Maps/Level2.Level2_C' with ClassGeneratedBy '/Game/SideScrollerBP/Maps/Level2.Level2:PersistentLevel.Level2'
[2018.05.16-18.44.12:259][898]LogSlate: FSceneViewport::OnFocusLost() reason 0
[2018.05.16-18.44.12:448][906]LogAIModule: Creating AISystem for world Level1
[2018.05.16-18.44.12:479][906]Cmd: MAP LOAD FILE="../../../../../../Users/Samy/Documents/GitHub/Game-2D-Color-Rush/Content/SideScrollerBP/Maps/Level1.umap" TEMPLATE=0 SHOWPROGRESS=1 FEATURELEVEL=3
[2018.05.16-18.44.12:479][906]LightingResults: New page: Lighting Build
[2018.05.16-18.44.12:480][906]LoadErrors: New page: Loading map: Level1.umap
[2018.05.16-18.44.12:482][906]MapCheck: New page: Map Check
[2018.05.16-18.44.12:482][906]LightingResults: New page: Lighting Build
[2018.05.16-18.44.12:727][906]LogEditorServer: Finished looking for orphan Actors (0.000 secs)
[2018.05.16-18.44.12:797][906]Cmd: MAP CHECKDEP NOCLEARLOG
[2018.05.16-18.44.12:846][906]MapCheck: Map check complete: 0 Error(s), 0 Warning(s), took 49,838ms to complete.
[2018.05.16-18.44.12:847][906]LogFileHelpers: Loading map 'Level1' took 0.368
[2018.05.16-18.44.20:249][302]LogSlate: FSceneViewport::OnFocusLost() reason 2
[2018.05.16-18.44.21:627][383]LogBlueprintUserMessages: Early PlayInEditor Detection: Level '/Game/SideScrollerBP/Maps/Level1.Level1:PersistentLevel' has LevelScriptBlueprint '/Game/SideScrollerBP/Maps/Level1.Level1:PersistentLevel.Level1' with GeneratedClass '/Game/SideScrollerBP/Maps/Level1.Level1_C' with ClassGeneratedBy '/Game/SideScrollerBP/Maps/Level1.Level1:PersistentLevel.Level1'
[2018.05.16-18.44.21:627][383]LogPlayLevel: PlayLevel: No blueprints needed recompiling
[2018.05.16-18.44.21:628][383]PIE: New page: PIE session: Level1 (17 mai 2018, 00:44:21)
[2018.05.16-18.44.21:628][383]LogPlayLevel: Creating play world package: /Game/SideScrollerBP/Maps/UEDPIE_0_Level1
[2018.05.16-18.44.21:639][383]LogPlayLevel: PIE: StaticDuplicateObject took: (0.010935s)
[2018.05.16-18.44.21:639][383]LogAIModule: Creating AISystem for world Level1
[2018.05.16-18.44.21:639][383]LogPlayLevel: PIE: World Init took: (0.000752s)
[2018.05.16-18.44.21:640][383]LogPlayLevel: PIE: Created PIE world by copying editor world from /Game/SideScrollerBP/Maps/Level1.Level1 to /Game/SideScrollerBP/Maps/UEDPIE_0_Level1.Level1 (0.011949s)
[2018.05.16-18.44.21:652][383]LogInit: XAudio2 using 'Speakers (Realtek High Definition Audio)' : 2 channels at 48 kHz using 32 bits per sample (channel mask 0x3)
[2018.05.16-18.44.21:762][383]LogInit: FAudioDevice initialized.
[2018.05.16-18.44.21:766][383]LogSlate: FSceneViewport::OnFocusLost() reason 2
[2018.05.16-18.44.21:804][383]LogLoad: Game class is 'MainMenuMode_C'
[2018.05.16-18.44.21:810][383]LogWorld: Bringing World /Game/SideScrollerBP/Maps/UEDPIE_0_Level1.Level1 up for play (max tick rate 60) at 2018.05.16-21.44.21
[2018.05.16-18.44.21:815][383]LogWorld: Bringing up level for play took: 0.009677
[2018.05.16-18.44.21:820][383]PIE: Play in editor start time for /Game/SideScrollerBP/Maps/UEDPIE_0_Level1 -0,008
[2018.05.16-18.44.21:820][383]LogBlueprintUserMessages: Late PlayInEditor Detection: Level '/Game/SideScrollerBP/Maps/Level1.Level1:PersistentLevel' has LevelScriptBlueprint '/Game/SideScrollerBP/Maps/Level1.Level1:PersistentLevel.Level1' with GeneratedClass '/Game/SideScrollerBP/Maps/Level1.Level1_C' with ClassGeneratedBy '/Game/SideScrollerBP/Maps/Level1.Level1:PersistentLevel.Level1'
[2018.05.16-18.44.50:490][794]LogBlueprintUserMessages: Early EndPlayMap Detection: Level '/Game/SideScrollerBP/Maps/Level1.Level1:PersistentLevel' has LevelScriptBlueprint '/Game/SideScrollerBP/Maps/Level1.Level1:PersistentLevel.Level1' with GeneratedClass '/Game/SideScrollerBP/Maps/Level1.Level1_C' with ClassGeneratedBy '/Game/SideScrollerBP/Maps/Level1.Level1:PersistentLevel.Level1'
[2018.05.16-18.44.50:525][794]LogSlate: Window 'Cameleonul Game Preview Standalone (64-bit/PCD3D_SM5)' being destroyed
[2018.05.16-18.44.50:578][794]LogBlueprintUserMessages: Late EndPlayMap Detection: Level '/Game/SideScrollerBP/Maps/Level1.Level1:PersistentLevel' has LevelScriptBlueprint '/Game/SideScrollerBP/Maps/Level1.Level1:PersistentLevel.Level1' with GeneratedClass '/Game/SideScrollerBP/Maps/Level1.Level1_C' with ClassGeneratedBy '/Game/SideScrollerBP/Maps/Level1.Level1:PersistentLevel.Level1'
[2018.05.16-18.45.07:385][732]LogSlate: FSceneViewport::OnFocusLost() reason 0
[2018.05.16-18.45.07:580][740]LogAIModule: Creating AISystem for world Level2
[2018.05.16-18.45.07:613][740]Cmd: MAP LOAD FILE="../../../../../../Users/Samy/Documents/GitHub/Game-2D-Color-Rush/Content/SideScrollerBP/Maps/Level2.umap" TEMPLATE=0 SHOWPROGRESS=1 FEATURELEVEL=3
[2018.05.16-18.45.07:613][740]LightingResults: New page: Lighting Build
[2018.05.16-18.45.07:614][740]LoadErrors: New page: Loading map: Level2.umap
[2018.05.16-18.45.07:616][740]MapCheck: New page: Map Check
[2018.05.16-18.45.07:616][740]LightingResults: New page: Lighting Build
[2018.05.16-18.45.07:774][740]LogEditorServer: Finished looking for orphan Actors (0.000 secs)
[2018.05.16-18.45.07:843][740]Cmd: MAP CHECKDEP NOCLEARLOG
[2018.05.16-18.45.07:898][740]MapCheck: Map check complete: 0 Error(s), 0 Warning(s), took 54,401ms to complete.
[2018.05.16-18.45.07:898][740]LogFileHelpers: Loading map 'Level2' took 0.285
[2018.05.16-18.45.11:667][949]LogSlate: FSceneViewport::OnFocusLost() reason 0
[2018.05.16-18.45.11:895][959]LogAIModule: Creating AISystem for world Level1
[2018.05.16-18.45.11:925][959]Cmd: MAP LOAD FILE="../../../../../../Users/Samy/Documents/GitHub/Game-2D-Color-Rush/Content/SideScrollerBP/Maps/Level1.umap" TEMPLATE=0 SHOWPROGRESS=1 FEATURELEVEL=3
[2018.05.16-18.45.11:925][959]LightingResults: New page: Lighting Build
[2018.05.16-18.45.11:926][959]LoadErrors: New page: Loading map: Level1.umap
[2018.05.16-18.45.11:927][959]MapCheck: New page: Map Check
[2018.05.16-18.45.11:927][959]LightingResults: New page: Lighting Build
[2018.05.16-18.45.12:103][959]LogEditorServer: Finished looking for orphan Actors (0.000 secs)
[2018.05.16-18.45.12:179][959]Cmd: MAP CHECKDEP NOCLEARLOG
[2018.05.16-18.45.12:232][959]MapCheck: Map check complete: 0 Error(s), 0 Warning(s), took 53,152ms to complete.
[2018.05.16-18.45.12:232][959]LogFileHelpers: Loading map 'Level1' took 0.308
[2018.05.16-18.53.27:756][362]LogD3D11RHI: Timed out while waiting for GPU to catch up. (0.5 s)
[2018.05.16-21.53.37:125][380]LogD3D11RHI: Timed out while waiting for GPU to catch up. (0.5 s)
[2018.05.16-21.53.38:642][381]LogD3D11RHI: Timed out while waiting for GPU to catch up. (0.5 s)
[2018.05.16-21.54.18:031][382]LogD3D11RHI: Error: Result failed 
 at D:\Build\++UE4+Release-4.19+Compile\Sync\Engine\Source\Runtime\Windows\D3D11RHI\Private\D3D11Viewport.cpp:303 
 with error DXGI_ERROR_DEVICE_REMOVED DXGI_ERROR_DEVICE_RESET
[2018.05.16-21.54.18:712][382]LogRHI: Error: [Aftermath] Status: Timeout
[2018.05.16-21.54.18:713][382]LogRHI: Error: [Aftermath] GPU Stack Dump
[2018.05.16-21.54.18:713][382]LogRHI: Error: [Aftermath] 0: FRAME
[2018.05.16-21.54.18:713][382]LogRHI: Error: [Aftermath] 1: SlateUI
[2018.05.16-21.54.18:713][382]LogRHI: Error: [Aftermath] GPU Stack Dump
[2018.05.16-21.54.18:713][382]LogWindows: Windows GetLastError: The operation completed successfully. (0)
[2018.05.17-12.53.49:683][382]LogWindows: Windows GetLastError: The operation completed successfully. (0)
