Log file open, 04/30/18 20:52:01
LogWindows: Failed to load 'aqProf.dll' (GetLastError=126)
LogWindows: File 'aqProf.dll' does not exist
LogWindows: Failed to load 'VtuneApi.dll' (GetLastError=126)
LogWindows: File 'VtuneApi.dll' does not exist
LogWindows: Failed to load 'VtuneApi32e.dll' (GetLastError=126)
LogWindows: File 'VtuneApi32e.dll' does not exist
LogInit: Display: Running engine for game: Cameleonul
LogPlatformFile: Not using cached read wrapper
LogInit: Display: RandInit(-2105843372) SRandInit(-2105843372).
LogInit: Read version file with build ID '3944462'
LogInit: Overriding engine version to CL 3989454, compatible CL 3944462
LogInit: Registered custom module enumerator with build ID '3944462'
LogTaskGraph: Started task graph with 5 named threads and 23 total threads with 3 sets of task threads.
LogStats: Stats thread started at 0.312349
LogD3D11RHI: Aftermath initialized
LogICUInternationalization: Display: ICU TimeZone Detection - Raw Offset: +2:00, Platform Override: ''
LogModuleManager: Display: Found up-to-date module file ../../../Engine/Plugins/2D/Paper2D/Binaries/Win64/UE4Editor-Paper2D.dll (API version 3944462).
LogModuleManager: Display: Found up-to-date module file ../../../Engine/Plugins/2D/Paper2D/Binaries/Win64/UE4Editor-Paper2DEditor.dll (API version 3944462).
LogModuleManager: Display: Found up-to-date module file ../../../Engine/Plugins/2D/Paper2D/Binaries/Win64/UE4Editor-PaperSpriteSheetImporter.dll (API version 3944462).
LogModuleManager: Display: Found up-to-date module file ../../../Engine/Plugins/2D/Paper2D/Binaries/Win64/UE4Editor-PaperTiledImporter.dll (API version 3944462).
LogModuleManager: Display: Found up-to-date module file ../../../Engine/Plugins/2D/Paper2D/Binaries/Win64/UE4Editor-SmartSnapping.dll (API version 3944462).
LogModuleManager: Display: Found up-to-date module file ../../../Engine/Plugins/Blendables/LightPropagationVolume/Binaries/Win64/UE4Editor-LightPropagationVolumeRuntime.dll (API version 3944462).
LogModuleManager: Display: Found up-to-date module file ../../../Engine/Plugins/Blendables/LightPropagationVolume/Binaries/Win64/UE4Editor-LightPropagationVolumeEditor.dll (API version 3944462).
LogModuleManager: Display: Found up-to-date module file ../../../Engine/Plugins/Developer/CLionSourceCodeAccess/Binaries/Win64/UE4Editor-CLionSourceCodeAccess.dll (API version 3944462).
LogModuleManager: Display: Found up-to-date module file ../../../Engine/Plugins/Developer/GitSourceControl/Binaries/Win64/UE4Editor-GitSourceControl.dll (API version 3944462).
LogModuleManager: Display: Found up-to-date module file ../../../Engine/Plugins/Developer/PerforceSourceControl/Binaries/Win64/UE4Editor-PerforceSourceControl.dll (API version 3944462).
LogModuleManager: Display: Found up-to-date module file ../../../Engine/Plugins/Developer/SubversionSourceControl/Binaries/Win64/UE4Editor-SubversionSourceControl.dll (API version 3944462).
LogModuleManager: Display: Found up-to-date module file ../../../Engine/Plugins/Developer/UObjectPlugin/Binaries/Win64/UE4Editor-UObjectPlugin.dll (API version 3944462).
LogModuleManager: Display: Found up-to-date module file ../../../Engine/Plugins/Developer/VisualStudioCodeSourceCodeAccess/Binaries/Win64/UE4Editor-VisualStudioCodeSourceCodeAccess.dll (API version 3944462).
LogModuleManager: Display: Found up-to-date module file ../../../Engine/Plugins/Developer/VisualStudioSourceCodeAccess/Binaries/Win64/UE4Editor-VisualStudioSourceCodeAccess.dll (API version 3944462).
LogModuleManager: Display: Found up-to-date module file ../../../Engine/Plugins/Editor/AssetManagerEditor/Binaries/Win64/UE4Editor-AssetManagerEditor.dll (API version 3944462).
LogModuleManager: Display: Found up-to-date module file ../../../Engine/Plugins/Editor/CryptoKeys/Binaries/Win64/UE4Editor-CryptoKeys.dll (API version 3944462).
LogModuleManager: Display: Found up-to-date module file ../../../Engine/Plugins/Editor/CryptoKeys/Binaries/Win64/UE4Editor-CryptoKeysOpenSSL.dll (API version 3944462).
LogModuleManager: Display: Found up-to-date module file ../../../Engine/Plugins/Editor/DataValidation/Binaries/Win64/UE4Editor-DataValidation.dll (API version 3944462).
LogModuleManager: Display: Found up-to-date module file ../../../Engine/Plugins/Editor/FacialAnimation/Binaries/Win64/UE4Editor-FacialAnimation.dll (API version 3944462).
LogModuleManager: Display: Found up-to-date module file ../../../Engine/Plugins/Editor/FacialAnimation/Binaries/Win64/UE4Editor-FacialAnimationEditor.dll (API version 3944462).
LogModuleManager: Display: Found up-to-date module file ../../../Engine/Plugins/Editor/GameplayTagsEditor/Binaries/Win64/UE4Editor-GameplayTagsEditor.dll (API version 3944462).
LogModuleManager: Display: Found up-to-date module file ../../../Engine/Plugins/Editor/MobileLauncherProfileWizard/Binaries/Win64/UE4Editor-MobileLauncherProfileWizard.dll (API version 3944462).
LogModuleManager: Display: Found up-to-date module file ../../../Engine/Plugins/Editor/PluginBrowser/Binaries/Win64/UE4Editor-PluginBrowser.dll (API version 3944462).
LogModuleManager: Display: Found up-to-date module file ../../../Engine/Plugins/Editor/SpeedTreeImporter/Binaries/Win64/UE4Editor-SpeedTreeImporter.dll (API version 3944462).
LogModuleManager: Display: Found up-to-date module file ../../../Engine/Plugins/Enterprise/DatasmithContent/Binaries/Win64/UE4Editor-DatasmithContent.dll (API version 3944462).
LogModuleManager: Display: Found up-to-date module file ../../../Engine/Plugins/Experimental/AlembicImporter/Binaries/Win64/UE4Editor-AlembicImporter.dll (API version 3944462).
LogModuleManager: Display: Found up-to-date module file ../../../Engine/Plugins/Experimental/AlembicImporter/Binaries/Win64/UE4Editor-AlembicLibrary.dll (API version 3944462).
LogModuleManager: Display: Found up-to-date module file ../../../Engine/Plugins/Experimental/CharacterAI/Binaries/Win64/UE4Editor-CharacterAI.dll (API version 3944462).
LogModuleManager: Display: Found up-to-date module file ../../../Engine/Plugins/Experimental/HTML5Networking/Binaries/Win64/UE4Editor-HTML5Networking.dll (API version 3944462).
LogModuleManager: Display: Found up-to-date module file ../../../Engine/Plugins/Media/AndroidMedia/Binaries/Win64/UE4Editor-AndroidMediaEditor.dll (API version 3944462).
LogModuleManager: Display: Found up-to-date module file ../../../Engine/Plugins/Media/AndroidMedia/Binaries/Win64/UE4Editor-AndroidMediaFactory.dll (API version 3944462).
LogModuleManager: Display: Found up-to-date module file ../../../Engine/Plugins/Media/AvfMedia/Binaries/Win64/UE4Editor-AvfMediaEditor.dll (API version 3944462).
LogModuleManager: Display: Found up-to-date module file ../../../Engine/Plugins/Media/AvfMedia/Binaries/Win64/UE4Editor-AvfMediaFactory.dll (API version 3944462).
LogModuleManager: Display: Found up-to-date module file ../../../Engine/Plugins/Media/AvfMedia/Binaries/Win64/UE4Editor-AvfMediaFactory.dll (API version 3944462).
LogModuleManager: Display: Found up-to-date module file ../../../Engine/Plugins/Media/ImgMedia/Binaries/Win64/UE4Editor-ImgMedia.dll (API version 3944462).
LogModuleManager: Display: Found up-to-date module file ../../../Engine/Plugins/Media/ImgMedia/Binaries/Win64/UE4Editor-ImgMediaEditor.dll (API version 3944462).
LogModuleManager: Display: Found up-to-date module file ../../../Engine/Plugins/Media/ImgMedia/Binaries/Win64/UE4Editor-ImgMediaFactory.dll (API version 3944462).
LogModuleManager: Display: Found up-to-date module file ../../../Engine/Plugins/Media/ImgMedia/Binaries/Win64/UE4Editor-ImgMediaFactory.dll (API version 3944462).
LogModuleManager: Display: Found up-to-date module file ../../../Engine/Plugins/Media/ImgMedia/Binaries/Win64/UE4Editor-OpenExrWrapper.dll (API version 3944462).
LogModuleManager: Display: Found up-to-date module file ../../../Engine/Plugins/Media/LinearTimecode/Binaries/Win64/UE4Editor-LinearTimecode.dll (API version 3944462).
LogModuleManager: Display: Found up-to-date module file ../../../Engine/Plugins/Media/MediaCompositing/Binaries/Win64/UE4Editor-MediaCompositing.dll (API version 3944462).
LogModuleManager: Display: Found up-to-date module file ../../../Engine/Plugins/Media/MediaCompositing/Binaries/Win64/UE4Editor-MediaCompositingEditor.dll (API version 3944462).
LogModuleManager: Display: Found up-to-date module file ../../../Engine/Plugins/Media/MediaPlayerEditor/Binaries/Win64/UE4Editor-MediaPlayerEditor.dll (API version 3944462).
LogModuleManager: Display: Found up-to-date module file ../../../Engine/Plugins/Media/WmfMedia/Binaries/Win64/UE4Editor-WmfMedia.dll (API version 3944462).
LogModuleManager: Display: Found up-to-date module file ../../../Engine/Plugins/Media/WmfMedia/Binaries/Win64/UE4Editor-WmfMediaEditor.dll (API version 3944462).
LogModuleManager: Display: Found up-to-date module file ../../../Engine/Plugins/Media/WmfMedia/Binaries/Win64/UE4Editor-WmfMediaFactory.dll (API version 3944462).
LogModuleManager: Display: Found up-to-date module file ../../../Engine/Plugins/Media/WmfMedia/Binaries/Win64/UE4Editor-WmfMediaFactory.dll (API version 3944462).
LogModuleManager: Display: Found up-to-date module file ../../../Engine/Plugins/Messaging/TcpMessaging/Binaries/Win64/UE4Editor-TcpMessaging.dll (API version 3944462).
LogModuleManager: Display: Found up-to-date module file ../../../Engine/Plugins/Messaging/UdpMessaging/Binaries/Win64/UE4Editor-UdpMessaging.dll (API version 3944462).
LogModuleManager: Display: Found up-to-date module file ../../../Engine/Plugins/MovieScene/ActorSequence/Binaries/Win64/UE4Editor-ActorSequence.dll (API version 3944462).
LogModuleManager: Display: Found up-to-date module file ../../../Engine/Plugins/MovieScene/LevelSequenceEditor/Binaries/Win64/UE4Editor-LevelSequenceEditor.dll (API version 3944462).
LogModuleManager: Display: Found up-to-date module file ../../../Engine/Plugins/MovieScene/MatineeToLevelSequence/Binaries/Win64/UE4Editor-MatineeToLevelSequence.dll (API version 3944462).
LogModuleManager: Display: Found up-to-date module file ../../../Engine/Plugins/NetcodeUnitTest/NetcodeUnitTest/Binaries/Win64/UE4Editor-NetcodeUnitTest.dll (API version 3944462).
LogModuleManager: Display: Found up-to-date module file ../../../Engine/Plugins/NetcodeUnitTest/NUTUnrealEngine4/Binaries/Win64/UE4Editor-NUTUnrealEngine4.dll (API version 3944462).
LogModuleManager: Display: Found up-to-date module file ../../../Engine/Plugins/Online/OnlineSubsystem/Binaries/Win64/UE4Editor-OnlineSubsystem.dll (API version 3944462).
LogModuleManager: Display: Found up-to-date module file ../../../Engine/Plugins/Runtime/AndroidPermission/Binaries/Win64/UE4Editor-AndroidPermission.dll (API version 3944462).
LogModuleManager: Display: Found up-to-date module file ../../../Engine/Plugins/Online/OnlineSubsystemNull/Binaries/Win64/UE4Editor-OnlineSubsystemNull.dll (API version 3944462).
LogModuleManager: Display: Found up-to-date module file ../../../Engine/Plugins/Online/OnlineSubsystemUtils/Binaries/Win64/UE4Editor-OnlineSubsystemUtils.dll (API version 3944462).
LogModuleManager: Display: Found up-to-date module file ../../../Engine/Plugins/Online/OnlineSubsystemUtils/Binaries/Win64/UE4Editor-OnlineBlueprintSupport.dll (API version 3944462).
LogModuleManager: Display: Found up-to-date module file ../../../Engine/Plugins/Runtime/AndroidDeviceProfileSelector/Binaries/Win64/UE4Editor-AndroidDeviceProfileSelector.dll (API version 3944462).
LogModuleManager: Display: Found up-to-date module file ../../../Engine/Plugins/Runtime/AppleARKit/Binaries/Win64/UE4Editor-AppleARKit.dll (API version 3944462).
LogModuleManager: Display: Found up-to-date module file ../../../Engine/Plugins/Runtime/ProceduralMeshComponent/Binaries/Win64/UE4Editor-ProceduralMeshComponent.dll (API version 3944462).
LogModuleManager: Display: Found up-to-date module file ../../../Engine/Plugins/Runtime/ProceduralMeshComponent/Binaries/Win64/UE4Editor-ProceduralMeshComponentEditor.dll (API version 3944462).
LogModuleManager: Display: Found up-to-date module file ../../../Engine/Plugins/Animation/LiveLink/Binaries/Win64/UE4Editor-LiveLink.dll (API version 3944462).
LogModuleManager: Display: Found up-to-date module file ../../../Engine/Plugins/Animation/LiveLink/Binaries/Win64/UE4Editor-LiveLinkEditor.dll (API version 3944462).
LogModuleManager: Display: Found up-to-date module file ../../../Engine/Plugins/Runtime/ArchVisCharacter/Binaries/Win64/UE4Editor-ArchVisCharacter.dll (API version 3944462).
LogModuleManager: Display: Found up-to-date module file ../../../Engine/Plugins/Runtime/AudioCapture/Binaries/Win64/UE4Editor-AudioCapture.dll (API version 3944462).
LogModuleManager: Display: Found up-to-date module file ../../../Engine/Plugins/Runtime/AudioCapture/Binaries/Win64/UE4Editor-AudioCaptureEditor.dll (API version 3944462).
LogModuleManager: Display: Found up-to-date module file ../../../Engine/Plugins/Runtime/CableComponent/Binaries/Win64/UE4Editor-CableComponent.dll (API version 3944462).
LogModuleManager: Display: Found up-to-date module file ../../../Engine/Plugins/Runtime/CustomMeshComponent/Binaries/Win64/UE4Editor-CustomMeshComponent.dll (API version 3944462).
LogModuleManager: Display: Found up-to-date module file ../../../Engine/Plugins/Runtime/ExampleDeviceProfileSelector/Binaries/Win64/UE4Editor-ExampleDeviceProfileSelector.dll (API version 3944462).
LogModuleManager: Display: Found up-to-date module file ../../../Engine/Plugins/Runtime/ImmediatePhysics/Binaries/Win64/UE4Editor-ImmediatePhysics.dll (API version 3944462).
LogModuleManager: Display: Found up-to-date module file ../../../Engine/Plugins/Runtime/ImmediatePhysics/Binaries/Win64/UE4Editor-ImmediatePhysicsEditor.dll (API version 3944462).
LogModuleManager: Display: Found up-to-date module file ../../../Engine/Plugins/Runtime/LocationServicesBPLibrary/Binaries/Win64/UE4Editor-LocationServicesBPLibrary.dll (API version 3944462).
LogModuleManager: Display: Found up-to-date module file ../../../Engine/Plugins/Runtime/MobilePatchingUtils/Binaries/Win64/UE4Editor-MobilePatchingUtils.dll (API version 3944462).
LogModuleManager: Display: Found up-to-date module file ../../../Engine/Plugins/Runtime/Oculus/OculusVR/Binaries/Win64/UE4Editor-OculusHMD.dll (API version 3944462).
LogModuleManager: Display: Found up-to-date module file ../../../Engine/Plugins/Runtime/Oculus/OculusVR/Binaries/Win64/UE4Editor-OculusInput.dll (API version 3944462).
LogModuleManager: Display: Found up-to-date module file ../../../Engine/Plugins/Runtime/Oculus/OculusVR/Binaries/Win64/UE4Editor-OculusEditor.dll (API version 3944462).
LogModuleManager: Display: Found up-to-date module file ../../../Engine/Plugins/Runtime/PhysXVehicles/Binaries/Win64/UE4Editor-PhysXVehicles.dll (API version 3944462).
LogModuleManager: Display: Found up-to-date module file ../../../Engine/Plugins/Runtime/PhysXVehicles/Binaries/Win64/UE4Editor-PhysXVehiclesEditor.dll (API version 3944462).
LogModuleManager: Display: Found up-to-date module file ../../../Engine/Plugins/Runtime/RuntimePhysXCooking/Binaries/Win64/UE4Editor-RuntimePhysXCooking.dll (API version 3944462).
LogModuleManager: Display: Found up-to-date module file ../../../Engine/Plugins/Runtime/Steam/SteamVR/Binaries/Win64/UE4Editor-SteamVR.dll (API version 3944462).
LogModuleManager: Display: Found up-to-date module file ../../../Engine/Plugins/Runtime/Steam/SteamVR/Binaries/Win64/UE4Editor-SteamVRController.dll (API version 3944462).
LogModuleManager: Display: Found up-to-date module file ../../../Engine/Plugins/Runtime/WindowsMoviePlayer/Binaries/Win64/UE4Editor-WindowsMoviePlayer.dll (API version 3944462).
LogPluginManager: Mounting plugin Paper2D
LogPluginManager: Mounting plugin LiveLink
LogPluginManager: Mounting plugin LightPropagationVolume
LogPluginManager: Mounting plugin CLionSourceCodeAccess
LogPluginManager: Mounting plugin CodeLiteSourceCodeAccess
LogPluginManager: Mounting plugin GitSourceControl
LogPluginManager: Mounting plugin KDevelopSourceCodeAccess
LogPluginManager: Mounting plugin NullSourceCodeAccess
LogPluginManager: Mounting plugin PerforceSourceControl
LogPluginManager: Mounting plugin SubversionSourceControl
LogPluginManager: Mounting plugin UObjectPlugin
LogPluginManager: Mounting plugin VisualStudioCodeSourceCodeAccess
LogPluginManager: Mounting plugin VisualStudioSourceCodeAccess
LogPluginManager: Mounting plugin XCodeSourceCodeAccess
LogPluginManager: Mounting plugin AssetManagerEditor
LogPluginManager: Mounting plugin CryptoKeys
LogPluginManager: Mounting plugin DataValidation
LogPluginManager: Mounting plugin FacialAnimation
LogPluginManager: Mounting plugin GameplayTagsEditor
LogPluginManager: Mounting plugin MobileLauncherProfileWizard
LogPluginManager: Mounting plugin PluginBrowser
LogPluginManager: Mounting plugin SpeedTreeImporter
LogPluginManager: Mounting plugin DatasmithContent
LogPluginManager: Mounting plugin AlembicImporter
LogPluginManager: Mounting plugin CharacterAI
LogPluginManager: Mounting plugin HTML5Networking
LogPluginManager: Mounting plugin AndroidMedia
LogPluginManager: Mounting plugin AvfMedia
LogPluginManager: Mounting plugin ImgMedia
LogPluginManager: Mounting plugin LinearTimecode
LogPluginManager: Mounting plugin MediaCompositing
LogPluginManager: Mounting plugin MediaPlayerEditor
LogPluginManager: Mounting plugin WmfMedia
LogPluginManager: Mounting plugin TcpMessaging
LogPluginManager: Mounting plugin UdpMessaging
LogPluginManager: Mounting plugin ActorSequence
LogPluginManager: Mounting plugin LevelSequenceEditor
LogPluginManager: Mounting plugin MatineeToLevelSequence
LogPluginManager: Mounting plugin NetcodeUnitTest
LogPluginManager: Mounting plugin NUTUnrealEngine4
LogPluginManager: Mounting plugin OnlineSubsystemGooglePlay
LogPluginManager: Mounting plugin OnlineSubsystemIOS
LogPluginManager: Mounting plugin OnlineSubsystem
LogPluginManager: Mounting plugin OnlineSubsystemNull
LogPluginManager: Mounting plugin OnlineSubsystemUtils
LogPluginManager: Mounting plugin AndroidDeviceProfileSelector
LogPluginManager: Mounting plugin AndroidMoviePlayer
LogPluginManager: Mounting plugin AndroidPermission
LogPluginManager: Mounting plugin AppleARKit
LogPluginManager: Mounting plugin AppleMoviePlayer
LogPluginManager: Mounting plugin ArchVisCharacter
LogPluginManager: Mounting plugin AudioCapture
LogPluginManager: Mounting plugin CableComponent
LogPluginManager: Mounting plugin CustomMeshComponent
LogPluginManager: Mounting plugin ExampleDeviceProfileSelector
LogPluginManager: Mounting plugin GoogleCloudMessaging
LogPluginManager: Mounting plugin ImmediatePhysics
LogPluginManager: Mounting plugin IOSDeviceProfileSelector
LogPluginManager: Mounting plugin LinuxDeviceProfileSelector
LogPluginManager: Mounting plugin LocationServicesBPLibrary
LogPluginManager: Mounting plugin MobilePatchingUtils
LogPluginManager: Mounting plugin OculusVR
LogPluginManager: Plugin shader directory ../../../Engine/Plugins/Runtime/Oculus/OculusVR/Shaders found
LogPluginManager: Mapping shader source directory ../../../Engine/Plugins/Runtime/Oculus/OculusVR/Shaders to virtual directory /Plugin/OculusVR
LogPluginManager: Mounting plugin PhysXVehicles
LogPluginManager: Mounting plugin ProceduralMeshComponent
LogPluginManager: Mounting plugin RuntimePhysXCooking
LogPluginManager: Mounting plugin SteamVR
LogPluginManager: Mounting plugin WindowsMoviePlayer
LogStreaming: Display: Took  0.926s to configure plugins.
LogInit: Using libcurl 7.47.1
LogInit:  - built for x86_64-pc-win32
LogInit:  - supports SSL with OpenSSL/1.0.2g
LogInit:  - supports HTTP deflate (compression) using libz 1.2.8
LogInit:  - other features:
LogInit:      CURL_VERSION_SSL
LogInit:      CURL_VERSION_LIBZ
LogInit:      CURL_VERSION_IPV6
LogInit:      CURL_VERSION_ASYNCHDNS
LogInit:      CURL_VERSION_LARGEFILE
LogInit:      CURL_VERSION_IDN
LogInit:  CurlRequestOptions (configurable via config and command line):
LogInit:  - bVerifyPeer = false  - Libcurl will NOT verify peer certificate
LogInit:  - bUseHttpProxy = false  - Libcurl will NOT use HTTP proxy
LogInit:  - bDontReuseConnections = false  - Libcurl will reuse connections
LogInit:  - CertBundlePath = nullptr  - Libcurl will use whatever was configured at build time.
LogInit:  - MaxHostConnections = 16  - Libcurl will limit the number of connections to a host
LogInit:  - LocalHostAddr = Default
LogInit: WinSock: version 1.1 (2.2), MaxSocks=32767, MaxUdp=65467
LogInit: WinSock: I am DESKTOP-KGKR5TQ (192.168.56.1:0)
LogInit: Build: ++UE4+Release-4.19-CL-3989454
LogInit: Engine Version: 4.19.1-3989454+++UE4+Release-4.19
LogInit: Compatible Engine Version: 4.19.0-3944462+++UE4+Release-4.19
LogInit: Net CL: 3944462
LogDevObjectVersion: Number of dev versions registered: 18
LogDevObjectVersion:   Dev-Blueprints (B0D832E4-1F89-4F0D-ACCF-7EB736FD4AA2): 10
LogDevObjectVersion:   Dev-Build (E1C64328-A22C-4D53-A36C-8E866417BD8C): 0
LogDevObjectVersion:   Dev-Core (375EC13C-06E4-48FB-B500-84F0262A717E): 2
LogDevObjectVersion:   Dev-Editor (E4B068ED-F494-42E9-A231-DA0B2E46BB41): 23
LogDevObjectVersion:   Dev-Framework (CFFC743F-43B0-4480-9391-14DF171D2073): 33
LogDevObjectVersion:   Dev-Mobile (B02B49B5-BB20-44E9-A304-32B752E40360): 2
LogDevObjectVersion:   Dev-Networking (A4E4105C-59A1-49B5-A7C5-40C4547EDFEE): 0
LogDevObjectVersion:   Dev-Online (39C831C9-5AE6-47DC-9A44-9C173E1C8E7C): 0
LogDevObjectVersion:   Dev-Physics (78F01B33-EBEA-4F98-B9B4-84EACCB95AA2): 0
LogDevObjectVersion:   Dev-Platform (6631380F-2D4D-43E0-8009-CF276956A95A): 0
LogDevObjectVersion:   Dev-Rendering (12F88B9F-8875-4AFC-A67C-D90C383ABD29): 25
LogDevObjectVersion:   Dev-Sequencer (7B5AE74C-D270-4C10-A958-57980B212A5A): 6
LogDevObjectVersion:   Dev-VR (D7296918-1DD6-4BDD-9DE2-64A83CC13884): 1
LogDevObjectVersion:   Dev-LoadTimes (C2A15278-BFE7-4AFE-6C17-90FF531DF755): 1
LogDevObjectVersion:   Private-Geometry (6EACA3D4-40EC-4CC1-B786-8BED09428FC5): 2
LogDevObjectVersion:   Dev-AnimPhys (29E575DD-E0A3-4627-9D10-D276232CDCEA): 16
LogDevObjectVersion:   Dev-ReflectionCapture (6B266CEC-1EC7-4B8F-A30B-E4D90942FC07): 1
LogDevObjectVersion:   Dev-Automation (0DF73D61-A23F-47EA-B727-89E90C41499A): 1
LogInit: Compiled (64-bit): Apr  6 2018 12:26:04
LogInit: Compiled with Visual C++: 19.00.24215.01
LogInit: Build Configuration: Development
LogInit: Branch Name: ++UE4+Release-4.19
LogInit: Command Line:  
LogInit: Base Directory: C:/Program Files/Epic Games/UE_4.19/Engine/Binaries/Win64/
LogInit: Installed Engine Build: 1
LogStreaming: Display: Took  0.001s to delete old logs.
LogInit: Presizing for max 8388607 objects, including 0 objects not considered by GC, pre-allocating 0 bytes for permanent pool.
LogInit: Object subsystem initialized
[2018.04.30-17.52.02:252][  0]LogInit: Selected Device Profile: [Windows]
[2018.04.30-17.52.02:252][  0]LogInit: Applying CVar settings loaded from the selected device profile: [Windows]
[2018.04.30-17.52.02:278][  0]LogInit: Computer: DESKTOP-KGKR5TQ
[2018.04.30-17.52.02:278][  0]LogInit: User: Samy
[2018.04.30-17.52.02:278][  0]LogInit: CPU Page size=4096, Cores=4
[2018.04.30-17.52.02:278][  0]LogInit: High frequency timer resolution =2.742185 MHz
[2018.04.30-17.52.02:279][  0]LogMemory: Memory total: Physical=7.9GB (8GB approx)
[2018.04.30-17.52.02:279][  0]LogMemory: Platform Memory Stats for Windows
[2018.04.30-17.52.02:279][  0]LogMemory: Process Physical Memory: 275.68 MB used, 275.68 MB peak
[2018.04.30-17.52.02:279][  0]LogMemory: Process Virtual Memory: 264.90 MB used, 264.90 MB peak
[2018.04.30-17.52.02:279][  0]LogMemory: Physical Memory: 5083.63 MB used,  2993.20 MB free, 8076.83 MB total
[2018.04.30-17.52.02:279][  0]LogMemory: Virtual Memory: 697.87 MB used,  2993.20 MB free, 134217728.00 MB total
[2018.04.30-17.52.02:445][  0]LogInit: Using OS detected language (ro-RO).
[2018.04.30-17.52.02:445][  0]LogInit: Using OS detected locale (ro-RO).
[2018.04.30-17.52.02:448][  0]LogTextLocalizationManager: No localization for 'ro-RO' exists, so 'en' will be used for the language.
[2018.04.30-17.52.02:858][  0]LogStreaming: Display: Took  0.413s to EndInitTextLocalization.
[2018.04.30-17.52.02:859][  0]LogInit: Setting process to per monitor DPI aware
[2018.04.30-17.52.02:891][  0]LogSlate: New Slate User Created.  User Index 0, Is Virtual User: 0
[2018.04.30-17.52.02:891][  0]LogSlate: Slate User Registered.  User Index 0, Is Virtual User: 0
[2018.04.30-17.52.03:076][  0]LogD3D11RHI: D3D11 adapters:
[2018.04.30-17.52.03:125][  0]LogD3D11RHI:    0. 'NVIDIA GeForce GTX 1050' (Feature Level 11_0)
[2018.04.30-17.52.03:125][  0]LogD3D11RHI:       4021/0/4038 MB DedicatedVideo/DedicatedSystem/SharedSystem, Outputs:1, VendorId:0x10de
[2018.04.30-17.52.03:134][  0]LogD3D11RHI:    1. 'Intel(R) HD Graphics 630' (Feature Level 11_0)
[2018.04.30-17.52.03:134][  0]LogD3D11RHI:       128/0/4038 MB DedicatedVideo/DedicatedSystem/SharedSystem, Outputs:0, VendorId:0x8086
[2018.04.30-17.52.03:136][  0]LogD3D11RHI:    2. 'Microsoft Basic Render Driver' (Feature Level 11_0)
[2018.04.30-17.52.03:136][  0]LogD3D11RHI:       0/0/4038 MB DedicatedVideo/DedicatedSystem/SharedSystem, Outputs:0, VendorId:0x1414
[2018.04.30-17.52.03:136][  0]LogD3D11RHI: Chosen D3D11 Adapter: 0
[2018.04.30-17.52.03:143][  0]LogD3D11RHI: Creating new Direct3DDevice
[2018.04.30-17.52.03:143][  0]LogD3D11RHI:     GPU DeviceId: 0x1c8d (for the marketing name, search the web for "GPU Device Id")
[2018.04.30-17.52.03:143][  0]LogWindows: EnumDisplayDevices:
[2018.04.30-17.52.03:143][  0]LogWindows:    0. 'Intel(R) HD Graphics 630' (P:1 D:1)
[2018.04.30-17.52.03:144][  0]LogWindows:    1. 'Intel(R) HD Graphics 630' (P:0 D:0)
[2018.04.30-17.52.03:144][  0]LogWindows:    2. 'Intel(R) HD Graphics 630' (P:0 D:0)
[2018.04.30-17.52.03:144][  0]LogWindows: DebugString: GetVideoDriverDetailsInvalid PrimaryIsNotTheChoosenAdapter GetVideoDriverDetailsInvalid PrimaryIsNotTheChoosenAdapter GetVideoDriverDetailsInvalid PrimaryIsNotTheChoosenAdapter FoundDriverCount:0 
[2018.04.30-17.52.03:144][  0]LogD3D11RHI:     Adapter Name: NVIDIA GeForce GTX 1050
[2018.04.30-17.52.03:144][  0]LogD3D11RHI:   Driver Version: Unknown (internal:Unknown, unified:Unknown)
[2018.04.30-17.52.03:144][  0]LogD3D11RHI:      Driver Date: Unknown
[2018.04.30-17.52.03:144][  0]LogRHI: Texture pool is 2814 MB (70% of 4021 MB)
[2018.04.30-17.52.03:168][  0]LogD3D11RHI: [Aftermath] Aftermath enabled and primed
[2018.04.30-17.52.03:169][  0]LogD3D11RHI: [Aftermath] Aftermath enabled and primed
[2018.04.30-17.52.03:169][  0]LogD3D11RHI: Async texture creation enabled
[2018.04.30-17.52.03:186][  0]LogD3D11RHI: GPU Timing Frequency: 1000.000000 (Debug: 2 2)
[2018.04.30-17.52.03:187][  0]LogShaderCompilers: Guid format shader working directory is -19 characters bigger than the processId version (../../../../../../Users/Samy/Documents/GitHub/Game-2D-Color-Rush/Intermediate/Shaders/WorkingDirectory/7400/).
[2018.04.30-17.52.03:188][  0]LogShaderCompilers: Cleaned the shader compiler working directory 'C:/Users/Samy/AppData/Local/Temp/UnrealShaderWorkingDir/147F37A54A857AB221A9B7A6996686AB/'.
[2018.04.30-17.52.03:382][  0]LogTemp: Display: Loaded TP AllDesktopTargetPlatform
[2018.04.30-17.52.03:395][  0]LogTemp: Display: Loaded TP MacClientTargetPlatform
[2018.04.30-17.52.03:409][  0]LogTemp: Display: Loaded TP MacNoEditorTargetPlatform
[2018.04.30-17.52.03:423][  0]LogTemp: Display: Loaded TP MacServerTargetPlatform
[2018.04.30-17.52.03:436][  0]LogTemp: Display: Loaded TP MacTargetPlatform
[2018.04.30-17.52.03:449][  0]LogTemp: Display: Loaded TP WindowsClientTargetPlatform
[2018.04.30-17.52.03:462][  0]LogTemp: Display: Loaded TP WindowsNoEditorTargetPlatform
[2018.04.30-17.52.03:477][  0]LogTemp: Display: Loaded TP WindowsServerTargetPlatform
[2018.04.30-17.52.03:483][  0]LogTemp: Display: Loaded TP WindowsTargetPlatform
[2018.04.30-17.52.03:495][  0]LogTemp: Display: Loaded TP Android_ASTCTargetPlatform
[2018.04.30-17.52.03:508][  0]LogTemp: Display: Loaded TP Android_ATCTargetPlatform
[2018.04.30-17.52.03:520][  0]LogTemp: Display: Loaded TP Android_DXTTargetPlatform
[2018.04.30-17.52.03:531][  0]LogTemp: Display: Loaded TP Android_ETC1aTargetPlatform
[2018.04.30-17.52.03:542][  0]LogTemp: Display: Loaded TP Android_ETC1TargetPlatform
[2018.04.30-17.52.03:552][  0]LogTemp: Display: Loaded TP Android_ETC2TargetPlatform
[2018.04.30-17.52.03:574][  0]LogTemp: Display: Loaded TP Android_MultiTargetPlatform
[2018.04.30-17.52.03:574][  0]LogTemp: Display: Loaded TP Android_PVRTCTargetPlatform
[2018.04.30-17.52.03:585][  0]LogTemp: Display: Loaded TP AndroidTargetPlatform
[2018.04.30-17.52.03:586][  0]LogTemp: Display: Loaded TP HTML5TargetPlatform
[2018.04.30-17.52.03:622][  0]LogTemp: Display: Loaded TP IOSTargetPlatform
[2018.04.30-17.52.03:635][  0]LogTemp: Display: Loaded TP TVOSTargetPlatform
[2018.04.30-17.52.03:649][  0]LogTemp: Display: Loaded TP LinuxClientTargetPlatform
[2018.04.30-17.52.03:660][  0]LogTemp: Display: Loaded TP LinuxNoEditorTargetPlatform
[2018.04.30-17.52.03:672][  0]LogTemp: Display: Loaded TP LinuxServerTargetPlatform
[2018.04.30-17.52.03:682][  0]LogTemp: Display: Loaded TP LinuxTargetPlatform
[2018.04.30-17.52.03:682][  0]LogTargetPlatformManager: Display: Building Assets For Windows
[2018.04.30-17.52.03:791][  0]LogXGEController: Cleaning working directory: C:/Users/Samy/AppData/Local/Temp/UnrealXGEWorkingDir/
[2018.04.30-17.52.03:791][  0]LogXGEController: Cannot use XGE Controller as Incredibuild is not installed on this machine.
[2018.04.30-17.52.03:791][  0]LogShaderCompilers: Cannot use XGE Shader Compiler as Incredibuild is not installed on this machine.
[2018.04.30-17.52.03:791][  0]LogShaderCompilers: Display: Using Local Shader Compiler.
[2018.04.30-17.52.04:451][  0]LogDerivedDataCache: Display: Max Cache Size: 512 MB
[2018.04.30-17.52.04:539][  0]LogDerivedDataCache: Loaded boot cache 0.09s 87MB C:/Users/Samy/AppData/Local/UnrealEngine/4.19/DerivedDataCache/Boot.ddc.
[2018.04.30-17.52.04:539][  0]LogDerivedDataCache: Display: Loaded Boot cache: C:/Users/Samy/AppData/Local/UnrealEngine/4.19/DerivedDataCache/Boot.ddc
[2018.04.30-17.52.04:539][  0]LogDerivedDataCache: FDerivedDataBackendGraph:  Pak pak cache file ../../../../../../Users/Samy/Documents/GitHub/Game-2D-Color-Rush/DerivedDataCache/DDC.ddp not found, will not use a pak cache.
[2018.04.30-17.52.04:539][  0]LogDerivedDataCache: Unable to find inner node Pak for hierarchical cache Hierarchy.
[2018.04.30-17.52.04:539][  0]LogDerivedDataCache: FDerivedDataBackendGraph:  CompressedPak pak cache file ../../../../../../Users/Samy/Documents/GitHub/Game-2D-Color-Rush/DerivedDataCache/Compressed.ddp not found, will not use a pak cache.
[2018.04.30-17.52.04:539][  0]LogDerivedDataCache: Unable to find inner node CompressedPak for hierarchical cache Hierarchy.
[2018.04.30-17.52.04:554][  0]LogDerivedDataCache: Display: Pak cache opened for reading ../../../Engine/DerivedDataCache/Compressed.ddp.
[2018.04.30-17.52.04:566][  0]LogDerivedDataCache: Using Local data cache path C:/Users/Samy/AppData/Local/UnrealEngine/Common/DerivedDataCache: Writable
[2018.04.30-17.52.04:578][  0]LogMaterial: Verifying Global Shaders for PCD3D_SM5
[2018.04.30-17.52.04:578][  0]LogSlate: Using Freetype 2.6.0
[2018.04.30-17.52.04:579][  0]LogSlate: SlateFontCache - WITH_FREETYPE: 1, WITH_HARFBUZZ: 1
[2018.04.30-17.52.04:579][  0]LogSlate: SlateFontCache - WITH_FREETYPE: 1, WITH_HARFBUZZ: 1
[2018.04.30-17.52.04:696][  0]LogAssetRegistry: FAssetRegistry took 0.0262 seconds to start up
[2018.04.30-17.52.04:979][  0]LogInit: Selected Device Profile: [Windows]
[2018.04.30-17.52.05:117][  0]LogSimplygon: Simplygon DLL not present - disabling.
[2018.04.30-17.52.05:120][  0]LogMeshReduction: Using SimplygonSwarm for distributed automatic mesh merging
[2018.04.30-17.52.05:120][  0]LogMeshReduction: Using QuadricMeshReduction for automatic static mesh reduction
[2018.04.30-17.52.05:120][  0]LogMeshReduction: No automatic skeletal mesh reduction module available
[2018.04.30-17.52.05:120][  0]LogMeshReduction: No automatic mesh merging module available
[2018.04.30-17.52.05:120][  0]LogMeshMerging: No automatic mesh merging module available
[2018.04.30-17.52.05:148][  0]LogNetVersion: Cameleonul , NetCL: 3944462, EngineNetVer: 2, GameNetVer: 0 (Checksum: 719565523)
[2018.04.30-17.52.05:572][  0]LogPackageLocalizationCache: Processed 9 localized package path(s) for 1 prioritized culture(s) in 0.042761 seconds
[2018.04.30-17.52.05:578][  0]LogUObjectArray: 36728 objects as part of root set at end of initial load.
[2018.04.30-17.52.05:578][  0]LogUObjectAllocator: 7314312 out of 0 bytes used by permanent object pool.
[2018.04.30-17.52.05:578][  0]LogUObjectArray: CloseDisregardForGC: 0/0 objects in disregard for GC pool
[2018.04.30-17.52.07:118][  0]LogTcpMessaging: Initializing TcpMessaging bridge
[2018.04.30-17.52.07:148][  0]LogUdpMessaging: Initializing bridge on interface 0.0.0.0:0 to multicast group 230.0.0.1:6666.
[2018.04.30-17.52.07:500][  0]SourceControl: Source control is disabled
[2018.04.30-17.52.07:501][  0]SourceControl: Source control is disabled
[2018.04.30-17.52.07:517][  0]SourceControl: Source control is disabled
[2018.04.30-17.52.07:534][  0]SourceControl: Source control is disabled
[2018.04.30-17.52.08:009][  0]LogAndroidPermission: UAndroidPermissionCallbackProxy::GetInstance
[2018.04.30-17.52.08:144][  0]LogOcInput: OculusInput pre-init called
[2018.04.30-17.52.08:251][  0]LogEngine: Initializing Engine...
[2018.04.30-17.52.08:252][  0]LogHMD: Failed to initialize OpenVR with code 110
[2018.04.30-17.52.08:253][  0]LogStats: UGameplayTagsManager::ConstructGameplayTagTree: Construct from data asset -  0.000 s
[2018.04.30-17.52.08:253][  0]LogStats: UGameplayTagsManager::ConstructGameplayTagTree: GameplayTagTreeChangedEvent.Broadcast -  0.000 s
[2018.04.30-17.52.08:533][  0]LogAIModule: Creating AISystem for world Untitled
[2018.04.30-17.52.08:545][  0]LogInit: XAudio2 using 'Speakers (Realtek High Definition Audio)' : 2 channels at 48 kHz using 32 bits per sample (channel mask 0x3)
[2018.04.30-17.52.08:587][  0]LogInit: FAudioDevice initialized.
[2018.04.30-17.52.09:182][  0]LogDerivedDataCache: Saved boot cache 0.59s 74MB C:/Users/Samy/AppData/Local/UnrealEngine/4.19/DerivedDataCache/Boot.ddc.
[2018.04.30-17.52.09:209][  0]LogInit: Texture streaming: Enabled
[2018.04.30-17.52.09:226][  0]LogEngineSessionManager: EngineSessionManager initialized
[2018.04.30-17.52.09:239][  0]LogInit: Transaction tracking system initialized
[2018.04.30-17.52.09:264][  0]BlueprintLog: New page: Editor Load
[2018.04.30-17.52.09:341][  0]LocalizationService: Localization service is disabled
[2018.04.30-17.52.09:434][  0]LogConsoleResponse: Display: 
[2018.04.30-17.52.09:574][  0]LogCook: Display: Max memory allowance for cook 16384mb min free memory 0mb
[2018.04.30-17.52.09:574][  0]LogCook: Display: Mobile HDR setting 1
[2018.04.30-17.52.09:574][  0]LogGameplayTags: Display: UGameplayTagsManager::DoneAddingNativeTags. DelegateIsBound: 0
[2018.04.30-17.52.09:574][  0]LogStats: UGameplayTagsManager::ConstructGameplayTagTree: Construct from data asset -  0.000 s
[2018.04.30-17.52.09:575][  0]LogStats: UGameplayTagsManager::ConstructGameplayTagTree: GameplayTagTreeChangedEvent.Broadcast -  0.000 s
[2018.04.30-17.52.09:921][  0]LogFileCache: Scanning file cache for directory 'C:/Users/Samy/Documents/GitHub/Game-2D-Color-Rush/Content/' took 0.02s
[2018.04.30-17.52.09:921][  0]SourceControl: Source control is disabled
[2018.04.30-17.52.09:921][  0]Cmd: MAP LOAD FILE="../../../../../../Users/Samy/Documents/GitHub/Game-2D-Color-Rush/Content/SideScrollerBP/Maps/SideScrollerExampleMap.umap" TEMPLATE=0 SHOWPROGRESS=1 FEATURELEVEL=3
[2018.04.30-17.52.09:921][  0]LogEditorServer: Warning: Can't find file '../../../../../../Users/Samy/Documents/GitHub/Game-2D-Color-Rush/Content/SideScrollerBP/Maps/SideScrollerExampleMap.umap'
[2018.04.30-17.52.09:921][  0]Cmd: MAP CHECKDEP NOCLEARLOG
[2018.04.30-17.52.09:961][  0]MapCheck: Map check complete: 0 Error(s), 0 Warning(s), took 39,907ms to complete.
[2018.04.30-17.52.09:961][  0]LogFileHelpers: Loading map 'SideScrollerExampleMap' took 0.040
[2018.04.30-17.52.10:035][  0]LogWindowsTextInputMethodSystem: Display: IME system now deactivated.
[2018.04.30-17.52.10:097][  0]LogCollectionManager: Loaded 0 collections in 0.001741 seconds
[2018.04.30-17.52.10:138][  0]LogFileCache: Scanning file cache for directory 'C:/Users/Samy/Documents/GitHub/Game-2D-Color-Rush/Saved/Collections/' took 0.01s
[2018.04.30-17.52.10:138][  0]LogFileCache: Scanning file cache for directory 'C:/Users/Samy/Documents/GitHub/Game-2D-Color-Rush/Content/Developers/Samy/Collections/' took 0.01s
[2018.04.30-17.52.10:138][  0]LogFileCache: Scanning file cache for directory 'C:/Users/Samy/Documents/GitHub/Game-2D-Color-Rush/Content/Collections/' took 0.01s
[2018.04.30-17.52.10:138][  0]LogCollectionManager: Rebuilt the GUID cache for 0 collections in 0.000000 seconds
[2018.04.30-17.52.10:147][  0]LogContentBrowser: Native class hierarchy populated in 0.0084 seconds. Added 2452 classes and 558 folders.
[2018.04.30-17.52.10:154][  0]LogContentBrowser: Native class hierarchy updated for 'WidgetCarousel' in 0.0002 seconds. Added 0 classes and 0 folders.
[2018.04.30-17.52.10:196][  0]LogContentBrowser: Native class hierarchy updated for 'AddContentDialog' in 0.0002 seconds. Added 0 classes and 0 folders.
[2018.04.30-17.52.10:249][  0]LogSlate: Took 0.000280 seconds to synchronously load lazily loaded font '../../../Engine/Content/Slate/Fonts/Roboto-Regular.ttf' (155K)
[2018.04.30-17.52.10:252][  0]LogSlate: Took 0.000290 seconds to synchronously load lazily loaded font '../../../Engine/Content/Slate/Fonts/Roboto-Bold.ttf' (160K)
[2018.04.30-17.52.10:258][  0]LogSlate: Took 0.000257 seconds to synchronously load lazily loaded font '../../../Engine/Content/Editor/Slate/Fonts/FontAwesome.ttf' (139K)
[2018.04.30-17.52.10:369][  0]LogRenderer: Reallocating scene render targets to support 1208x584 Format 10 NumSamples 1 (Frame:1).
[2018.04.30-17.52.10:552][  0]LogContentBrowser: Native class hierarchy updated for 'HierarchicalLODOutliner' in 0.0006 seconds. Added 0 classes and 0 folders.
[2018.04.30-17.52.10:552][  0]LogLoad: (Engine Initialization) Total time: 10.66 seconds
[2018.04.30-17.52.10:552][  0]LogLoad: (Engine Initialization) Total Blueprint compile time: 0.00 seconds
[2018.04.30-17.52.10:604][  0]LogContentStreaming: Texture pool size now 3000 MB
[2018.04.30-17.52.15:278][136]LogSlate: Took 0.000135 seconds to synchronously load lazily loaded font '../../../Engine/Content/Slate/Fonts/Roboto-Light.ttf' (167K)
[2018.04.30-17.52.15:668][148]LogFileCache: Retrieving MD5 hashes for directory 'C:/Users/Samy/Documents/GitHub/Game-2D-Color-Rush/Content/' took 5.08s
[2018.04.30-17.52.31:634][627]LogAssetRegistry: Asset discovery search completed in 26.9600 seconds
[2018.04.30-17.52.31:637][627]LogCollectionManager: Rebuilt the object cache for 0 collections in 0.000000 seconds (found 0 objects)
[2018.04.30-17.52.31:637][627]LogCollectionManager: Fixed up redirectors for 0 collections in 0.000054 seconds (updated 0 objects)
[2018.04.30-17.53.02:382][539]LogSlate: FSceneViewport::OnFocusLost() reason 0
[2018.04.30-17.53.02:620][541]LogSlate: Took 0.000240 seconds to synchronously load lazily loaded font '../../../Engine/Content/Slate/Fonts/Roboto-Light.ttf' (167K)
[2018.04.30-17.53.02:965][541]LogTexture: Display: Building textures: SkyOcclusion0_2 (AutoDXT, 64X32)
[2018.04.30-17.53.02:965][541]LogTexture: Display: Building textures: SkyOcclusion0_1 (AutoDXT, 512X256)
[2018.04.30-17.53.02:965][541]LogTexture: Display: Building textures: HQ_Lightmap0_1 (AutoDXT, 512X512)
[2018.04.30-17.53.02:965][541]LogTexture: Display: Building textures: LQ_Lightmap_0_2 (DXT1, 64X64)
[2018.04.30-17.53.02:965][541]LogTexture: Display: Building textures: LQ_Lightmap_0_1 (DXT1, 512X512)
[2018.04.30-17.53.02:965][541]LogMaterial: Missing cached shader map for material CubeMaterial, compiling. 
[2018.04.30-17.53.03:155][541]LogTexture: Display: Building textures: HQ_Lightmap0_2 (AutoDXT, 64X64)
[2018.04.30-17.53.03:236][541]LogShaderCompilers: Display: Shaders left to compile 31
[2018.04.30-17.53.03:236][541]LogShaderCompilers: Display: Shaders left to compile 21
[2018.04.30-17.53.03:236][541]LogShaderCompilers: Display: Shaders left to compile 11
[2018.04.30-17.53.03:236][541]LogShaderCompilers: Display: Shaders left to compile 1
[2018.04.30-17.53.03:236][541]LogMaterial: Missing cached shader map for material M_ChromeBall, compiling. 
[2018.04.30-17.53.03:317][541]LogSkeletalMesh: Skeletal Mesh found in DDC [0.263294ms] /Game/SideScrollerBP/model_game_v6.model_game_v6
[2018.04.30-17.53.03:325][541]LogAIModule: Creating AISystem for world Level1
[2018.04.30-17.53.03:352][541]Cmd: MAP LOAD FILE="../../../../../../Users/Samy/Documents/GitHub/Game-2D-Color-Rush/Content/SideScrollerBP/Maps/Level1.umap" TEMPLATE=0 SHOWPROGRESS=1 FEATURELEVEL=3
[2018.04.30-17.53.03:352][541]LightingResults: New page: Lighting Build
[2018.04.30-17.53.03:355][541]LogContentBrowser: Native class hierarchy updated for 'StatsViewer' in 0.0002 seconds. Added 5 classes and 0 folders.
[2018.04.30-17.53.03:356][541]LoadErrors: New page: Loading map: Level1.umap
[2018.04.30-17.53.03:356][541]MapCheck: New page: Map Check
[2018.04.30-17.53.03:356][541]LightingResults: New page: Lighting Build
[2018.04.30-17.53.03:440][541]LogEditorServer: Finished looking for orphan Actors (0.000 secs)
[2018.04.30-17.53.03:485][541]Cmd: MAP CHECKDEP NOCLEARLOG
[2018.04.30-17.53.03:531][541]MapCheck: Map check complete: 0 Error(s), 0 Warning(s), took 45,237ms to complete.
[2018.04.30-17.53.03:531][541]LogFileHelpers: Loading map 'Level1' took 0.180
[2018.04.30-17.53.04:784][577]LogShaderCompilers: Display: Shaders left to compile 31
[2018.04.30-17.53.06:753][638]LogShaderCompilers: Display: Shaders left to compile 21
[2018.04.30-17.53.06:982][645]LogShaderCompilers: Display: Shaders left to compile 11
[2018.04.30-17.53.07:856][671]LogShaderCompilers: Display: Shaders left to compile 1
[2018.04.30-17.53.17:291][876]LogTemp: Repeating last play command: Selected Viewport
[2018.04.30-17.53.17:343][876]LogBlueprintUserMessages: Early PlayInEditor Detection: Level '/Game/SideScrollerBP/Maps/Level1.Level1:PersistentLevel' has LevelScriptBlueprint '/Game/SideScrollerBP/Maps/Level1.Level1:PersistentLevel.Level1' with GeneratedClass '/Game/SideScrollerBP/Maps/Level1.Level1_C' with ClassGeneratedBy '/Game/SideScrollerBP/Maps/Level1.Level1:PersistentLevel.Level1'
[2018.04.30-17.53.17:344][876]LogPlayLevel: PlayLevel: No blueprints needed recompiling
[2018.04.30-17.53.17:344][876]PIE: New page: PIE session: Level1 (30 apr. 2018, 23:53:17)
[2018.04.30-17.53.17:344][876]LogPlayLevel: Creating play world package: /Game/SideScrollerBP/Maps/UEDPIE_0_Level1
[2018.04.30-17.53.17:349][876]LogPlayLevel: PIE: StaticDuplicateObject took: (0.004711s)
[2018.04.30-17.53.17:350][876]LogAIModule: Creating AISystem for world Level1
[2018.04.30-17.53.17:350][876]LogPlayLevel: PIE: World Init took: (0.000929s)
[2018.04.30-17.53.17:350][876]LogPlayLevel: PIE: Created PIE world by copying editor world from /Game/SideScrollerBP/Maps/Level1.Level1 to /Game/SideScrollerBP/Maps/UEDPIE_0_Level1.Level1 (0.005881s)
[2018.04.30-17.53.17:364][876]LogInit: XAudio2 using 'Speakers (Realtek High Definition Audio)' : 2 channels at 48 kHz using 32 bits per sample (channel mask 0x3)
[2018.04.30-17.53.17:392][876]LogInit: FAudioDevice initialized.
[2018.04.30-17.53.17:437][876]LogLoad: Game class is 'MainMenuMode_C'
[2018.04.30-17.53.17:440][876]LogWorld: Bringing World /Game/SideScrollerBP/Maps/UEDPIE_0_Level1.Level1 up for play (max tick rate 60) at 2018.04.30-20.53.17
[2018.04.30-17.53.17:441][876]LogWorld: Bringing up level for play took: 0.001385
[2018.04.30-17.53.17:445][876]LogContentBrowser: Native class hierarchy updated for 'MovieSceneCapture' in 0.0003 seconds. Added 11 classes and 0 folders.
[2018.04.30-17.53.17:446][876]PIE: Play in editor start time for /Game/SideScrollerBP/Maps/UEDPIE_0_Level1 0,95
[2018.04.30-17.53.17:446][876]LogBlueprintUserMessages: Late PlayInEditor Detection: Level '/Game/SideScrollerBP/Maps/Level1.Level1:PersistentLevel' has LevelScriptBlueprint '/Game/SideScrollerBP/Maps/Level1.Level1:PersistentLevel.Level1' with GeneratedClass '/Game/SideScrollerBP/Maps/Level1.Level1_C' with ClassGeneratedBy '/Game/SideScrollerBP/Maps/Level1.Level1:PersistentLevel.Level1'
[2018.04.30-17.53.22:364][ 24]LogHttp: Warning: 000002115A492980: request failed, libcurl error: 6 (Couldn't resolve host name)
[2018.04.30-17.53.22:364][ 24]LogHttp: Warning: 000002115A492980: libcurl info message cache 0 (Could not resolve host: datarouter.ol.epicgames.com)
[2018.04.30-17.53.22:364][ 24]LogHttp: Warning: 000002115A492980: libcurl info message cache 1 (Closing connection 0)
[2018.04.30-17.53.29:963][252]LogBlueprintUserMessages: Early EndPlayMap Detection: Level '/Game/SideScrollerBP/Maps/Level1.Level1:PersistentLevel' has LevelScriptBlueprint '/Game/SideScrollerBP/Maps/Level1.Level1:PersistentLevel.Level1' with GeneratedClass '/Game/SideScrollerBP/Maps/Level1.Level1_C' with ClassGeneratedBy '/Game/SideScrollerBP/Maps/Level1.Level1:PersistentLevel.Level1'
[2018.04.30-17.53.30:023][252]LogBlueprintUserMessages: Late EndPlayMap Detection: Level '/Game/SideScrollerBP/Maps/Level1.Level1:PersistentLevel' has LevelScriptBlueprint '/Game/SideScrollerBP/Maps/Level1.Level1:PersistentLevel.Level1' with GeneratedClass '/Game/SideScrollerBP/Maps/Level1.Level1_C' with ClassGeneratedBy '/Game/SideScrollerBP/Maps/Level1.Level1:PersistentLevel.Level1'
[2018.04.30-17.53.49:087][826]LogEditorViewport: Clicking on Actor (LMB): SideScrollerCharacter_C (SideScrollerCharacter)
[2018.04.30-17.53.53:314][940]LogSlate: FSceneViewport::OnFocusLost() reason 0
[2018.04.30-17.53.54:547][977]LogSlate: Took 0.000236 seconds to synchronously load lazily loaded font '../../../Engine/Content/Slate/Fonts/Roboto-Italic.ttf' (157K)
[2018.04.30-17.53.58:616][ 42]LogContentBrowser: Native class hierarchy updated for 'BlueprintGraph' in 0.0005 seconds. Added 116 classes and 0 folders.
[2018.04.30-17.53.59:646][ 42]LogSlate: Took 0.209336 seconds to synchronously load lazily loaded font '../../../Engine/Content/Slate/Fonts/Roboto-BoldCondensed.ttf' (158K)
[2018.04.30-17.54.48:514][579]LogSavePackage: Save=27.05ms
[2018.04.30-17.54.48:515][579]LogSavePackage: Moving '../../../../../../Users/Samy/Documents/GitHub/Game-2D-Color-Rush/Saved/SideScrollerCharacterB9F8EE6B4890E390BADEEB890337BD0A.tmp' to '../../../../../../Users/Samy/Documents/GitHub/Game-2D-Color-Rush/Content/SideScrollerBP/Blueprints/SideScrollerCharacter.uasset'
[2018.04.30-17.54.48:518][579]LogSavePackage: Display: Finished SavePackage ../../../../../../Users/Samy/Documents/GitHub/Game-2D-Color-Rush/Content/SideScrollerBP/Blueprints/SideScrollerCharacter.uasset
[2018.04.30-17.54.52:925][666]LogTemp: Repeating last play command: Selected Viewport
[2018.04.30-17.54.52:968][666]LogBlueprintUserMessages: Early PlayInEditor Detection: Level '/Game/SideScrollerBP/Maps/Level1.Level1:PersistentLevel' has LevelScriptBlueprint '/Game/SideScrollerBP/Maps/Level1.Level1:PersistentLevel.Level1' with GeneratedClass '/Game/SideScrollerBP/Maps/Level1.Level1_C' with ClassGeneratedBy '/Game/SideScrollerBP/Maps/Level1.Level1:PersistentLevel.Level1'
[2018.04.30-17.54.52:968][666]BlueprintLog: New page: Pre-Play auto-recompile
[2018.04.30-17.54.52:975][666]LogPlayLevel: [PlayLevel] Compiling SideScrollerCharacter before play...
[2018.04.30-17.54.53:437][666]LogPlayLevel: PlayLevel: Blueprint regeneration took 469 ms (1 blueprints)
[2018.04.30-17.54.53:438][666]PIE: New page: PIE session: Level1 (30 apr. 2018, 23:54:53)
[2018.04.30-17.54.53:438][666]LogPlayLevel: Creating play world package: /Game/SideScrollerBP/Maps/UEDPIE_0_Level1
[2018.04.30-17.54.53:440][666]LogPlayLevel: PIE: StaticDuplicateObject took: (0.002601s)
[2018.04.30-17.54.53:440][666]LogAIModule: Creating AISystem for world Level1
[2018.04.30-17.54.53:441][666]LogPlayLevel: PIE: World Init took: (0.000587s)
[2018.04.30-17.54.53:441][666]LogPlayLevel: PIE: Created PIE world by copying editor world from /Game/SideScrollerBP/Maps/Level1.Level1 to /Game/SideScrollerBP/Maps/UEDPIE_0_Level1.Level1 (0.003298s)
[2018.04.30-17.54.53:484][666]LogInit: XAudio2 using 'Speakers (Realtek High Definition Audio)' : 2 channels at 48 kHz using 32 bits per sample (channel mask 0x3)
[2018.04.30-17.54.53:547][666]LogInit: FAudioDevice initialized.
[2018.04.30-17.54.53:578][666]LogLoad: Game class is 'MainMenuMode_C'
[2018.04.30-17.54.53:580][666]LogWorld: Bringing World /Game/SideScrollerBP/Maps/UEDPIE_0_Level1.Level1 up for play (max tick rate 60) at 2018.04.30-20.54.53
[2018.04.30-17.54.53:581][666]LogWorld: Bringing up level for play took: 0.001248
[2018.04.30-17.54.53:582][666]PIE: Play in editor start time for /Game/SideScrollerBP/Maps/UEDPIE_0_Level1 1,086
[2018.04.30-17.54.53:582][666]LogBlueprintUserMessages: Late PlayInEditor Detection: Level '/Game/SideScrollerBP/Maps/Level1.Level1:PersistentLevel' has LevelScriptBlueprint '/Game/SideScrollerBP/Maps/Level1.Level1:PersistentLevel.Level1' with GeneratedClass '/Game/SideScrollerBP/Maps/Level1.Level1_C' with ClassGeneratedBy '/Game/SideScrollerBP/Maps/Level1.Level1:PersistentLevel.Level1'
[2018.04.30-17.55.03:363][956]LogBlueprintUserMessages: Early EndPlayMap Detection: Level '/Game/SideScrollerBP/Maps/Level1.Level1:PersistentLevel' has LevelScriptBlueprint '/Game/SideScrollerBP/Maps/Level1.Level1:PersistentLevel.Level1' with GeneratedClass '/Game/SideScrollerBP/Maps/Level1.Level1_C' with ClassGeneratedBy '/Game/SideScrollerBP/Maps/Level1.Level1:PersistentLevel.Level1'
[2018.04.30-17.55.03:426][956]LogBlueprintUserMessages: Late EndPlayMap Detection: Level '/Game/SideScrollerBP/Maps/Level1.Level1:PersistentLevel' has LevelScriptBlueprint '/Game/SideScrollerBP/Maps/Level1.Level1:PersistentLevel.Level1' with GeneratedClass '/Game/SideScrollerBP/Maps/Level1.Level1_C' with ClassGeneratedBy '/Game/SideScrollerBP/Maps/Level1.Level1:PersistentLevel.Level1'
[2018.04.30-17.55.08:270][ 80]LogSlate: FSceneViewport::OnFocusLost() reason 0
[2018.04.30-17.55.09:981][103]LogContentBrowser: Native class hierarchy updated for 'SkeletonEditor' in 0.0005 seconds. Added 1 classes and 2 folders.
[2018.04.30-17.55.10:593][103]LogActorComponent: RegisterComponentWithWorld: (/Engine/Transient.World_7:PersistentLevel.Actor_0.DebugSkelMeshComponent_0) Already registered. Aborting.
[2018.04.30-17.55.10:621][103]LogContentBrowser: Native class hierarchy updated for 'PinnedCommandList' in 0.0006 seconds. Added 1 classes and 0 folders.
[2018.04.30-17.55.10:961][103]LogSkeletalMesh: USkeletalMeshComponent::InitArticulated : Bodies already created (/Engine/Transient.World_7:PersistentLevel.Actor_0.DebugSkelMeshComponent_0) - call TermArticulated first.
[2018.04.30-17.55.11:874][103]LogContentBrowser: Native class hierarchy updated for 'ClothingSystemEditorInterface' in 0.0007 seconds. Added 1 classes and 0 folders.
[2018.04.30-17.55.11:950][103]LogContentBrowser: Verbose: The majority of assets in the view are of type: AnimSequence
[2018.04.30-17.55.20:596][218]Cmd: OBJ SAVEPACKAGE PACKAGE="/Game/SideScrollerBP/model_game_v6_Anim" FILE="../../../../../../Users/Samy/Documents/GitHub/Game-2D-Color-Rush/Content/SideScrollerBP/model_game_v6_Anim.uasset" SILENT=true
[2018.04.30-17.55.20:624][218]LogSavePackage: Save=16.90ms
[2018.04.30-17.55.20:624][218]LogSavePackage: Moving '../../../../../../Users/Samy/Documents/GitHub/Game-2D-Color-Rush/Saved/model_game_v6_Anim066DA75140FF14FE42CBE4887FE4987E.tmp' to '../../../../../../Users/Samy/Documents/GitHub/Game-2D-Color-Rush/Content/SideScrollerBP/model_game_v6_Anim.uasset'
[2018.04.30-17.55.20:742][218]LogSavePackage: Display: Finished SavePackage ../../../../../../Users/Samy/Documents/GitHub/Game-2D-Color-Rush/Content/SideScrollerBP/model_game_v6_Anim.uasset
[2018.04.30-17.55.25:085][274]LogSlate: Window 'SideScrollerCharacter' being destroyed
[2018.04.30-17.55.25:169][274]LogSlate: Window 'SideScrollerCharacter' being destroyed
[2018.04.30-17.55.26:513][307]LogTemp: Repeating last play command: Selected Viewport
[2018.04.30-17.55.26:535][307]LogBlueprintUserMessages: Early PlayInEditor Detection: Level '/Game/SideScrollerBP/Maps/Level1.Level1:PersistentLevel' has LevelScriptBlueprint '/Game/SideScrollerBP/Maps/Level1.Level1:PersistentLevel.Level1' with GeneratedClass '/Game/SideScrollerBP/Maps/Level1.Level1_C' with ClassGeneratedBy '/Game/SideScrollerBP/Maps/Level1.Level1:PersistentLevel.Level1'
[2018.04.30-17.55.26:535][307]LogPlayLevel: PlayLevel: No blueprints needed recompiling
[2018.04.30-17.55.26:535][307]PIE: New page: PIE session: Level1 (30 apr. 2018, 23:55:26)
[2018.04.30-17.55.26:535][307]LogPlayLevel: Creating play world package: /Game/SideScrollerBP/Maps/UEDPIE_0_Level1
[2018.04.30-17.55.26:538][307]LogPlayLevel: PIE: StaticDuplicateObject took: (0.002639s)
[2018.04.30-17.55.26:538][307]LogAIModule: Creating AISystem for world Level1
[2018.04.30-17.55.26:538][307]LogPlayLevel: PIE: World Init took: (0.000537s)
[2018.04.30-17.55.26:538][307]LogPlayLevel: PIE: Created PIE world by copying editor world from /Game/SideScrollerBP/Maps/Level1.Level1 to /Game/SideScrollerBP/Maps/UEDPIE_0_Level1.Level1 (0.003290s)
[2018.04.30-17.55.26:582][307]LogInit: XAudio2 using 'Speakers (Realtek High Definition Audio)' : 2 channels at 48 kHz using 32 bits per sample (channel mask 0x3)
[2018.04.30-17.55.26:611][307]LogInit: FAudioDevice initialized.
[2018.04.30-17.55.26:647][307]LogLoad: Game class is 'MainMenuMode_C'
[2018.04.30-17.55.26:650][307]LogWorld: Bringing World /Game/SideScrollerBP/Maps/UEDPIE_0_Level1.Level1 up for play (max tick rate 60) at 2018.04.30-20.55.26
[2018.04.30-17.55.26:651][307]LogWorld: Bringing up level for play took: 0.002165
[2018.04.30-17.55.26:653][307]PIE: Play in editor start time for /Game/SideScrollerBP/Maps/UEDPIE_0_Level1 0,156
[2018.04.30-17.55.26:653][307]LogBlueprintUserMessages: Late PlayInEditor Detection: Level '/Game/SideScrollerBP/Maps/Level1.Level1:PersistentLevel' has LevelScriptBlueprint '/Game/SideScrollerBP/Maps/Level1.Level1:PersistentLevel.Level1' with GeneratedClass '/Game/SideScrollerBP/Maps/Level1.Level1_C' with ClassGeneratedBy '/Game/SideScrollerBP/Maps/Level1.Level1:PersistentLevel.Level1'
[2018.04.30-17.55.42:187][773]LogBlueprintUserMessages: Early EndPlayMap Detection: Level '/Game/SideScrollerBP/Maps/Level1.Level1:PersistentLevel' has LevelScriptBlueprint '/Game/SideScrollerBP/Maps/Level1.Level1:PersistentLevel.Level1' with GeneratedClass '/Game/SideScrollerBP/Maps/Level1.Level1_C' with ClassGeneratedBy '/Game/SideScrollerBP/Maps/Level1.Level1:PersistentLevel.Level1'
[2018.04.30-17.55.42:256][773]LogBlueprintUserMessages: Late EndPlayMap Detection: Level '/Game/SideScrollerBP/Maps/Level1.Level1:PersistentLevel' has LevelScriptBlueprint '/Game/SideScrollerBP/Maps/Level1.Level1:PersistentLevel.Level1' with GeneratedClass '/Game/SideScrollerBP/Maps/Level1.Level1_C' with ClassGeneratedBy '/Game/SideScrollerBP/Maps/Level1.Level1:PersistentLevel.Level1'
[2018.04.30-17.55.44:177][828]LogSlate: FSceneViewport::OnFocusLost() reason 0
[2018.04.30-17.55.44:442][832]LogTemp: Repeating last play command: Selected Viewport
[2018.04.30-17.55.44:485][832]LogBlueprintUserMessages: Early PlayInEditor Detection: Level '/Game/SideScrollerBP/Maps/Level1.Level1:PersistentLevel' has LevelScriptBlueprint '/Game/SideScrollerBP/Maps/Level1.Level1:PersistentLevel.Level1' with GeneratedClass '/Game/SideScrollerBP/Maps/Level1.Level1_C' with ClassGeneratedBy '/Game/SideScrollerBP/Maps/Level1.Level1:PersistentLevel.Level1'
[2018.04.30-17.55.44:485][832]LogPlayLevel: PlayLevel: No blueprints needed recompiling
[2018.04.30-17.55.44:485][832]PIE: New page: PIE session: Level1 (30 apr. 2018, 23:55:44)
[2018.04.30-17.55.44:485][832]LogPlayLevel: Creating play world package: /Game/SideScrollerBP/Maps/UEDPIE_0_Level1
[2018.04.30-17.55.44:489][832]LogPlayLevel: PIE: StaticDuplicateObject took: (0.004060s)
[2018.04.30-17.55.44:490][832]LogAIModule: Creating AISystem for world Level1
[2018.04.30-17.55.44:490][832]LogPlayLevel: PIE: World Init took: (0.000553s)
[2018.04.30-17.55.44:490][832]LogPlayLevel: PIE: Created PIE world by copying editor world from /Game/SideScrollerBP/Maps/Level1.Level1 to /Game/SideScrollerBP/Maps/UEDPIE_0_Level1.Level1 (0.004740s)
[2018.04.30-17.55.44:509][832]LogInit: XAudio2 using 'Speakers (Realtek High Definition Audio)' : 2 channels at 48 kHz using 32 bits per sample (channel mask 0x3)
[2018.04.30-17.55.44:537][832]LogInit: FAudioDevice initialized.
[2018.04.30-17.55.44:574][832]LogLoad: Game class is 'MainMenuMode_C'
[2018.04.30-17.55.44:576][832]LogWorld: Bringing World /Game/SideScrollerBP/Maps/UEDPIE_0_Level1.Level1 up for play (max tick rate 60) at 2018.04.30-20.55.44
[2018.04.30-17.55.44:577][832]LogWorld: Bringing up level for play took: 0.002136
[2018.04.30-17.55.44:578][832]PIE: Play in editor start time for /Game/SideScrollerBP/Maps/UEDPIE_0_Level1 0,082
[2018.04.30-17.55.44:579][832]LogBlueprintUserMessages: Late PlayInEditor Detection: Level '/Game/SideScrollerBP/Maps/Level1.Level1:PersistentLevel' has LevelScriptBlueprint '/Game/SideScrollerBP/Maps/Level1.Level1:PersistentLevel.Level1' with GeneratedClass '/Game/SideScrollerBP/Maps/Level1.Level1_C' with ClassGeneratedBy '/Game/SideScrollerBP/Maps/Level1.Level1:PersistentLevel.Level1'
[2018.04.30-17.55.53:349][ 94]LogBlueprintUserMessages: Early EndPlayMap Detection: Level '/Game/SideScrollerBP/Maps/Level1.Level1:PersistentLevel' has LevelScriptBlueprint '/Game/SideScrollerBP/Maps/Level1.Level1:PersistentLevel.Level1' with GeneratedClass '/Game/SideScrollerBP/Maps/Level1.Level1_C' with ClassGeneratedBy '/Game/SideScrollerBP/Maps/Level1.Level1:PersistentLevel.Level1'
[2018.04.30-17.55.53:413][ 94]LogBlueprintUserMessages: Late EndPlayMap Detection: Level '/Game/SideScrollerBP/Maps/Level1.Level1:PersistentLevel' has LevelScriptBlueprint '/Game/SideScrollerBP/Maps/Level1.Level1:PersistentLevel.Level1' with GeneratedClass '/Game/SideScrollerBP/Maps/Level1.Level1_C' with ClassGeneratedBy '/Game/SideScrollerBP/Maps/Level1.Level1:PersistentLevel.Level1'
[2018.04.30-17.55.57:142][188]LogSlate: FSceneViewport::OnFocusLost() reason 2
[2018.04.30-17.55.59:589][217]LogSlate: FSceneViewport::OnFocusLost() reason 2
[2018.04.30-17.55.59:905][217]LogSavePackage: Save=92.24ms
[2018.04.30-17.55.59:905][217]LogSavePackage: Moving '../../../../../../Users/Samy/Documents/GitHub/Game-2D-Color-Rush/Saved/Level128C572C6437D386DEDCFDC9DB0E7D5C1.tmp' to '../../../../../../Users/Samy/Documents/GitHub/Game-2D-Color-Rush/Content/SideScrollerBP/Maps/Level1.umap'
[2018.04.30-17.55.59:908][217]LogSavePackage: Display: Finished SavePackage ../../../../../../Users/Samy/Documents/GitHub/Game-2D-Color-Rush/Content/SideScrollerBP/Maps/Level1.umap
[2018.04.30-17.55.59:945][217]LogFileHelpers: Saving map 'Level1' took 0.209
[2018.04.30-17.56.01:643][267]LogSlate: FSceneViewport::OnFocusLost() reason 0
